Release 14.7 - xst P.20131013 (nt64)
Copyright (c) 1995-2013 Xilinx, Inc.  All rights reserved.
--> Parameter TMPDIR set to xst/projnav.tmp


Total REAL time to Xst completion: 0.00 secs
Total CPU time to Xst completion: 0.13 secs
 
--> Parameter xsthdpdir set to xst


Total REAL time to Xst completion: 0.00 secs
Total CPU time to Xst completion: 0.13 secs
 
--> Reading design: lab9_exp3_YOGI.prj

TABLE OF CONTENTS
  1) Synthesis Options Summary
  2) HDL Compilation
  3) Design Hierarchy Analysis
  4) HDL Analysis
  5) HDL Synthesis
     5.1) HDL Synthesis Report
  6) Advanced HDL Synthesis
     6.1) Advanced HDL Synthesis Report
  7) Low Level Synthesis
  8) Partition Report
  9) Final Report
	9.1) Device utilization summary
	9.2) Partition Resource Summary
	9.3) TIMING REPORT


=========================================================================
*                      Synthesis Options Summary                        *
=========================================================================
---- Source Parameters
Input File Name                    : "lab9_exp3_YOGI.prj"
Input Format                       : mixed
Ignore Synthesis Constraint File   : NO

---- Target Parameters
Output File Name                   : "lab9_exp3_YOGI"
Output Format                      : NGC
Target Device                      : xc3s100e-4-cp132

---- Source Options
Top Module Name                    : lab9_exp3_YOGI
Automatic FSM Extraction           : YES
FSM Encoding Algorithm             : Auto
Safe Implementation                : No
FSM Style                          : LUT
RAM Extraction                     : Yes
RAM Style                          : Auto
ROM Extraction                     : Yes
Mux Style                          : Auto
Decoder Extraction                 : YES
Priority Encoder Extraction        : Yes
Shift Register Extraction          : YES
Logical Shifter Extraction         : YES
XOR Collapsing                     : YES
ROM Style                          : Auto
Mux Extraction                     : Yes
Resource Sharing                   : YES
Asynchronous To Synchronous        : NO
Multiplier Style                   : Auto
Automatic Register Balancing       : No

---- Target Options
Add IO Buffers                     : YES
Global Maximum Fanout              : 100000
Add Generic Clock Buffer(BUFG)     : 24
Register Duplication               : YES
Slice Packing                      : YES
Optimize Instantiated Primitives   : NO
Use Clock Enable                   : Yes
Use Synchronous Set                : Yes
Use Synchronous Reset              : Yes
Pack IO Registers into IOBs        : Auto
Equivalent register Removal        : YES

---- General Options
Optimization Goal                  : Speed
Optimization Effort                : 1
Keep Hierarchy                     : No
Netlist Hierarchy                  : As_Optimized
RTL Output                         : Yes
Global Optimization                : AllClockNets
Read Cores                         : YES
Write Timing Constraints           : NO
Cross Clock Analysis               : NO
Hierarchy Separator                : /
Bus Delimiter                      : <>
Case Specifier                     : Maintain
Slice Utilization Ratio            : 100
BRAM Utilization Ratio             : 100
Verilog 2001                       : YES
Auto BRAM Packing                  : NO
Slice Utilization Ratio Delta      : 5

=========================================================================


=========================================================================
*                          HDL Compilation                              *
=========================================================================
Compiling vhdl file "C:/Users/James/Documents/Xlink_projects/lab9_projects/lab9_experiment3/lab9_exp3_YOGI.vhf" in Library work.
Entity <FJKCE_MXILINX_lab9_exp3_YOGI> compiled.
Entity <FJKCE_MXILINX_lab9_exp3_YOGI> (Architecture <BEHAVIORAL>) compiled.
Entity <lab9_exp3_YOGI> compiled.
Entity <lab9_exp3_YOGI> (Architecture <BEHAVIORAL>) compiled.

=========================================================================
*                     Design Hierarchy Analysis                         *
=========================================================================
Analyzing hierarchy for entity <lab9_exp3_YOGI> in library <work> (architecture <BEHAVIORAL>).

Analyzing hierarchy for entity <FJKCE_MXILINX_lab9_exp3_YOGI> in library <work> (architecture <BEHAVIORAL>) with generics.
	INIT = '0'


=========================================================================
*                            HDL Analysis                               *
=========================================================================
Analyzing Entity <lab9_exp3_YOGI> in library <work> (Architecture <BEHAVIORAL>).
    Set user-defined property "HU_SET =  XLXI_187_0" for instance <XLXI_187> in unit <lab9_exp3_YOGI>.
    Set user-defined property "HU_SET =  XLXI_188_1" for instance <XLXI_188> in unit <lab9_exp3_YOGI>.
Entity <lab9_exp3_YOGI> analyzed. Unit <lab9_exp3_YOGI> generated.

Analyzing generic Entity <FJKCE_MXILINX_lab9_exp3_YOGI> in library <work> (Architecture <BEHAVIORAL>).
	INIT = '0'
    Set user-defined property "INIT =  0" for instance <I_36_32> in unit <FJKCE_MXILINX_lab9_exp3_YOGI>.
    Set user-defined property "RLOC =  X0Y0" for instance <I_36_32> in unit <FJKCE_MXILINX_lab9_exp3_YOGI>.
Entity <FJKCE_MXILINX_lab9_exp3_YOGI> analyzed. Unit <FJKCE_MXILINX_lab9_exp3_YOGI> generated.


=========================================================================
*                           HDL Synthesis                               *
=========================================================================

Performing bidirectional port resolution...

Synthesizing Unit <FJKCE_MXILINX_lab9_exp3_YOGI>.
    Related source file is "C:/Users/James/Documents/Xlink_projects/lab9_projects/lab9_experiment3/lab9_exp3_YOGI.vhf".
Unit <FJKCE_MXILINX_lab9_exp3_YOGI> synthesized.


Synthesizing Unit <lab9_exp3_YOGI>.
    Related source file is "C:/Users/James/Documents/Xlink_projects/lab9_projects/lab9_experiment3/lab9_exp3_YOGI.vhf".
WARNING:Xst:653 - Signal <XLXI_188_CLR_openSignal> is used but never assigned. This sourceless signal will be automatically connected to value 0.
WARNING:Xst:653 - Signal <XLXI_187_CLR_openSignal> is used but never assigned. This sourceless signal will be automatically connected to value 0.
Unit <lab9_exp3_YOGI> synthesized.


=========================================================================
HDL Synthesis Report

Found no macro
=========================================================================

=========================================================================
*                       Advanced HDL Synthesis                          *
=========================================================================


=========================================================================
Advanced HDL Synthesis Report

Macro Statistics
# Registers                                            : 2
 Flip-Flops                                            : 2

=========================================================================

=========================================================================
*                         Low Level Synthesis                           *
=========================================================================

Optimizing unit <lab9_exp3_YOGI> ...

Optimizing unit <FJKCE_MXILINX_lab9_exp3_YOGI> ...

Mapping all equations...
Building and optimizing final netlist ...
Found area constraint ratio of 100 (+ 5) on block lab9_exp3_YOGI, actual ratio is 0.

Final Macro Processing ...

=========================================================================
Final Register Report

Macro Statistics
# Registers                                            : 2
 Flip-Flops                                            : 2

=========================================================================

=========================================================================
*                           Partition Report                            *
=========================================================================

Partition Implementation Status
-------------------------------

  No Partitions were found in this design.

-------------------------------

=========================================================================
*                            Final Report                               *
=========================================================================
Final Results
RTL Top Level Output File Name     : lab9_exp3_YOGI.ngr
Top Level Output File Name         : lab9_exp3_YOGI
Output Format                      : NGC
Optimization Goal                  : Speed
Keep Hierarchy                     : No

Design Statistics
# IOs                              : 10

Cell Usage :
# BELS                             : 15
#      AND2                        : 1
#      AND2B1                      : 4
#      AND3B1                      : 2
#      AND3B2                      : 2
#      AND4B2                      : 1
#      GND                         : 1
#      OR2                         : 2
#      OR3                         : 2
# FlipFlops/Latches                : 2
#      FDCE                        : 2
# IO Buffers                       : 10
#      IBUF                        : 8
#      OBUF                        : 2
# Others                           : 2
#      PULLUP                      : 2
=========================================================================

Device utilization summary:
---------------------------

Selected Device : 3s100ecp132-4 

 Number of Slices:                        1  out of    960     0%  
 Number of Slice Flip Flops:              2  out of   1920     0%  
 Number of IOs:                          10
 Number of bonded IOBs:                  10  out of     83    12%  

---------------------------
Partition Resource Summary:
---------------------------

  No Partitions were found in this design.

---------------------------


=========================================================================
TIMING REPORT

NOTE: THESE TIMING NUMBERS ARE ONLY A SYNTHESIS ESTIMATE.
      FOR ACCURATE TIMING INFORMATION PLEASE REFER TO THE TRACE REPORT
      GENERATED AFTER PLACE-and-ROUTE.

Clock Information:
------------------
-----------------------------------+--------------------------+-------+
Clock Signal                       | Clock buffer(FF name)    | Load  |
-----------------------------------+--------------------------+-------+
XLXN_686(XLXI_192:O)               | NONE(*)(XLXI_188/I_36_32)| 1     |
XLXN_680(XLXI_189:O)               | NONE(*)(XLXI_187/I_36_32)| 1     |
-----------------------------------+--------------------------+-------+
(*) These 2 clock signal(s) are generated by combinatorial logic,
and XST is not able to identify which are the primary clock signals.
Please use the CLOCK_SIGNAL constraint to specify the clock signal(s) generated by combinatorial logic.
INFO:Xst:2169 - HDL ADVISOR - Some clock signals were not automatically buffered by XST with BUFG/BUFR resources. Please use the buffer_type constraint in order to insert these buffers to the clock signals to help prevent skew problems.

Asynchronous Control Signals Information:
----------------------------------------
-----------------------------------+------------------------+-------+
Control Signal                     | Buffer(FF name)        | Load  |
-----------------------------------+------------------------+-------+
N0(XST_GND:G)                      | NONE(XLXI_187/I_36_32) | 2     |
-----------------------------------+------------------------+-------+

Timing Summary:
---------------
Speed Grade: -4

   Minimum period: 3.734ns (Maximum Frequency: 267.809MHz)
   Minimum input arrival time before clock: 3.317ns
   Maximum output required time after clock: 4.450ns
   Maximum combinational path delay: No path found

Timing Detail:
--------------
All values displayed in nanoseconds (ns)

=========================================================================
Timing constraint: Default period analysis for Clock 'XLXN_686'
  Clock period: 3.678ns (frequency: 271.887MHz)
  Total number of paths / destination ports: 2 / 1
-------------------------------------------------------------------------
Delay:               3.678ns (Levels of Logic = 2)
  Source:            XLXI_188/I_36_32 (FF)
  Destination:       XLXI_188/I_36_32 (FF)
  Source Clock:      XLXN_686 rising
  Destination Clock: XLXN_686 rising

  Data Path: XLXI_188/I_36_32 to XLXI_188/I_36_32
                                Gate     Net
    Cell:in->out      fanout   Delay   Delay  Logical Name (Net Name)
    ----------------------------------------  ------------
     FDCE:C->Q             3   0.591   0.531  I_36_32 (Q)
     AND3B2:I2->O          1   0.704   0.420  I_36_37 (A0)
     OR3:I2->O             1   0.704   0.420  I_36_41 (AD)
     FDCE:D                    0.308          I_36_32
    ----------------------------------------
    Total                      3.678ns (2.307ns logic, 1.371ns route)
                                       (62.7% logic, 37.3% route)

=========================================================================
Timing constraint: Default period analysis for Clock 'XLXN_680'
  Clock period: 3.734ns (frequency: 267.809MHz)
  Total number of paths / destination ports: 2 / 1
-------------------------------------------------------------------------
Delay:               3.734ns (Levels of Logic = 2)
  Source:            XLXI_187/I_36_32 (FF)
  Destination:       XLXI_187/I_36_32 (FF)
  Source Clock:      XLXN_680 rising
  Destination Clock: XLXN_680 rising

  Data Path: XLXI_187/I_36_32 to XLXI_187/I_36_32
                                Gate     Net
    Cell:in->out      fanout   Delay   Delay  Logical Name (Net Name)
    ----------------------------------------  ------------
     FDCE:C->Q             4   0.591   0.587  I_36_32 (Q)
     AND3B2:I2->O          1   0.704   0.420  I_36_37 (A0)
     OR3:I2->O             1   0.704   0.420  I_36_41 (AD)
     FDCE:D                    0.308          I_36_32
    ----------------------------------------
    Total                      3.734ns (2.307ns logic, 1.427ns route)
                                       (61.8% logic, 38.2% route)

=========================================================================
Timing constraint: Default OFFSET IN BEFORE for Clock 'XLXN_680'
  Total number of paths / destination ports: 4 / 1
-------------------------------------------------------------------------
Offset:              3.317ns (Levels of Logic = 3)
  Source:            Q3 (PAD)
  Destination:       XLXI_187/I_36_32 (FF)
  Destination Clock: XLXN_680 rising

  Data Path: Q3 to XLXI_187/I_36_32
                                Gate     Net
    Cell:in->out      fanout   Delay   Delay  Logical Name (Net Name)
    ----------------------------------------  ------------
     IBUF:I->O             1   1.218   0.420  Q3_IBUF (Q3_IBUF)
     AND4B2:I0->O          1   0.704   0.420  XLXI_194 (XLXN_691)
     begin scope: 'XLXI_187'
     FDCE:CE                   0.555          I_36_32
    ----------------------------------------
    Total                      3.317ns (2.477ns logic, 0.840ns route)
                                       (74.7% logic, 25.3% route)

=========================================================================
Timing constraint: Default OFFSET OUT AFTER for Clock 'XLXN_680'
  Total number of paths / destination ports: 1 / 1
-------------------------------------------------------------------------
Offset:              4.450ns (Levels of Logic = 2)
  Source:            XLXI_187/I_36_32 (FF)
  Destination:       D0 (PAD)
  Source Clock:      XLXN_680 rising

  Data Path: XLXI_187/I_36_32 to D0
                                Gate     Net
    Cell:in->out      fanout   Delay   Delay  Logical Name (Net Name)
    ----------------------------------------  ------------
     FDCE:C->Q             4   0.591   0.587  I_36_32 (Q)
     end scope: 'XLXI_187'
     OBUF:I->O                 3.272          D0_OBUF (D0)
    ----------------------------------------
    Total                      4.450ns (3.863ns logic, 0.587ns route)
                                       (86.8% logic, 13.2% route)

=========================================================================
Timing constraint: Default OFFSET OUT AFTER for Clock 'XLXN_686'
  Total number of paths / destination ports: 1 / 1
-------------------------------------------------------------------------
Offset:              4.394ns (Levels of Logic = 2)
  Source:            XLXI_188/I_36_32 (FF)
  Destination:       D1 (PAD)
  Source Clock:      XLXN_686 rising

  Data Path: XLXI_188/I_36_32 to D1
                                Gate     Net
    Cell:in->out      fanout   Delay   Delay  Logical Name (Net Name)
    ----------------------------------------  ------------
     FDCE:C->Q             3   0.591   0.531  I_36_32 (Q)
     end scope: 'XLXI_188'
     OBUF:I->O                 3.272          D1_OBUF (D1)
    ----------------------------------------
    Total                      4.394ns (3.863ns logic, 0.531ns route)
                                       (87.9% logic, 12.1% route)

=========================================================================


Total REAL time to Xst completion: 5.00 secs
Total CPU time to Xst completion: 5.70 secs
 
--> 

Total memory usage is 361352 kilobytes

Number of errors   :    0 (   0 filtered)
Number of warnings :    2 (   0 filtered)
Number of infos    :    1 (   0 filtered)

