#-----------------------------------------------------------
# PlanAhead v14.7
# Build 321239 by xbuild on Fri Sep 27 19:31:35 MDT 2013
# Start of session at: Sat May 12 20:18:05 2018
# Process ID: 2260
# Log file: C:/Users/James/Desktop/Github/School/Phys301/lab_final/lab_final/planAhead_run_4/planAhead.log
# Journal file: C:/Users/James/Desktop/Github/School/Phys301/lab_final/lab_final/planAhead_run_4/planAhead.jou
#-----------------------------------------------------------
INFO: [Common 17-78] Attempting to get a license: PlanAhead
INFO: [Common 17-290] Got license for PlanAhead
INFO: [Common 17-86] Your PlanAhead license expires in -1654 day(s)
INFO: [Device 21-36] Loading parts and site information from C:/Xilinx/14.7/ISE_DS/PlanAhead/data/parts/arch.xml
Parsing RTL primitives file [C:/Xilinx/14.7/ISE_DS/PlanAhead/data/parts/xilinx/rtl/prims/rtl_prims.xml]
Finished parsing RTL primitives file [C:/Xilinx/14.7/ISE_DS/PlanAhead/data/parts/xilinx/rtl/prims/rtl_prims.xml]
start_gui
source C:/Users/James/Desktop/Github/School/Phys301/lab_final/lab_final/pa.fromNetlist.tcl
# create_project -name lab_final -dir "C:/Users/James/Desktop/Github/School/Phys301/lab_final/lab_final/planAhead_run_5" -part xc3s100ecp132-4
# set_property design_mode GateLvl [get_property srcset [current_run -impl]]
# set_property edif_top_file "C:/Users/James/Desktop/Github/School/Phys301/lab_final/lab_final/test_FullAdder.ngc" [ get_property srcset [ current_run ] ]
# add_files -norecurse { {C:/Users/James/Desktop/Github/School/Phys301/lab_final/lab_final} }
# set_property target_constrs_file "test_FullAdder.ucf" [current_fileset -constrset]
Adding file 'C:/Users/James/Desktop/Github/School/Phys301/lab_final/lab_final/test_FullAdder.ucf' to fileset 'constrs_1'
# add_files [list {test_FullAdder.ucf}] -fileset [get_property constrset [current_run]]
# link_design
Design is defaulting to srcset: sources_1
Design is defaulting to constrset: constrs_1
Design is defaulting to project part: xc3s100ecp132-4
Release 14.7 - ngc2edif P.20131013 (nt)
Copyright (c) 1995-2013 Xilinx, Inc.  All rights reserved.

Release 14.7 - ngc2edif P.20131013 (nt)
Copyright (c) 1995-2013 Xilinx, Inc.  All rights reserved.
Reading design test_FullAdder.ngc ...
WARNING:NetListWriters:298 - No output is written to test_FullAdder.xncf,
   ignored.
Processing design ...
   Preping design's networks ...
   Preping design's macros ...
WARNING:NetListWriters:306 - Signal bus
   XLXI_142/XLXI_28/Mcompar_cnt10k_cmp_ge0000_lut<10 : 1> on block
   test_FullAdder is not reconstructed, because there are some missing bus
   signals.
WARNING:NetListWriters:306 - Signal bus
   XLXI_158/XLXI_41/Mcompar_cnt10k_cmp_ge0000_lut<10 : 1> on block
   test_FullAdder is not reconstructed, because there are some missing bus
   signals.
  finished :Prep
Writing EDIF netlist file test_FullAdder.edif ...
ngc2edif: Total memory usage is 116916 kilobytes

Parsing EDIF File [./planAhead_run_5/lab_final.data/cache/test_FullAdder_ngc_zx.edif]
Finished Parsing EDIF File [./planAhead_run_5/lab_final.data/cache/test_FullAdder_ngc_zx.edif]
INFO: [Designutils 20-910] Reading macro library C:/Xilinx/14.7/ISE_DS/PlanAhead/data\./parts/xilinx/spartan3e/spartan3e/hd_int_macros.edn
Parsing EDIF File [C:/Xilinx/14.7/ISE_DS/PlanAhead/data\./parts/xilinx/spartan3e/spartan3e/hd_int_macros.edn]
Finished Parsing EDIF File [C:/Xilinx/14.7/ISE_DS/PlanAhead/data\./parts/xilinx/spartan3e/spartan3e/hd_int_macros.edn]
WARNING: [Netlist 29-43] Netlist 'test_FullAdder' is not ideal for floorplanning, since the cellview 'test_FullAdder' defined in file 'test_FullAdder.ngc' contains large number of primitives.  Please consider enabling hierarchy in synthesis if you want to do floorplanning.
Loading clock regions from C:/Xilinx/14.7/ISE_DS/PlanAhead/data\parts/xilinx/spartan3e/spartan3e/xc3s100e/ClockRegion.xml
Loading clock buffers from C:/Xilinx/14.7/ISE_DS/PlanAhead/data\parts/xilinx/spartan3e/spartan3e/xc3s100e/ClockBuffers.xml
Loading package from C:/Xilinx/14.7/ISE_DS/PlanAhead/data\parts/xilinx/spartan3e/spartan3e/xc3s100e/cp132/Package.xml
Loading io standards from C:/Xilinx/14.7/ISE_DS/PlanAhead/data\./parts/xilinx/spartan3e/IOStandards.xml
INFO: [Device 21-19] Loading pkg sso from C:/Xilinx/14.7/ISE_DS/PlanAhead/data\parts/xilinx/spartan3e/spartan3e/xc3s100e/cp132/SSORules.xml
Loading list of drcs for the architecture : C:/Xilinx/14.7/ISE_DS/PlanAhead/data\./parts/xilinx/spartan3e/spartan3e/drc.xml
INFO: [Timing 38-77] Reading timing library C:/Xilinx/14.7/ISE_DS/PlanAhead/data\parts/xilinx/spartan3e/spartan3e/spartan3e-4.lib.
INFO: [Timing 38-34] Done reading timing library C:/Xilinx/14.7/ISE_DS/PlanAhead/data\parts/xilinx/spartan3e/spartan3e/spartan3e-4.lib.
Parsing UCF File [C:/Users/James/Desktop/Github/School/Phys301/lab_final/lab_final/test_FullAdder.ucf]
Finished Parsing UCF File [C:/Users/James/Desktop/Github/School/Phys301/lab_final/lab_final/test_FullAdder.ucf]
INFO: [Project 1-111] Unisim Transformation Summary:
No Unisim elements were transformed.

Phase 0 | Netlist Checksum: d4b3aefb
link_design: Time (s): elapsed = 00:00:12 . Memory (MB): peak = 518.672 ; gain = 134.918
exit
ERROR: [PlanAhead 12-106] *** Exception: ui.h.b: Found deleted key in HTclEventBroker. Verify if the classes listed here call cleanup()
HTclEvent: SIGNAL_MODIFY   Classes: ui.views.aR 
HTclEvent: DEBUG_CORE_CONFIG_CHANGE   Classes: ui.views.aR 
HTclEvent: DEBUG_PORT_CONFIG_CHANGE   Classes: ui.views.aR 
HTclEvent: SIGNAL_BUS_MODIFY   Classes: ui.views.aR 
 (See C:/Users/James/Desktop/Github/School/Phys301/lab_final/lab_final\planAhead_pid2260.debug)
ERROR: [Common 17-39] 'stop_gui' failed due to earlier errors.
INFO: [Common 17-206] Exiting PlanAhead at Sat May 12 20:18:42 2018...
INFO: [Common 17-83] Releasing license: PlanAhead
