#-----------------------------------------------------------
# PlanAhead v14.7
# Build 321239 by xbuild on Fri Sep 27 19:31:35 MDT 2013
# Start of session at: Thu Mar 29 11:14:22 2018
# Process ID: 10776
# Log file: C:/Users/James/Documents/Xlink_projects/lab8_projects/lab8_experiment5/planAhead_run_1/planAhead.log
# Journal file: C:/Users/James/Documents/Xlink_projects/lab8_projects/lab8_experiment5/planAhead_run_1/planAhead.jou
#-----------------------------------------------------------
INFO: [Common 17-78] Attempting to get a license: PlanAhead
INFO: [Common 17-290] Got license for PlanAhead
INFO: [Common 17-86] Your PlanAhead license expires in -1610 day(s)
INFO: [Device 21-36] Loading parts and site information from C:/Xilinx/14.7/ISE_DS/PlanAhead/data/parts/arch.xml
Parsing RTL primitives file [C:/Xilinx/14.7/ISE_DS/PlanAhead/data/parts/xilinx/rtl/prims/rtl_prims.xml]
Finished parsing RTL primitives file [C:/Xilinx/14.7/ISE_DS/PlanAhead/data/parts/xilinx/rtl/prims/rtl_prims.xml]
start_gui
source C:/Users/James/Documents/Xlink_projects/lab8_projects/lab8_experiment5/pa.fromHdl.tcl
# create_project -name lab8_experiment5 -dir "C:/Users/James/Documents/Xlink_projects/lab8_projects/lab8_experiment5/planAhead_run_1" -part xc3s100ecp132-4
# set_param project.pinAheadLayout yes
# set srcset [get_property srcset [current_run -impl]]
# set_property target_constrs_file "C:/Users/James/Documents/Xlink_projects/lab8_projects/lab8_experiment4/lab8_experiment4.ucf" [current_fileset -constrset]
Adding file 'C:/Users/James/Documents/Xlink_projects/lab8_projects/lab8_experiment4/lab8_experiment4.ucf' to fileset 'constrs_1'
# set hdlfile [add_files [list {../../swag/DCM_50M.vhd}]]
# set_property file_type VHDL $hdlfile
# set_property library work $hdlfile
# set hdlfile [add_files [list {lab8_experiment5.vhf}]]
# set_property file_type VHDL $hdlfile
# set_property library work $hdlfile
# set_property top lab8_experiment5 $srcset
# add_files [list {C:/Users/James/Documents/Xlink_projects/lab8_projects/lab8_experiment4/lab8_experiment4.ucf}] -fileset [get_property constrset [current_run]]
# open_rtl_design -part xc3s100ecp132-4
Using Verific elaboration
Parsing VHDL file "C:/Xilinx/14.7/ISE_DS/PlanAhead/data/parts/xilinx/rtl/lib/synplify/synattr.vhd" into library synplify
Parsing VHDL file "C:/Xilinx/14.7/ISE_DS/PlanAhead/data/parts/xilinx/rtl/lib/synplify/synattr.vhd" into library synplify
Parsing VHDL file "C:/Users/James/Documents/Xlink_projects/swag/DCM_50M.vhd" into library work
Parsing VHDL file "C:/Users/James/Documents/Xlink_projects/lab8_projects/lab8_experiment5/lab8_experiment5.vhf" into library work
INFO: [Designutils 20-910] Reading macro library C:/Xilinx/14.7/ISE_DS/PlanAhead/data\./parts/xilinx/spartan3e/spartan3e/hd_int_macros.edn
Parsing EDIF File [C:/Xilinx/14.7/ISE_DS/PlanAhead/data\./parts/xilinx/spartan3e/spartan3e/hd_int_macros.edn]
Finished Parsing EDIF File [C:/Xilinx/14.7/ISE_DS/PlanAhead/data\./parts/xilinx/spartan3e/spartan3e/hd_int_macros.edn]
Loading clock regions from C:/Xilinx/14.7/ISE_DS/PlanAhead/data\parts/xilinx/spartan3e/spartan3e/xc3s100e/ClockRegion.xml
Loading clock buffers from C:/Xilinx/14.7/ISE_DS/PlanAhead/data\parts/xilinx/spartan3e/spartan3e/xc3s100e/ClockBuffers.xml
Loading package from C:/Xilinx/14.7/ISE_DS/PlanAhead/data\parts/xilinx/spartan3e/spartan3e/xc3s100e/cp132/Package.xml
Loading io standards from C:/Xilinx/14.7/ISE_DS/PlanAhead/data\./parts/xilinx/spartan3e/IOStandards.xml
INFO: [Device 21-19] Loading pkg sso from C:/Xilinx/14.7/ISE_DS/PlanAhead/data\parts/xilinx/spartan3e/spartan3e/xc3s100e/cp132/SSORules.xml
Loading list of drcs for the architecture : C:/Xilinx/14.7/ISE_DS/PlanAhead/data\./parts/xilinx/spartan3e/spartan3e/drc.xml
INFO: [Timing 38-77] Reading timing library C:/Xilinx/14.7/ISE_DS/PlanAhead/data\parts/xilinx/spartan3e/spartan3e/spartan3e-4.lib.
INFO: [Timing 38-34] Done reading timing library C:/Xilinx/14.7/ISE_DS/PlanAhead/data\parts/xilinx/spartan3e/spartan3e/spartan3e-4.lib.
Parsing UCF File [C:/Users/James/Documents/Xlink_projects/lab8_projects/lab8_experiment4/lab8_experiment4.ucf]
CRITICAL WARNING: [Constraints 18-11] Could not find net or pin 'DCLK' [C:/Users/James/Documents/Xlink_projects/lab8_projects/lab8_experiment4/lab8_experiment4.ucf:5]
CRITICAL WARNING: [Constraints 18-11] Could not find net or pin 'Reset' [C:/Users/James/Documents/Xlink_projects/lab8_projects/lab8_experiment4/lab8_experiment4.ucf:7]
CRITICAL WARNING: [Constraints 18-11] Could not find net or pin 'anO[3]' [C:/Users/James/Documents/Xlink_projects/lab8_projects/lab8_experiment4/lab8_experiment4.ucf:26]
CRITICAL WARNING: [Constraints 18-11] Could not find net or pin 'anO[2]' [C:/Users/James/Documents/Xlink_projects/lab8_projects/lab8_experiment4/lab8_experiment4.ucf:27]
CRITICAL WARNING: [Constraints 18-11] Could not find net or pin 'anO[1]' [C:/Users/James/Documents/Xlink_projects/lab8_projects/lab8_experiment4/lab8_experiment4.ucf:28]
CRITICAL WARNING: [Constraints 18-11] Could not find net or pin 'anO[0]' [C:/Users/James/Documents/Xlink_projects/lab8_projects/lab8_experiment4/lab8_experiment4.ucf:29]
CRITICAL WARNING: [Constraints 18-11] Could not find net or pin 'sseg[0]' [C:/Users/James/Documents/Xlink_projects/lab8_projects/lab8_experiment4/lab8_experiment4.ucf:36]
CRITICAL WARNING: [Constraints 18-11] Could not find net or pin 'sseg[1]' [C:/Users/James/Documents/Xlink_projects/lab8_projects/lab8_experiment4/lab8_experiment4.ucf:37]
CRITICAL WARNING: [Constraints 18-11] Could not find net or pin 'sseg[2]' [C:/Users/James/Documents/Xlink_projects/lab8_projects/lab8_experiment4/lab8_experiment4.ucf:38]
CRITICAL WARNING: [Constraints 18-11] Could not find net or pin 'sseg[3]' [C:/Users/James/Documents/Xlink_projects/lab8_projects/lab8_experiment4/lab8_experiment4.ucf:39]
CRITICAL WARNING: [Constraints 18-11] Could not find net or pin 'sseg[4]' [C:/Users/James/Documents/Xlink_projects/lab8_projects/lab8_experiment4/lab8_experiment4.ucf:40]
CRITICAL WARNING: [Constraints 18-11] Could not find net or pin 'sseg[5]' [C:/Users/James/Documents/Xlink_projects/lab8_projects/lab8_experiment4/lab8_experiment4.ucf:41]
CRITICAL WARNING: [Constraints 18-11] Could not find net or pin 'sseg[6]' [C:/Users/James/Documents/Xlink_projects/lab8_projects/lab8_experiment4/lab8_experiment4.ucf:42]
CRITICAL WARNING: [Constraints 18-11] Could not find net or pin 'sseg[7]' [C:/Users/James/Documents/Xlink_projects/lab8_projects/lab8_experiment4/lab8_experiment4.ucf:43]
Finished Parsing UCF File [C:/Users/James/Documents/Xlink_projects/lab8_projects/lab8_experiment4/lab8_experiment4.ucf]
INFO: [Designutils 20-20] Invalid constraints found, use command 'write_ucf -constraints invalid <file>' to save all the invalid constraints to a file
INFO: [Project 1-111] Unisim Transformation Summary:
No Unisim elements were transformed.

Phase 0 | Netlist Checksum: 4639252d
open_rtl_design: Time (s): elapsed = 00:00:09 . Memory (MB): peak = 456.559 ; gain = 85.066
update_compile_order -fileset sim_1
exit
ERROR: [PlanAhead 12-106] *** Exception: ui.h.b: Found deleted key in HTclEventBroker. Verify if the classes listed here call cleanup()
HTclEvent: DEBUG_PORT_CONFIG_CHANGE   Classes: ui.views.aR 
HTclEvent: DEBUG_CORE_CONFIG_CHANGE   Classes: ui.views.aR 
HTclEvent: SIGNAL_MODIFY   Classes: ui.views.aR 
HTclEvent: SIGNAL_BUS_MODIFY   Classes: ui.views.aR 
 (See C:/Users/James/Documents/Xlink_projects/lab8_projects/lab8_experiment5\planAhead_pid10776.debug)
ERROR: [Common 17-39] 'stop_gui' failed due to earlier errors.
INFO: [Common 17-206] Exiting PlanAhead at Thu Mar 29 11:17:13 2018...
INFO: [Common 17-83] Releasing license: PlanAhead
