#-----------------------------------------------------------
# PlanAhead v14.7
# Build 321239 by xbuild on Fri Sep 27 19:31:35 MDT 2013
# Start of session at: Thu Apr 12 00:05:57 2018
# Process ID: 5896
# Log file: C:/Users/James/Documents/Xlink_projects/lab9_projects/lab9_experiment2/planAhead_run_1/planAhead.log
# Journal file: C:/Users/James/Documents/Xlink_projects/lab9_projects/lab9_experiment2/planAhead_run_1/planAhead.jou
#-----------------------------------------------------------
INFO: [Common 17-78] Attempting to get a license: PlanAhead
INFO: [Common 17-290] Got license for PlanAhead
INFO: [Common 17-86] Your PlanAhead license expires in -1624 day(s)
INFO: [Device 21-36] Loading parts and site information from C:/Xilinx/14.7/ISE_DS/PlanAhead/data/parts/arch.xml
Parsing RTL primitives file [C:/Xilinx/14.7/ISE_DS/PlanAhead/data/parts/xilinx/rtl/prims/rtl_prims.xml]
Finished parsing RTL primitives file [C:/Xilinx/14.7/ISE_DS/PlanAhead/data/parts/xilinx/rtl/prims/rtl_prims.xml]
start_gui
source C:/Users/James/Documents/Xlink_projects/lab9_projects/lab9_experiment2/pa.fromHdl.tcl
# create_project -name lab9_experiment2 -dir "C:/Users/James/Documents/Xlink_projects/lab9_projects/lab9_experiment2/planAhead_run_2" -part xc3s100ecp132-4
# set_param project.pinAheadLayout yes
# set srcset [get_property srcset [current_run -impl]]
# set_property target_constrs_file "C:/Users/James/Documents/Xlink_projects/lab9_projects/lab9_experiment1/lab9_experiment1.ucf" [current_fileset -constrset]
Adding file 'C:/Users/James/Documents/Xlink_projects/lab9_projects/lab9_experiment1/lab9_experiment1.ucf' to fileset 'constrs_1'
# set hdlfile [add_files [list {../../swag/SSD_1dig.vhd}]]
# set_property file_type VHDL $hdlfile
# set_property library work $hdlfile
# set hdlfile [add_files [list {../../swag/sel_strobeB.vhd}]]
# set_property file_type VHDL $hdlfile
# set_property library work $hdlfile
# set hdlfile [add_files [list {../../swag/mux4SSD.vhd}]]
# set_property file_type VHDL $hdlfile
# set_property library work $hdlfile
# set hdlfile [add_files [list {../../swag/DCM_50M.vhd}]]
# set_property file_type VHDL $hdlfile
# set_property library work $hdlfile
# set hdlfile [add_files [list {../../swag/bin2BCD3en.vhd}]]
# set_property file_type VHDL $hdlfile
# set_property library work $hdlfile
# set hdlfile [add_files [list {lab6_experimen3.vhf}]]
# set_property file_type VHDL $hdlfile
# set_property library work $hdlfile
# set hdlfile [add_files [list {lab9_experiment2.vhf}]]
# set_property file_type VHDL $hdlfile
# set_property library work $hdlfile
# set_property top lab9_experiment2 $srcset
# add_files [list {C:/Users/James/Documents/Xlink_projects/lab9_projects/lab9_experiment1/lab9_experiment1.ucf}] -fileset [get_property constrset [current_run]]
# open_rtl_design -part xc3s100ecp132-4
Using Verific elaboration
Parsing VHDL file "C:/Xilinx/14.7/ISE_DS/PlanAhead/data/parts/xilinx/rtl/lib/synplify/synattr.vhd" into library synplify
Parsing VHDL file "C:/Xilinx/14.7/ISE_DS/PlanAhead/data/parts/xilinx/rtl/lib/synplify/synattr.vhd" into library synplify
Parsing VHDL file "C:/Users/James/Documents/Xlink_projects/swag/SSD_1dig.vhd" into library work
Parsing VHDL file "C:/Users/James/Documents/Xlink_projects/swag/sel_strobeB.vhd" into library work
Parsing VHDL file "C:/Users/James/Documents/Xlink_projects/swag/mux4SSD.vhd" into library work
Parsing VHDL file "C:/Users/James/Documents/Xlink_projects/swag/DCM_50M.vhd" into library work
Parsing VHDL file "C:/Users/James/Documents/Xlink_projects/swag/bin2BCD3en.vhd" into library work
Parsing VHDL file "C:/Users/James/Documents/Xlink_projects/lab9_projects/lab9_experiment2/lab6_experimen3.vhf" into library work
Parsing VHDL file "C:/Users/James/Documents/Xlink_projects/lab9_projects/lab9_experiment2/lab9_experiment2.vhf" into library work
INFO: [Designutils 20-910] Reading macro library C:/Xilinx/14.7/ISE_DS/PlanAhead/data\./parts/xilinx/spartan3e/spartan3e/hd_int_macros.edn
Parsing EDIF File [C:/Xilinx/14.7/ISE_DS/PlanAhead/data\./parts/xilinx/spartan3e/spartan3e/hd_int_macros.edn]
Finished Parsing EDIF File [C:/Xilinx/14.7/ISE_DS/PlanAhead/data\./parts/xilinx/spartan3e/spartan3e/hd_int_macros.edn]
Loading clock regions from C:/Xilinx/14.7/ISE_DS/PlanAhead/data\parts/xilinx/spartan3e/spartan3e/xc3s100e/ClockRegion.xml
Loading clock buffers from C:/Xilinx/14.7/ISE_DS/PlanAhead/data\parts/xilinx/spartan3e/spartan3e/xc3s100e/ClockBuffers.xml
Loading package from C:/Xilinx/14.7/ISE_DS/PlanAhead/data\parts/xilinx/spartan3e/spartan3e/xc3s100e/cp132/Package.xml
Loading io standards from C:/Xilinx/14.7/ISE_DS/PlanAhead/data\./parts/xilinx/spartan3e/IOStandards.xml
INFO: [Device 21-19] Loading pkg sso from C:/Xilinx/14.7/ISE_DS/PlanAhead/data\parts/xilinx/spartan3e/spartan3e/xc3s100e/cp132/SSORules.xml
Loading list of drcs for the architecture : C:/Xilinx/14.7/ISE_DS/PlanAhead/data\./parts/xilinx/spartan3e/spartan3e/drc.xml
INFO: [Timing 38-77] Reading timing library C:/Xilinx/14.7/ISE_DS/PlanAhead/data\parts/xilinx/spartan3e/spartan3e/spartan3e-4.lib.
INFO: [Timing 38-34] Done reading timing library C:/Xilinx/14.7/ISE_DS/PlanAhead/data\parts/xilinx/spartan3e/spartan3e/spartan3e-4.lib.
Parsing UCF File [C:/Users/James/Documents/Xlink_projects/lab9_projects/lab9_experiment1/lab9_experiment1.ucf]
Finished Parsing UCF File [C:/Users/James/Documents/Xlink_projects/lab9_projects/lab9_experiment1/lab9_experiment1.ucf]
INFO: [Project 1-111] Unisim Transformation Summary:
No Unisim elements were transformed.

Phase 0 | Netlist Checksum: c80f11d0
open_rtl_design: Time (s): elapsed = 00:00:10 . Memory (MB): peak = 458.371 ; gain = 72.883
update_compile_order -fileset sim_1
