#-----------------------------------------------------------
# PlanAhead v14.7
# Build 321239 by xbuild on Fri Sep 27 19:31:35 MDT 2013
# Start of session at: Mon May 07 19:01:14 2018
# Process ID: 9868
# Log file: C:/Users/James/Desktop/Github/School/Phys301/lab_final/lab_final/planAhead_run_3/planAhead.log
# Journal file: C:/Users/James/Desktop/Github/School/Phys301/lab_final/lab_final/planAhead_run_3/planAhead.jou
#-----------------------------------------------------------
INFO: [Common 17-78] Attempting to get a license: PlanAhead
INFO: [Common 17-290] Got license for PlanAhead
INFO: [Common 17-86] Your PlanAhead license expires in -1649 day(s)
INFO: [Device 21-36] Loading parts and site information from C:/Xilinx/14.7/ISE_DS/PlanAhead/data/parts/arch.xml
Parsing RTL primitives file [C:/Xilinx/14.7/ISE_DS/PlanAhead/data/parts/xilinx/rtl/prims/rtl_prims.xml]
Finished parsing RTL primitives file [C:/Xilinx/14.7/ISE_DS/PlanAhead/data/parts/xilinx/rtl/prims/rtl_prims.xml]
start_gui
source C:/Users/James/Desktop/Github/School/Phys301/lab_final/lab_final/pa.fromNetlist.tcl
# create_project -name lab_final -dir "C:/Users/James/Desktop/Github/School/Phys301/lab_final/lab_final/planAhead_run_3" -part xc3s100ecp132-4
ERROR: [Common 17-53] User Exception: Project already exists on disk, please use '-force' option to overwrite: 
     C:/Users/James/Desktop/Github/School/Phys301/lab_final/lab_final/planAhead_run_3/lab_final.ppr
     C:/Users/James/Desktop/Github/School/Phys301/lab_final/lab_final/planAhead_run_3/lab_final.data

    while executing
"create_project -name lab_final -dir "C:/Users/James/Desktop/Github/School/Phys301/lab_final/lab_final/planAhead_run_3" -part xc3s100ecp132-4"
    (file "C:/Users/James/Desktop/Github/School/Phys301/lab_final/lab_final/pa.fromNetlist.tcl" line 4)
exit
INFO: [Common 17-206] Exiting PlanAhead at Mon May 07 19:02:10 2018...
INFO: [Common 17-83] Releasing license: PlanAhead
