#-----------------------------------------------------------
# PlanAhead v14.7
# Build 321239 by xbuild on Fri Sep 27 19:31:35 MDT 2013
# Start of session at: Tue Mar 27 10:01:08 2018
# Process ID: 9212
# Log file: C:/Users/James/Documents/Xlink_projects/lab8_projects/lab8_experiment3/planAhead_run_1/planAhead.log
# Journal file: C:/Users/James/Documents/Xlink_projects/lab8_projects/lab8_experiment3/planAhead_run_1/planAhead.jou
#-----------------------------------------------------------
INFO: [Common 17-78] Attempting to get a license: PlanAhead
INFO: [Common 17-290] Got license for PlanAhead
INFO: [Common 17-86] Your PlanAhead license expires in -1608 day(s)
INFO: [Device 21-36] Loading parts and site information from C:/Xilinx/14.7/ISE_DS/PlanAhead/data/parts/arch.xml
Parsing RTL primitives file [C:/Xilinx/14.7/ISE_DS/PlanAhead/data/parts/xilinx/rtl/prims/rtl_prims.xml]
Finished parsing RTL primitives file [C:/Xilinx/14.7/ISE_DS/PlanAhead/data/parts/xilinx/rtl/prims/rtl_prims.xml]
start_gui
source C:/Users/James/Documents/Xlink_projects/lab8_projects/lab8_experiment3/pa.fromHdl.tcl
# create_project -name lab8_experiment3 -dir "C:/Users/James/Documents/Xlink_projects/lab8_projects/lab8_experiment3/planAhead_run_1" -part xc3s100ecp132-4
# set_param project.pinAheadLayout yes
# set srcset [get_property srcset [current_run -impl]]
# set_property target_constrs_file "lab8_experiment3.ucf" [current_fileset -constrset]
Adding file 'C:/Users/James/Documents/Xlink_projects/lab8_projects/lab8_experiment3/lab8_experiment3.ucf' to fileset 'constrs_1'
# set hdlfile [add_files [list {../../swag/DCM_50M.vhd}]]
# set_property file_type VHDL $hdlfile
# set_property library work $hdlfile
# set hdlfile [add_files [list {lab6_experimen3.vhf}]]
# set_property file_type VHDL $hdlfile
# set_property library work $hdlfile
# set hdlfile [add_files [list {lab8_experiment3.vhf}]]
# set_property file_type VHDL $hdlfile
# set_property library work $hdlfile
# set_property top lab8_experiment3 $srcset
# add_files [list {lab8_experiment3.ucf}] -fileset [get_property constrset [current_run]]
# open_rtl_design -part xc3s100ecp132-4
Using Verific elaboration
Parsing VHDL file "C:/Xilinx/14.7/ISE_DS/PlanAhead/data/parts/xilinx/rtl/lib/synplify/synattr.vhd" into library synplify
Parsing VHDL file "C:/Xilinx/14.7/ISE_DS/PlanAhead/data/parts/xilinx/rtl/lib/synplify/synattr.vhd" into library synplify
Parsing VHDL file "C:/Users/James/Documents/Xlink_projects/swag/DCM_50M.vhd" into library work
Parsing VHDL file "C:/Users/James/Documents/Xlink_projects/lab8_projects/lab8_experiment3/lab6_experimen3.vhf" into library work
Parsing VHDL file "C:/Users/James/Documents/Xlink_projects/lab8_projects/lab8_experiment3/lab8_experiment3.vhf" into library work
CRITICAL WARNING: [EDIF 20-96] Could not resolve non-primitive black box cell 'sel_strobeB' instantiated as 'XLXI_7' [C:/Users/James/Documents/Xlink_projects/lab8_projects/lab8_experiment3/lab6_experimen3.vhf:112]
Resolution: File names need to match cell names: an EDIF definition will be found in sel_strobeB.edf; an HDL definition may be placed in any Verilog/VHDL file.
CRITICAL WARNING: [EDIF 20-96] Could not resolve non-primitive black box cell 'bin2BCD3en' instantiated as 'XLXI_14' [C:/Users/James/Documents/Xlink_projects/lab8_projects/lab8_experiment3/lab6_experimen3.vhf:134]
Resolution: File names need to match cell names: an EDIF definition will be found in bin2BCD3en.edf; an HDL definition may be placed in any Verilog/VHDL file.
CRITICAL WARNING: [EDIF 20-96] Could not resolve non-primitive black box cell 'mux4SSD' instantiated as 'XLXI_15' [C:/Users/James/Documents/Xlink_projects/lab8_projects/lab8_experiment3/lab6_experimen3.vhf:144]
Resolution: File names need to match cell names: an EDIF definition will be found in mux4SSD.edf; an HDL definition may be placed in any Verilog/VHDL file.
CRITICAL WARNING: [EDIF 20-96] Could not resolve non-primitive black box cell 'SSD_1dig' instantiated as 'XLXI_16' [C:/Users/James/Documents/Xlink_projects/lab8_projects/lab8_experiment3/lab6_experimen3.vhf:156]
Resolution: File names need to match cell names: an EDIF definition will be found in SSD_1dig.edf; an HDL definition may be placed in any Verilog/VHDL file.
INFO: [Designutils 20-910] Reading macro library C:/Xilinx/14.7/ISE_DS/PlanAhead/data\./parts/xilinx/spartan3e/spartan3e/hd_int_macros.edn
Parsing EDIF File [C:/Xilinx/14.7/ISE_DS/PlanAhead/data\./parts/xilinx/spartan3e/spartan3e/hd_int_macros.edn]
Finished Parsing EDIF File [C:/Xilinx/14.7/ISE_DS/PlanAhead/data\./parts/xilinx/spartan3e/spartan3e/hd_int_macros.edn]
Loading clock regions from C:/Xilinx/14.7/ISE_DS/PlanAhead/data\parts/xilinx/spartan3e/spartan3e/xc3s100e/ClockRegion.xml
Loading clock buffers from C:/Xilinx/14.7/ISE_DS/PlanAhead/data\parts/xilinx/spartan3e/spartan3e/xc3s100e/ClockBuffers.xml
Loading package from C:/Xilinx/14.7/ISE_DS/PlanAhead/data\parts/xilinx/spartan3e/spartan3e/xc3s100e/cp132/Package.xml
Loading io standards from C:/Xilinx/14.7/ISE_DS/PlanAhead/data\./parts/xilinx/spartan3e/IOStandards.xml
INFO: [Device 21-19] Loading pkg sso from C:/Xilinx/14.7/ISE_DS/PlanAhead/data\parts/xilinx/spartan3e/spartan3e/xc3s100e/cp132/SSORules.xml
Loading list of drcs for the architecture : C:/Xilinx/14.7/ISE_DS/PlanAhead/data\./parts/xilinx/spartan3e/spartan3e/drc.xml
INFO: [Timing 38-77] Reading timing library C:/Xilinx/14.7/ISE_DS/PlanAhead/data\parts/xilinx/spartan3e/spartan3e/spartan3e-4.lib.
INFO: [Timing 38-34] Done reading timing library C:/Xilinx/14.7/ISE_DS/PlanAhead/data\parts/xilinx/spartan3e/spartan3e/spartan3e-4.lib.
Parsing UCF File [C:/Users/James/Documents/Xlink_projects/lab8_projects/lab8_experiment3/lab8_experiment3.ucf]
Finished Parsing UCF File [C:/Users/James/Documents/Xlink_projects/lab8_projects/lab8_experiment3/lab8_experiment3.ucf]
INFO: [Project 1-111] Unisim Transformation Summary:
No Unisim elements were transformed.

Phase 0 | Netlist Checksum: ff3ea763
open_rtl_design: Time (s): elapsed = 00:00:06 . Memory (MB): peak = 495.766 ; gain = 67.363
update_compile_order -fileset sim_1
update_compile_order -fileset sources_1
exit
ERROR: [PlanAhead 12-106] *** Exception: ui.h.b: Found deleted key in HTclEventBroker. Verify if the classes listed here call cleanup()
HTclEvent: DEBUG_CORE_CONFIG_CHANGE   Classes: ui.views.aR 
HTclEvent: SIGNAL_BUS_MODIFY   Classes: ui.views.aR 
HTclEvent: SIGNAL_MODIFY   Classes: ui.views.aR 
HTclEvent: DEBUG_PORT_CONFIG_CHANGE   Classes: ui.views.aR 
 (See C:/Users/James/Documents/Xlink_projects/lab8_projects/lab8_experiment3\planAhead_pid9212.debug)
ERROR: [Common 17-39] 'stop_gui' failed due to earlier errors.
INFO: [Common 17-206] Exiting PlanAhead at Tue Mar 27 11:40:49 2018...
INFO: [Common 17-83] Releasing license: PlanAhead
