#-----------------------------------------------------------
# PlanAhead v14.7
# Build 321239 by xbuild on Fri Sep 27 19:31:35 MDT 2013
# Start of session at: Thu Mar 01 08:14:50 2018
# Process ID: 3768
# Log file: C:/Users/James/Documents/Xlink_projects/lab6_projects/lab_experiment3/planAhead_run_2/planAhead.log
# Journal file: C:/Users/James/Documents/Xlink_projects/lab6_projects/lab_experiment3/planAhead_run_2/planAhead.jou
#-----------------------------------------------------------
INFO: [Common 17-78] Attempting to get a license: PlanAhead
INFO: [Common 17-290] Got license for PlanAhead
INFO: [Common 17-86] Your PlanAhead license expires in -1582 day(s)
INFO: [Device 21-36] Loading parts and site information from C:/Xilinx/14.7/ISE_DS/PlanAhead/data/parts/arch.xml
Parsing RTL primitives file [C:/Xilinx/14.7/ISE_DS/PlanAhead/data/parts/xilinx/rtl/prims/rtl_prims.xml]
Finished parsing RTL primitives file [C:/Xilinx/14.7/ISE_DS/PlanAhead/data/parts/xilinx/rtl/prims/rtl_prims.xml]
start_gui
source C:/Users/James/Documents/Xlink_projects/lab6_projects/lab_experiment3/pa.fromHdl.tcl
# create_project -name lab_experiment3 -dir "C:/Users/James/Documents/Xlink_projects/lab6_projects/lab_experiment3/planAhead_run_2" -part xc3s100ecp132-4
# set_param project.pinAheadLayout yes
# set srcset [get_property srcset [current_run -impl]]
# set_property target_constrs_file "lab6_experimen3.ucf" [current_fileset -constrset]
Adding file 'C:/Users/James/Documents/Xlink_projects/lab6_projects/lab_experiment3/lab6_experimen3.ucf' to fileset 'constrs_1'
# set hdlfile [add_files [list {../swag/SSD_1dig.vhd}]]
# set_property file_type VHDL $hdlfile
# set_property library work $hdlfile
# set hdlfile [add_files [list {../swag/sel_strobeB.vhd}]]
# set_property file_type VHDL $hdlfile
# set_property library work $hdlfile
# set hdlfile [add_files [list {../swag/mux4SSD.vhd}]]
# set_property file_type VHDL $hdlfile
# set_property library work $hdlfile
# set hdlfile [add_files [list {../swag/DCM_50M.vhd}]]
# set_property file_type VHDL $hdlfile
# set_property library work $hdlfile
# set hdlfile [add_files [list {../swag/bin2BCD3en.vhd}]]
# set_property file_type VHDL $hdlfile
# set_property library work $hdlfile
# set hdlfile [add_files [list {lab6_experimen3.vhf}]]
# set_property file_type VHDL $hdlfile
# set_property library work $hdlfile
# set_property top lab6_experimen3 $srcset
# add_files [list {lab6_experimen3.ucf}] -fileset [get_property constrset [current_run]]
# open_rtl_design -part xc3s100ecp132-4
Using Verific elaboration
Parsing VHDL file "C:/Xilinx/14.7/ISE_DS/PlanAhead/data/parts/xilinx/rtl/lib/synplify/synattr.vhd" into library synplify
Parsing VHDL file "C:/Xilinx/14.7/ISE_DS/PlanAhead/data/parts/xilinx/rtl/lib/synplify/synattr.vhd" into library synplify
Parsing VHDL file "C:/Users/James/Documents/Xlink_projects/lab6_projects/swag/SSD_1dig.vhd" into library work
Parsing VHDL file "C:/Users/James/Documents/Xlink_projects/lab6_projects/swag/sel_strobeB.vhd" into library work
Parsing VHDL file "C:/Users/James/Documents/Xlink_projects/lab6_projects/swag/mux4SSD.vhd" into library work
Parsing VHDL file "C:/Users/James/Documents/Xlink_projects/lab6_projects/swag/DCM_50M.vhd" into library work
Parsing VHDL file "C:/Users/James/Documents/Xlink_projects/lab6_projects/swag/bin2BCD3en.vhd" into library work
Parsing VHDL file "C:/Users/James/Documents/Xlink_projects/lab6_projects/lab_experiment3/lab6_experimen3.vhf" into library work
INFO: [Designutils 20-910] Reading macro library C:/Xilinx/14.7/ISE_DS/PlanAhead/data\./parts/xilinx/spartan3e/spartan3e/hd_int_macros.edn
Parsing EDIF File [C:/Xilinx/14.7/ISE_DS/PlanAhead/data\./parts/xilinx/spartan3e/spartan3e/hd_int_macros.edn]
Finished Parsing EDIF File [C:/Xilinx/14.7/ISE_DS/PlanAhead/data\./parts/xilinx/spartan3e/spartan3e/hd_int_macros.edn]
Loading clock regions from C:/Xilinx/14.7/ISE_DS/PlanAhead/data\parts/xilinx/spartan3e/spartan3e/xc3s100e/ClockRegion.xml
Loading clock buffers from C:/Xilinx/14.7/ISE_DS/PlanAhead/data\parts/xilinx/spartan3e/spartan3e/xc3s100e/ClockBuffers.xml
Loading package from C:/Xilinx/14.7/ISE_DS/PlanAhead/data\parts/xilinx/spartan3e/spartan3e/xc3s100e/cp132/Package.xml
Loading io standards from C:/Xilinx/14.7/ISE_DS/PlanAhead/data\./parts/xilinx/spartan3e/IOStandards.xml
INFO: [Device 21-19] Loading pkg sso from C:/Xilinx/14.7/ISE_DS/PlanAhead/data\parts/xilinx/spartan3e/spartan3e/xc3s100e/cp132/SSORules.xml
Loading list of drcs for the architecture : C:/Xilinx/14.7/ISE_DS/PlanAhead/data\./parts/xilinx/spartan3e/spartan3e/drc.xml
INFO: [Timing 38-77] Reading timing library C:/Xilinx/14.7/ISE_DS/PlanAhead/data\parts/xilinx/spartan3e/spartan3e/spartan3e-4.lib.
INFO: [Timing 38-34] Done reading timing library C:/Xilinx/14.7/ISE_DS/PlanAhead/data\parts/xilinx/spartan3e/spartan3e/spartan3e-4.lib.
Parsing UCF File [C:/Users/James/Documents/Xlink_projects/lab6_projects/lab_experiment3/lab6_experimen3.ucf]
Finished Parsing UCF File [C:/Users/James/Documents/Xlink_projects/lab6_projects/lab_experiment3/lab6_experimen3.ucf]
INFO: [Project 1-111] Unisim Transformation Summary:
No Unisim elements were transformed.

Phase 0 | Netlist Checksum: cbdf1332
open_rtl_design: Time (s): elapsed = 00:00:07 . Memory (MB): peak = 463.910 ; gain = 66.207
update_compile_order -fileset sim_1
exit
ERROR: [PlanAhead 12-106] *** Exception: ui.h.b: Found deleted key in HTclEventBroker. Verify if the classes listed here call cleanup()
HTclEvent: DEBUG_CORE_CONFIG_CHANGE   Classes: ui.views.aR 
HTclEvent: SIGNAL_MODIFY   Classes: ui.views.aR 
HTclEvent: SIGNAL_BUS_MODIFY   Classes: ui.views.aR 
HTclEvent: DEBUG_PORT_CONFIG_CHANGE   Classes: ui.views.aR 
 (See C:/Users/James/Documents/Xlink_projects/lab6_projects/lab_experiment3\planAhead_pid3768.debug)
ERROR: [Common 17-39] 'stop_gui' failed due to earlier errors.
INFO: [Common 17-206] Exiting PlanAhead at Thu Mar 01 08:15:55 2018...
INFO: [Common 17-83] Releasing license: PlanAhead
