Command line:
   d4_16enTB_isim_beh.exe
     -simmode  gui
     -simrunnum  0
     -socket  2647

Thu Feb 22 10:46:56 2018


 Elaboration Time: 0.09375 sec

 Current Memory Usage: 881.316 Meg

 Total Signals          : 6
 Total Nets             : 21
 Total Signal Drivers   : 3
 Total Blocks           : 5
 Total Primitive Blocks : 4
 Total Processes        : 2
 Total Traceable Variables  : 11
 Total Scalar Nets and Variables : 400
Total Line Count : 37

 Total Simulation Time: 0.09375 sec

 Current Memory Usage: 1195.89 Meg

Thu Feb 22 10:47:29 2018

