
****** PlanAhead v14.7
  **** Build 321239 by xbuild on Fri Sep 27 19:31:35 MDT 2013
    ** Copyright 1986-1999, 2001-2013 Xilinx, Inc. All Rights Reserved.

INFO: [Common 17-78] Attempting to get a license: PlanAhead
INFO: [Common 17-290] Got license for PlanAhead
INFO: [Common 17-86] Your PlanAhead license expires in -1582 day(s)
INFO: [Device 21-36] Loading parts and site information from C:/Xilinx/14.7/ISE_DS/PlanAhead/data/parts/arch.xml
Parsing RTL primitives file [C:/Xilinx/14.7/ISE_DS/PlanAhead/data/parts/xilinx/rtl/prims/rtl_prims.xml]
Finished parsing RTL primitives file [C:/Xilinx/14.7/ISE_DS/PlanAhead/data/parts/xilinx/rtl/prims/rtl_prims.xml]
start_gui
source C:/Users/James/Documents/Xlink_projects/lab6_projects/lab6_experiment4/pa.fromHdl.tcl
# create_project -name lab6_experiment4 -dir "C:/Users/James/Documents/Xlink_projects/lab6_projects/lab6_experiment4/planAhead_run_2" -part xc3s100ecp132-4
# set_param project.pinAheadLayout yes
# set srcset [get_property srcset [current_run -impl]]
# set_property target_constrs_file "lab4_experiment4.ucf" [current_fileset -constrset]
Adding file 'C:/Users/James/Documents/Xlink_projects/lab6_projects/lab6_experiment4/lab4_experiment4.ucf' to fileset 'constrs_1'
# set hdlfile [add_files [list {SSD_1dig.vhd}]]
# set_property file_type VHDL $hdlfile
# set_property library work $hdlfile
# set hdlfile [add_files [list {sel_strobeB.vhd}]]
# set_property file_type VHDL $hdlfile
# set_property library work $hdlfile
# set hdlfile [add_files [list {mux4SSD.vhd}]]
# set_property file_type VHDL $hdlfile
# set_property library work $hdlfile
# set hdlfile [add_files [list {DCM_50M.vhd}]]
# set_property file_type VHDL $hdlfile
# set_property library work $hdlfile
# set hdlfile [add_files [list {CRenc4bin.vhd}]]
# set_property file_type VHDL $hdlfile
# set_property library work $hdlfile
# set hdlfile [add_files [list {bin2BCD3en.vhd}]]
# set_property file_type VHDL $hdlfile
# set_property library work $hdlfile
# set hdlfile [add_files [list {lab4_experiment4.vhf}]]
# set_property file_type VHDL $hdlfile
# set_property library work $hdlfile
# set_property top lab4_experiment4 $srcset
# add_files [list {lab4_experiment4.ucf}] -fileset [get_property constrset [current_run]]
# open_rtl_design -part xc3s100ecp132-4
Using Verific elaboration
Parsing VHDL file "C:/Xilinx/14.7/ISE_DS/PlanAhead/data/parts/xilinx/rtl/lib/synplify/synattr.vhd" into library synplify
Parsing VHDL file "C:/Xilinx/14.7/ISE_DS/PlanAhead/data/parts/xilinx/rtl/lib/synplify/synattr.vhd" into library synplify
Parsing VHDL file "C:/Users/James/Documents/Xlink_projects/lab6_projects/lab6_experiment4/SSD_1dig.vhd" into library work
Parsing VHDL file "C:/Users/James/Documents/Xlink_projects/lab6_projects/lab6_experiment4/sel_strobeB.vhd" into library work
Parsing VHDL file "C:/Users/James/Documents/Xlink_projects/lab6_projects/lab6_experiment4/mux4SSD.vhd" into library work
Parsing VHDL file "C:/Users/James/Documents/Xlink_projects/lab6_projects/lab6_experiment4/DCM_50M.vhd" into library work
Parsing VHDL file "C:/Users/James/Documents/Xlink_projects/lab6_projects/lab6_experiment4/CRenc4bin.vhd" into library work
Parsing VHDL file "C:/Users/James/Documents/Xlink_projects/lab6_projects/lab6_experiment4/bin2BCD3en.vhd" into library work
Parsing VHDL file "C:/Users/James/Documents/Xlink_projects/lab6_projects/lab6_experiment4/lab4_experiment4.vhf" into library work
INFO: [Designutils 20-910] Reading macro library C:/Xilinx/14.7/ISE_DS/PlanAhead/data\./parts/xilinx/spartan3e/spartan3e/hd_int_macros.edn
Parsing EDIF File [C:/Xilinx/14.7/ISE_DS/PlanAhead/data\./parts/xilinx/spartan3e/spartan3e/hd_int_macros.edn]
Finished Parsing EDIF File [C:/Xilinx/14.7/ISE_DS/PlanAhead/data\./parts/xilinx/spartan3e/spartan3e/hd_int_macros.edn]
Loading clock regions from C:/Xilinx/14.7/ISE_DS/PlanAhead/data\parts/xilinx/spartan3e/spartan3e/xc3s100e/ClockRegion.xml
Loading clock buffers from C:/Xilinx/14.7/ISE_DS/PlanAhead/data\parts/xilinx/spartan3e/spartan3e/xc3s100e/ClockBuffers.xml
Loading package from C:/Xilinx/14.7/ISE_DS/PlanAhead/data\parts/xilinx/spartan3e/spartan3e/xc3s100e/cp132/Package.xml
Loading io standards from C:/Xilinx/14.7/ISE_DS/PlanAhead/data\./parts/xilinx/spartan3e/IOStandards.xml
INFO: [Device 21-19] Loading pkg sso from C:/Xilinx/14.7/ISE_DS/PlanAhead/data\parts/xilinx/spartan3e/spartan3e/xc3s100e/cp132/SSORules.xml
Loading list of drcs for the architecture : C:/Xilinx/14.7/ISE_DS/PlanAhead/data\./parts/xilinx/spartan3e/spartan3e/drc.xml
INFO: [Timing 38-77] Reading timing library C:/Xilinx/14.7/ISE_DS/PlanAhead/data\parts/xilinx/spartan3e/spartan3e/spartan3e-4.lib.
INFO: [Timing 38-34] Done reading timing library C:/Xilinx/14.7/ISE_DS/PlanAhead/data\parts/xilinx/spartan3e/spartan3e/spartan3e-4.lib.
Parsing UCF File [C:/Users/James/Documents/Xlink_projects/lab6_projects/lab6_experiment4/lab4_experiment4.ucf]
Finished Parsing UCF File [C:/Users/James/Documents/Xlink_projects/lab6_projects/lab6_experiment4/lab4_experiment4.ucf]
INFO: [Project 1-111] Unisim Transformation Summary:
No Unisim elements were transformed.

Phase 0 | Netlist Checksum: f1745698
open_rtl_design: Time (s): elapsed = 00:00:06 . Memory (MB): peak = 456.145 ; gain = 68.094
update_compile_order -fileset sim_1
set_property package_pin "" [get_ports [list  {colO[3]}]]
set_property package_pin "" [get_ports [list  {colO[2]}]]
startgroup
set_property package_pin B2 [get_ports {colO[0]}]
endgroup
startgroup
set_property package_pin A3 [get_ports {colO[1]}]
endgroup
startgroup
set_property package_pin J3 [get_ports {colO[2]}]
endgroup
startgroup
set_property package_pin B5 [get_ports {colO[3]}]
endgroup
startgroup
set_property package_pin C6 [get_ports {row[0]}]
endgroup
startgroup
set_property package_pin B6 [get_ports {row[1]}]
endgroup
startgroup
set_property package_pin C5 [get_ports {row[2]}]
endgroup
startgroup
set_property package_pin B7 [get_ports {row[3]}]
endgroup
save_constraints
exit
ERROR: [Common 17-39] 'stop_gui' failed due to earlier errors.
INFO: [Common 17-206] Exiting PlanAhead at Thu Mar 01 10:36:24 2018...
INFO: [Common 17-83] Releasing license: PlanAhead
