#-----------------------------------------------------------
# PlanAhead v14.7
# Build 321239 by xbuild on Fri Sep 27 19:31:35 MDT 2013
# Start of session at: Tue Feb 27 09:15:19 2018
# Process ID: 904
# Log file: C:/Users/James/Documents/Xlink_projects/lab6_projects/lab6_experiment1/planAhead_run_3/planAhead.log
# Journal file: C:/Users/James/Documents/Xlink_projects/lab6_projects/lab6_experiment1/planAhead_run_3/planAhead.jou
#-----------------------------------------------------------
INFO: [Common 17-78] Attempting to get a license: PlanAhead
INFO: [Common 17-290] Got license for PlanAhead
INFO: [Common 17-86] Your PlanAhead license expires in -1580 day(s)
INFO: [Device 21-36] Loading parts and site information from C:/Xilinx/14.7/ISE_DS/PlanAhead/data/parts/arch.xml
Parsing RTL primitives file [C:/Xilinx/14.7/ISE_DS/PlanAhead/data/parts/xilinx/rtl/prims/rtl_prims.xml]
Finished parsing RTL primitives file [C:/Xilinx/14.7/ISE_DS/PlanAhead/data/parts/xilinx/rtl/prims/rtl_prims.xml]
start_gui
source C:/Users/James/Documents/Xlink_projects/lab6_projects/lab6_experiment1/pa.fromHdl.tcl
# create_project -name lab6_experiment1 -dir "C:/Users/James/Documents/Xlink_projects/lab6_projects/lab6_experiment1/planAhead_run_3" -part xc3s100ecp132-4
ERROR: [Common 17-53] User Exception: Project already exists on disk, please use '-force' option to overwrite: 
     C:/Users/James/Documents/Xlink_projects/lab6_projects/lab6_experiment1/planAhead_run_3/lab6_experiment1.ppr
     C:/Users/James/Documents/Xlink_projects/lab6_projects/lab6_experiment1/planAhead_run_3/lab6_experiment1.data

    while executing
"create_project -name lab6_experiment1 -dir "C:/Users/James/Documents/Xlink_projects/lab6_projects/lab6_experiment1/planAhead_run_3" -part xc3s100ecp13..."
    (file "C:/Users/James/Documents/Xlink_projects/lab6_projects/lab6_experiment1/pa.fromHdl.tcl" line 4)
exit
INFO: [Common 17-206] Exiting PlanAhead at Tue Feb 27 09:17:38 2018...
INFO: [Common 17-83] Releasing license: PlanAhead
