Release 14.7 Map P.20131013 (nt64)
Xilinx Mapping Report File for Design 'lab4_experiment4'

Design Information
------------------
Command Line   : map -intstyle ise -p xc3s100e-cp132-4 -cm area -ir off -pr off
-c 100 -o lab4_experiment4_map.ncd lab4_experiment4.ngd lab4_experiment4.pcf 
Target Device  : xc3s100e
Target Package : cp132
Target Speed   : -4
Mapper Version : spartan3e -- $Revision: 1.55 $
Mapped Date    : Thu Apr 26 09:04:44 2018

Design Summary
--------------
Number of errors:      0
Number of warnings:    0
Logic Utilization:
  Number of Slice Flip Flops:            55 out of   1,920    2%
  Number of 4 input LUTs:               102 out of   1,920    5%
Logic Distribution:
  Number of occupied Slices:             75 out of     960    7%
    Number of Slices containing only related logic:      75 out of      75 100%
    Number of Slices containing unrelated logic:          0 out of      75   0%
      *See NOTES below for an explanation of the effects of unrelated logic.
  Total Number of 4 input LUTs:         135 out of   1,920    7%
    Number used as logic:               102
    Number used as a route-thru:         33

  The Slice Logic Distribution report is not meaningful if the design is
  over-mapped for a non-slice resource or if Placement fails.

  Number of bonded IOBs:                 23 out of      83   27%
  Number of BUFGMUXs:                     2 out of      24    8%

Average Fanout of Non-Clock Nets:                2.41

Peak Memory Usage:  329 MB
Total REAL time to MAP completion:  1 secs 
Total CPU time to MAP completion:   1 secs 

NOTES:

   Related logic is defined as being logic that shares connectivity - e.g. two
   LUTs are "related" if they share common inputs.  When assembling slices,
   Map gives priority to combine logic that is related.  Doing so results in
   the best timing performance.

   Unrelated logic shares no connectivity.  Map will only begin packing
   unrelated logic into a slice once 99% of the slices are occupied through
   related logic packing.

   Note that once logic distribution reaches the 99% level through related
   logic packing, this does not mean the device is completely utilized.
   Unrelated logic packing will then begin, continuing until all usable LUTs
   and FFs are occupied.  Depending on your timing budget, increased levels of
   unrelated logic packing may adversely affect the overall timing performance
   of your design.

Table of Contents
-----------------
Section 1 - Errors
Section 2 - Warnings
Section 3 - Informational
Section 4 - Removed Logic Summary
Section 5 - Removed Logic
Section 6 - IOB Properties
Section 7 - RPMs
Section 8 - Guide Report
Section 9 - Area Group and Partition Summary
Section 10 - Timing Report
Section 11 - Configuration String Information
Section 12 - Control Set Information
Section 13 - Utilization by Hierarchy

Section 1 - Errors
------------------

Section 2 - Warnings
--------------------

Section 3 - Informational
-------------------------
INFO:MapLib:562 - No environment variables are currently set.
INFO:LIT:244 - All of the single ended outputs in this design are using slew
   rate limited output drivers. The delay on speed critical single ended outputs
   can be dramatically reduced by designating them as fast outputs.

Section 4 - Removed Logic Summary
---------------------------------
   3 block(s) removed
  34 block(s) optimized away
  14 signal(s) removed

Section 5 - Removed Logic
-------------------------

The trimmed logic reported below is either:
   1. part of a cycle
   2. part of disabled logic
   3. a side-effect of other trimmed logic

The signal "XLXI_14/Dout1_0_and0001" is unused and has been removed.
The signal "XLXI_14/Dout1_1_and0000" is unused and has been removed.
 Unused block "XLXI_14/Dout1_1_and00001" (ROM) removed.
The signal "XLXI_14/Dout1_1_and0001" is unused and has been removed.
The signal "XLXI_14/Dout1_2_and0000" is unused and has been removed.
 Unused block "XLXI_14/Dout1_2_and00001" (ROM) removed.
The signal "XLXI_14/Dout1_2_and0001" is unused and has been removed.
The signal "XLXI_14/Dout1_3_and0000" is unused and has been removed.
 Unused block "XLXI_14/Dout1_3_and00001" (ROM) removed.
The signal "XLXI_14/Dout1_3_and0001" is unused and has been removed.
The signal "XLXI_14/Mrom_b11_mux0000" is unused and has been removed.
The signal "XLXI_14/Mrom_b11_mux00001" is unused and has been removed.
The signal "XLXI_14/Mrom_b11_mux00002" is unused and has been removed.
The signal "XLXI_14/Mrom_b11_mux00003" is unused and has been removed.
The signal "XLXI_14/Mrom_b9_mux00003" is unused and has been removed.
The signal "XLXI_28/RST_inv" is unused and has been removed.
The signal "XLXN_44" is unused and has been removed.

Optimized Block(s):
TYPE 		BLOCK
VCC 		XLXI_10
LUT2 		XLXI_14/Dout1_0_and00011
   optimized to 0
FDCP 		XLXI_14/Dout1_1
   optimized to 0
LUT2 		XLXI_14/Dout1_1_and00011
   optimized to 0
FDCP 		XLXI_14/Dout1_2
   optimized to 0
LUT2 		XLXI_14/Dout1_2_and00011
   optimized to 0
FDCP 		XLXI_14/Dout1_3
   optimized to 0
LUT2 		XLXI_14/Dout1_3_and00011
   optimized to 0
FDC 		XLXI_14/Dout2_0
   optimized to 0
FDC 		XLXI_14/Dout2_1
   optimized to 0
LUT4 		XLXI_14/Mrom_b11_mux000011
   optimized to 0
LUT4 		XLXI_14/Mrom_b11_mux0000111
   optimized to 0
LUT4 		XLXI_14/Mrom_b11_mux000021
   optimized to 0
LUT4 		XLXI_14/Mrom_b11_mux000031
   optimized to 0
LUT4 		XLXI_14/Mrom_b4_mux000011
   optimized to 0
LUT4 		XLXI_14/Mrom_b4_mux0000111
   optimized to 0
LUT4 		XLXI_14/Mrom_b4_mux000021
   optimized to 0
LUT4 		XLXI_14/Mrom_b4_mux000031
   optimized to 0
LUT4 		XLXI_14/Mrom_b6_mux0000111
   optimized to 0
LUT4 		XLXI_14/Mrom_b6_mux000021
   optimized to 0
LUT4 		XLXI_14/Mrom_b6_mux000031
   optimized to 0
LUT4 		XLXI_14/Mrom_b8_mux000021
   optimized to 0
LUT4 		XLXI_14/Mrom_b8_mux000031
   optimized to 0
LUT3 		XLXI_14/Mrom_b9_mux000031
   optimized to 0
LUT3 		XLXI_14/Mrom_b_mux000031
   optimized to 0
LUT3 		XLXI_15/hexO<1>_G
   optimized to 0
PULLDOWN 		XLXI_20_0
PULLDOWN 		XLXI_20_1
PULLDOWN 		XLXI_20_2
PULLDOWN 		XLXI_20_3
PULLDOWN 		XLXI_24
PULLUP 		XLXI_25
INV 		XLXI_28/RST_inv1_INV_0
GND 		XLXI_9_3

To enable printing of redundant blocks removed and signals merged, set the
detailed map report option and rerun map.

Section 6 - IOB Properties
--------------------------

+---------------------------------------------------------------------------------------------------------------------------------------------------------+
| IOB Name                           | Type             | Direction | IO Standard          | Diff  | Drive    | Slew | Reg (s)      | Resistor | IOB      |
|                                    |                  |           |                      | Term  | Strength | Rate |              |          | Delay    |
+---------------------------------------------------------------------------------------------------------------------------------------------------------+
| Clock                              | IBUF             | INPUT     | LVCMOS25             |       |          |      |              |          | 0 / 0    |
| En                                 | IBUF             | INPUT     | LVCMOS25             |       |          |      |              |          | 0 / 0    |
| KeyO                               | IOB              | OUTPUT    | LVCMOS25             |       | 12       | SLOW |              |          | 0 / 0    |
| anO<0>                             | IOB              | OUTPUT    | LVCMOS25             |       | 12       | SLOW |              |          | 0 / 0    |
| anO<1>                             | IOB              | OUTPUT    | LVCMOS25             |       | 12       | SLOW |              |          | 0 / 0    |
| anO<2>                             | IOB              | OUTPUT    | LVCMOS25             |       | 12       | SLOW |              |          | 0 / 0    |
| anO<3>                             | IOB              | OUTPUT    | LVCMOS25             |       | 12       | SLOW |              |          | 0 / 0    |
| colO<0>                            | IOB              | OUTPUT    | LVCMOS25             |       | 12       | SLOW |              |          | 0 / 0    |
| colO<1>                            | IOB              | OUTPUT    | LVCMOS25             |       | 12       | SLOW |              |          | 0 / 0    |
| colO<2>                            | IOB              | OUTPUT    | LVCMOS25             |       | 12       | SLOW |              |          | 0 / 0    |
| colO<3>                            | IOB              | OUTPUT    | LVCMOS25             |       | 12       | SLOW |              |          | 0 / 0    |
| row<0>                             | IBUF             | INPUT     | LVCMOS25             |       |          |      |              | PULLDOWN | 0 / 0    |
| row<1>                             | IBUF             | INPUT     | LVCMOS25             |       |          |      |              | PULLDOWN | 0 / 0    |
| row<2>                             | IBUF             | INPUT     | LVCMOS25             |       |          |      |              | PULLDOWN | 0 / 0    |
| row<3>                             | IBUF             | INPUT     | LVCMOS25             |       |          |      |              | PULLDOWN | 0 / 0    |
| sseg<0>                            | IOB              | OUTPUT    | LVCMOS25             |       | 12       | SLOW |              |          | 0 / 0    |
| sseg<1>                            | IOB              | OUTPUT    | LVCMOS25             |       | 12       | SLOW |              |          | 0 / 0    |
| sseg<2>                            | IOB              | OUTPUT    | LVCMOS25             |       | 12       | SLOW |              |          | 0 / 0    |
| sseg<3>                            | IOB              | OUTPUT    | LVCMOS25             |       | 12       | SLOW |              |          | 0 / 0    |
| sseg<4>                            | IOB              | OUTPUT    | LVCMOS25             |       | 12       | SLOW |              |          | 0 / 0    |
| sseg<5>                            | IOB              | OUTPUT    | LVCMOS25             |       | 12       | SLOW |              |          | 0 / 0    |
| sseg<6>                            | IOB              | OUTPUT    | LVCMOS25             |       | 12       | SLOW |              |          | 0 / 0    |
| sseg<7>                            | IOB              | OUTPUT    | LVCMOS25             |       | 12       | SLOW |              |          | 0 / 0    |
+---------------------------------------------------------------------------------------------------------------------------------------------------------+

Section 7 - RPMs
----------------

Section 8 - Guide Report
------------------------
Guide not run on this design.

Section 9 - Area Group and Partition Summary
--------------------------------------------

Partition Implementation Status
-------------------------------

  No Partitions were found in this design.

-------------------------------

Area Group Information
----------------------

  No area groups were found in this design.

----------------------

Section 10 - Timing Report
--------------------------
This design was not run using timing mode.

Section 11 - Configuration String Details
-----------------------------------------
Use the "-detail" map option to print out Configuration Strings

Section 12 - Control Set Information
------------------------------------
No control set information for this architecture.

Section 13 - Utilization by Hierarchy
-------------------------------------
Use the "-detail" map option to print out the Utilization by Hierarchy section.
