Release 14.7 - xst P.20131013 (nt64)
Copyright (c) 1995-2013 Xilinx, Inc.  All rights reserved.
--> Parameter TMPDIR set to xst/projnav.tmp


Total REAL time to Xst completion: 0.00 secs
Total CPU time to Xst completion: 0.15 secs
 
--> Parameter xsthdpdir set to xst


Total REAL time to Xst completion: 0.00 secs
Total CPU time to Xst completion: 0.15 secs
 
--> Reading design: lab_final_keypad.prj

TABLE OF CONTENTS
  1) Synthesis Options Summary
  2) HDL Compilation
  3) Design Hierarchy Analysis
  4) HDL Analysis
  5) HDL Synthesis
     5.1) HDL Synthesis Report
  6) Advanced HDL Synthesis
     6.1) Advanced HDL Synthesis Report
  7) Low Level Synthesis
  8) Partition Report
  9) Final Report
	9.1) Device utilization summary
	9.2) Partition Resource Summary
	9.3) TIMING REPORT


=========================================================================
*                      Synthesis Options Summary                        *
=========================================================================
---- Source Parameters
Input File Name                    : "lab_final_keypad.prj"
Input Format                       : mixed
Ignore Synthesis Constraint File   : NO

---- Target Parameters
Output File Name                   : "lab_final_keypad"
Output Format                      : NGC
Target Device                      : xc3s100e-4-cp132

---- Source Options
Top Module Name                    : lab_final_keypad
Automatic FSM Extraction           : YES
FSM Encoding Algorithm             : Auto
Safe Implementation                : No
FSM Style                          : LUT
RAM Extraction                     : Yes
RAM Style                          : Auto
ROM Extraction                     : Yes
Mux Style                          : Auto
Decoder Extraction                 : YES
Priority Encoder Extraction        : Yes
Shift Register Extraction          : YES
Logical Shifter Extraction         : YES
XOR Collapsing                     : YES
ROM Style                          : Auto
Mux Extraction                     : Yes
Resource Sharing                   : YES
Asynchronous To Synchronous        : NO
Multiplier Style                   : Auto
Automatic Register Balancing       : No

---- Target Options
Add IO Buffers                     : YES
Global Maximum Fanout              : 100000
Add Generic Clock Buffer(BUFG)     : 24
Register Duplication               : YES
Slice Packing                      : YES
Optimize Instantiated Primitives   : NO
Use Clock Enable                   : Yes
Use Synchronous Set                : Yes
Use Synchronous Reset              : Yes
Pack IO Registers into IOBs        : Auto
Equivalent register Removal        : YES

---- General Options
Optimization Goal                  : Speed
Optimization Effort                : 1
Keep Hierarchy                     : No
Netlist Hierarchy                  : As_Optimized
RTL Output                         : Yes
Global Optimization                : AllClockNets
Read Cores                         : YES
Write Timing Constraints           : NO
Cross Clock Analysis               : NO
Hierarchy Separator                : /
Bus Delimiter                      : <>
Case Specifier                     : Maintain
Slice Utilization Ratio            : 100
BRAM Utilization Ratio             : 100
Verilog 2001                       : YES
Auto BRAM Packing                  : NO
Slice Utilization Ratio Delta      : 5

=========================================================================


=========================================================================
*                          HDL Compilation                              *
=========================================================================
Compiling vhdl file "C:/Users/James/Documents/Xlink_projects/swag/DCM_50M.vhd" in Library work.
Architecture behavioral of Entity dcm_50m is up to date.
Compiling vhdl file "C:/Users/James/Documents/Xlink_projects/lab6_projects/lab6_experiment4/sel_strobeB.vhd" in Library work.
Architecture behavioral of Entity sel_strobeb is up to date.
Compiling vhdl file "C:/Users/James/Documents/Xlink_projects/lab6_projects/lab6_experiment4/bin2BCD3en.vhd" in Library work.
Architecture behavioral of Entity bin2bcd3en is up to date.
Compiling vhdl file "C:/Users/James/Documents/Xlink_projects/lab6_projects/lab6_experiment4/mux4SSD.vhd" in Library work.
Architecture behavioral of Entity mux4ssd is up to date.
Compiling vhdl file "C:/Users/James/Documents/Xlink_projects/lab6_projects/lab6_experiment4/SSD_1dig.vhd" in Library work.
Architecture behavioral of Entity ssd_1dig is up to date.
Compiling vhdl file "C:/Users/James/Documents/Xlink_projects/lab6_projects/lab6_experiment4/CRenc4bin.vhd" in Library work.
Architecture behavioral of Entity crenc4bin is up to date.
Compiling vhdl file "C:/Users/James/Documents/Xlink_projects/lab6_projects/lab6_experiment4/col_strobe.vhd" in Library work.
Architecture behavioral of Entity col_strobe is up to date.
Compiling vhdl file "C:/Users/James/Documents/Xlink_projects/lab6_projects/lab6_experiment4/DCM_100M.vhd" in Library work.
Architecture behavioral of Entity dcm_100m is up to date.
Compiling vhdl file "C:/Users/James/Documents/Xlink_projects/lab_final/modules/sRAM32x8_generic.vhd" in Library work.
Architecture behavioral of Entity sram32x8_generic is up to date.
Compiling vhdl file "C:/Users/James/Documents/Xlink_projects/lab6_projects/lab6_experiment4/lab6_experimen3.vhf" in Library work.
Architecture behavioral of Entity lab6_experimen3 is up to date.
Compiling vhdl file "C:/Users/James/Documents/Xlink_projects/lab6_projects/lab6_experiment4/lab_final_keypad.vhf" in Library work.
Architecture behavioral of Entity lab_final_keypad is up to date.

=========================================================================
*                     Design Hierarchy Analysis                         *
=========================================================================
Analyzing hierarchy for entity <lab_final_keypad> in library <work> (architecture <behavioral>).

Analyzing hierarchy for entity <sel_strobeB> in library <work> (architecture <behavioral>).

Analyzing hierarchy for entity <bin2BCD3en> in library <work> (architecture <behavioral>).

Analyzing hierarchy for entity <mux4SSD> in library <work> (architecture <behavioral>).

Analyzing hierarchy for entity <SSD_1dig> in library <work> (architecture <behavioral>).

Analyzing hierarchy for entity <CRenc4bin> in library <work> (architecture <behavioral>).

Analyzing hierarchy for entity <col_strobe> in library <work> (architecture <behavioral>).

Analyzing hierarchy for entity <DCM_100M> in library <work> (architecture <behavioral>) with generics.
	DIV100 = 25
	DIV100k = 25000
	DIV100m = 25000000
	DIV10k = 2500
	DIV1m = 250000

Analyzing hierarchy for entity <sRAM32x8_generic> in library <work> (architecture <behavioral>).

Analyzing hierarchy for entity <lab6_experimen3> in library <work> (architecture <behavioral>).

Analyzing hierarchy for entity <DCM_50M> in library <work> (architecture <behavioral>) with generics.
	DIV100 = 50
	DIV10k = 5000
	DIV1k = 500
	DIV50 = 25

Analyzing hierarchy for entity <sel_strobeB> in library <work> (architecture <behavioral>).

Analyzing hierarchy for entity <bin2BCD3en> in library <work> (architecture <behavioral>).

Analyzing hierarchy for entity <mux4SSD> in library <work> (architecture <behavioral>).

Analyzing hierarchy for entity <SSD_1dig> in library <work> (architecture <behavioral>).


=========================================================================
*                            HDL Analysis                               *
=========================================================================
Analyzing Entity <lab_final_keypad> in library <work> (Architecture <behavioral>).
WARNING:Xst:753 - "C:/Users/James/Documents/Xlink_projects/lab6_projects/lab6_experiment4/lab_final_keypad.vhf" line 167: Unconnected output port 'RBout' of component 'bin2BCD3en'.
WARNING:Xst:753 - "C:/Users/James/Documents/Xlink_projects/lab6_projects/lab6_experiment4/lab_final_keypad.vhf" line 189: Unconnected output port 'anO' of component 'mux4SSD'.
WARNING:Xst:753 - "C:/Users/James/Documents/Xlink_projects/lab6_projects/lab6_experiment4/lab_final_keypad.vhf" line 201: Unconnected output port 'sseg' of component 'SSD_1dig'.
WARNING:Xst:754 - "C:/Users/James/Documents/Xlink_projects/lab6_projects/lab6_experiment4/lab_final_keypad.vhf" line 220: Unconnected inout port 'col' of component 'col_strobe'.
WARNING:Xst:753 - "C:/Users/James/Documents/Xlink_projects/lab6_projects/lab6_experiment4/lab_final_keypad.vhf" line 224: Unconnected output port 'CLK1M' of component 'DCM_100M'.
WARNING:Xst:753 - "C:/Users/James/Documents/Xlink_projects/lab6_projects/lab6_experiment4/lab_final_keypad.vhf" line 224: Unconnected output port 'CLK10k' of component 'DCM_100M'.
WARNING:Xst:753 - "C:/Users/James/Documents/Xlink_projects/lab6_projects/lab6_experiment4/lab_final_keypad.vhf" line 224: Unconnected output port 'CLK100' of component 'DCM_100M'.
WARNING:Xst:753 - "C:/Users/James/Documents/Xlink_projects/lab6_projects/lab6_experiment4/lab_final_keypad.vhf" line 224: Unconnected output port 'CLK1' of component 'DCM_100M'.
WARNING:Xst:753 - "C:/Users/James/Documents/Xlink_projects/lab6_projects/lab6_experiment4/lab_final_keypad.vhf" line 233: Unconnected output port 'Q' of component 'sRAM32x8_generic'.
Entity <lab_final_keypad> analyzed. Unit <lab_final_keypad> generated.

Analyzing Entity <sel_strobeB> in library <work> (Architecture <behavioral>).
Entity <sel_strobeB> analyzed. Unit <sel_strobeB> generated.

Analyzing Entity <bin2BCD3en> in library <work> (Architecture <behavioral>).
INFO:Xst:1561 - "C:/Users/James/Documents/Xlink_projects/lab6_projects/lab6_experiment4/bin2BCD3en.vhd" line 62: Mux is complete : default of case is discarded
INFO:Xst:1561 - "C:/Users/James/Documents/Xlink_projects/lab6_projects/lab6_experiment4/bin2BCD3en.vhd" line 62: Mux is complete : default of case is discarded
INFO:Xst:2679 - Register <Dout3> in unit <bin2BCD3en> has a constant value of 0000 during circuit operation. The register is replaced by logic.
Entity <bin2BCD3en> analyzed. Unit <bin2BCD3en> generated.

Analyzing Entity <mux4SSD> in library <work> (Architecture <behavioral>).
Entity <mux4SSD> analyzed. Unit <mux4SSD> generated.

Analyzing Entity <SSD_1dig> in library <work> (Architecture <behavioral>).
Entity <SSD_1dig> analyzed. Unit <SSD_1dig> generated.

Analyzing Entity <CRenc4bin> in library <work> (Architecture <behavioral>).
Entity <CRenc4bin> analyzed. Unit <CRenc4bin> generated.

Analyzing Entity <col_strobe> in library <work> (Architecture <behavioral>).
Entity <col_strobe> analyzed. Unit <col_strobe> generated.

Analyzing generic Entity <DCM_100M> in library <work> (Architecture <behavioral>).
	DIV100 = 25
	DIV100k = 25000
	DIV100m = 25000000
	DIV10k = 2500
	DIV1m = 250000
Entity <DCM_100M> analyzed. Unit <DCM_100M> generated.

Analyzing Entity <sRAM32x8_generic> in library <work> (Architecture <behavioral>).
Entity <sRAM32x8_generic> analyzed. Unit <sRAM32x8_generic> generated.

Analyzing Entity <lab6_experimen3> in library <work> (Architecture <behavioral>).
WARNING:Xst:753 - "C:/Users/James/Documents/Xlink_projects/lab6_projects/lab6_experiment4/lab6_experimen3.vhf" line 99: Unconnected output port 'CLK1M' of component 'DCM_50M'.
WARNING:Xst:753 - "C:/Users/James/Documents/Xlink_projects/lab6_projects/lab6_experiment4/lab6_experimen3.vhf" line 99: Unconnected output port 'CLK10k' of component 'DCM_50M'.
WARNING:Xst:753 - "C:/Users/James/Documents/Xlink_projects/lab6_projects/lab6_experiment4/lab6_experimen3.vhf" line 99: Unconnected output port 'CLK1' of component 'DCM_50M'.
WARNING:Xst:753 - "C:/Users/James/Documents/Xlink_projects/lab6_projects/lab6_experiment4/lab6_experimen3.vhf" line 99: Unconnected output port 'CLK100' of component 'DCM_50M'.
WARNING:Xst:753 - "C:/Users/James/Documents/Xlink_projects/lab6_projects/lab6_experiment4/lab6_experimen3.vhf" line 126: Unconnected output port 'RBout' of component 'bin2BCD3en'.
WARNING:Xst:753 - "C:/Users/James/Documents/Xlink_projects/lab6_projects/lab6_experiment4/lab6_experimen3.vhf" line 136: Unconnected output port 'dpO' of component 'mux4SSD'.
Entity <lab6_experimen3> analyzed. Unit <lab6_experimen3> generated.

Analyzing generic Entity <DCM_50M> in library <work> (Architecture <behavioral>).
	DIV100 = 50
	DIV10k = 5000
	DIV1k = 500
	DIV50 = 25
Entity <DCM_50M> analyzed. Unit <DCM_50M> generated.


=========================================================================
*                           HDL Synthesis                               *
=========================================================================

Performing bidirectional port resolution...

Synthesizing Unit <sel_strobeB>.
    Related source file is "C:/Users/James/Documents/Xlink_projects/lab6_projects/lab6_experiment4/sel_strobeB.vhd".
    Found 4x2-bit ROM for signal <sel$mux0001> created at line 44.
    Found 2-bit register for signal <sel>.
    Found 2-bit register for signal <selx>.
    Summary:
	inferred   1 ROM(s).
	inferred   4 D-type flip-flop(s).
Unit <sel_strobeB> synthesized.


Synthesizing Unit <bin2BCD3en>.
    Related source file is "C:/Users/James/Documents/Xlink_projects/lab6_projects/lab6_experiment4/bin2BCD3en.vhd".
    Found 16x4-bit ROM for signal <b9$mux0000> created at line 50.
    Found 16x4-bit ROM for signal <b8$mux0000> created at line 50.
    Found 16x4-bit ROM for signal <b7$mux0000> created at line 50.
    Found 16x4-bit ROM for signal <b6$mux0000> created at line 50.
    Found 16x4-bit ROM for signal <b4$mux0000> created at line 50.
    Found 8x4-bit ROM for signal <b$mux0000> created at line 50.
    Found 16x4-bit ROM for signal <b11$mux0000> created at line 50.
    Found 16x4-bit ROM for signal <b10$mux0000> created at line 50.
    Found 4-bit register for signal <RBout>.
    Found 4-bit register for signal <Dout0>.
    Found 4-bit register for signal <Dout1>.
    Found 4-bit register for signal <Dout2>.
    Summary:
	inferred   8 ROM(s).
	inferred  12 D-type flip-flop(s).
Unit <bin2BCD3en> synthesized.


Synthesizing Unit <mux4SSD>.
    Related source file is "C:/Users/James/Documents/Xlink_projects/lab6_projects/lab6_experiment4/mux4SSD.vhd".
Unit <mux4SSD> synthesized.


Synthesizing Unit <SSD_1dig>.
    Related source file is "C:/Users/James/Documents/Xlink_projects/lab6_projects/lab6_experiment4/SSD_1dig.vhd".
    Found 16x7-bit ROM for signal <hexD$rom0000>.
    Summary:
	inferred   1 ROM(s).
Unit <SSD_1dig> synthesized.


Synthesizing Unit <CRenc4bin>.
    Related source file is "C:/Users/James/Documents/Xlink_projects/lab6_projects/lab6_experiment4/CRenc4bin.vhd".
    Found 4-bit register for signal <colO>.
    Found 1-bit register for signal <keyO>.
    Found 4-bit register for signal <binO>.
    Found 4-bit register for signal <colI>.
    Summary:
	inferred  13 D-type flip-flop(s).
Unit <CRenc4bin> synthesized.


Synthesizing Unit <col_strobe>.
    Related source file is "C:/Users/James/Documents/Xlink_projects/lab6_projects/lab6_experiment4/col_strobe.vhd".
    Found 4-bit register for signal <col>.
    Found 4-bit register for signal <colx>.
    Summary:
	inferred   8 D-type flip-flop(s).
Unit <col_strobe> synthesized.


Synthesizing Unit <DCM_100M>.
    Related source file is "C:/Users/James/Documents/Xlink_projects/lab6_projects/lab6_experiment4/DCM_100M.vhd".
    Found 1-bit register for signal <clk_1<0>>.
    Found 1-bit register for signal <clk_100<0>>.
    Found 1-bit register for signal <clk_10k<0>>.
    Found 32-bit adder for signal <clk_1_0$add0000> created at line 163.
    Found 1-bit register for signal <clk_1k<0>>.
    Found 32-bit adder for signal <clk_1k_0$add0000> created at line 115.
    Found 1-bit register for signal <clk_1m<0>>.
    Found 32-bit adder for signal <clk_1m_0$add0000> created at line 67.
    Found 32-bit up counter for signal <cnt1>.
    Found 32-bit comparator greatequal for signal <cnt1$cmp_ge0000> created at line 164.
    Found 32-bit up counter for signal <cnt100>.
    Found 32-bit adder for signal <cnt100$add0000> created at line 139.
    Found 32-bit comparator greatequal for signal <cnt100$cmp_ge0000> created at line 140.
    Found 32-bit up counter for signal <cnt10k>.
    Found 32-bit adder for signal <cnt10k$add0000> created at line 91.
    Found 32-bit comparator greatequal for signal <cnt10k$cmp_ge0000> created at line 92.
    Found 32-bit up counter for signal <cnt1k>.
    Found 32-bit comparator greatequal for signal <cnt1k$cmp_ge0000> created at line 116.
    Found 32-bit up counter for signal <cnt1M>.
    Found 32-bit comparator greatequal for signal <cnt1M$cmp_ge0000> created at line 68.
    Summary:
	inferred   5 Counter(s).
	inferred   5 D-type flip-flop(s).
	inferred   5 Adder/Subtractor(s).
	inferred   5 Comparator(s).
Unit <DCM_100M> synthesized.


Synthesizing Unit <sRAM32x8_generic>.
    Related source file is "C:/Users/James/Documents/Xlink_projects/lab_final/modules/sRAM32x8_generic.vhd".
    Found 8-bit tristate buffer for signal <Q>.
    Found 256-bit register for signal <mem>.
    Found 8-bit 32-to-1 multiplexer for signal <Q$mux0000> created at line 67.
INFO:Xst:738 - HDL ADVISOR - 256 flip-flops were inferred for signal <mem>. You may be trying to describe a RAM in a way that is incompatible with block and distributed RAM resources available on Xilinx devices, or with a specific template that is not supported. Please review the Xilinx resources documentation and the XST user manual for coding guidelines. Taking advantage of RAM resources will lead to improved device usage and reduced synthesis time.
    Summary:
	inferred 256 D-type flip-flop(s).
	inferred   8 Multiplexer(s).
	inferred   8 Tristate(s).
Unit <sRAM32x8_generic> synthesized.


Synthesizing Unit <DCM_50M>.
    Related source file is "C:/Users/James/Documents/Xlink_projects/swag/DCM_50M.vhd".
    Found 1-bit register for signal <clk_1<0>>.
    Found 1-bit register for signal <clk_100<0>>.
    Found 1-bit register for signal <clk_10k<0>>.
    Found 32-bit adder for signal <clk_1_0$add0000> created at line 164.
    Found 1-bit register for signal <clk_1k<0>>.
    Found 32-bit adder for signal <clk_1k_0$add0000> created at line 116.
    Found 1-bit register for signal <clk_1m>.
    Found 32-bit up counter for signal <cnt1>.
    Found 32-bit comparator greater for signal <cnt1$cmp_gt0000> created at line 165.
    Found 32-bit up counter for signal <cnt100>.
    Found 32-bit adder for signal <cnt100$add0000> created at line 140.
    Found 32-bit comparator greater for signal <cnt100$cmp_gt0000> created at line 141.
    Found 32-bit up counter for signal <cnt10k>.
    Found 32-bit adder for signal <cnt10k$add0000> created at line 92.
    Found 32-bit comparator greater for signal <cnt10k$cmp_gt0000> created at line 93.
    Found 32-bit up counter for signal <cnt1k>.
    Found 32-bit comparator greater for signal <cnt1k$cmp_gt0000> created at line 117.
    Found 5-bit up counter for signal <cnt1M>.
    Summary:
	inferred   5 Counter(s).
	inferred   5 D-type flip-flop(s).
	inferred   4 Adder/Subtractor(s).
	inferred   4 Comparator(s).
Unit <DCM_50M> synthesized.


Synthesizing Unit <lab6_experimen3>.
    Related source file is "C:/Users/James/Documents/Xlink_projects/lab6_projects/lab6_experiment4/lab6_experimen3.vhf".
WARNING:Xst:653 - Signal <XLXI_16_dp_in_openSignal> is used but never assigned. This sourceless signal will be automatically connected to value 0.
Unit <lab6_experimen3> synthesized.


Synthesizing Unit <lab_final_keypad>.
    Related source file is "C:/Users/James/Documents/Xlink_projects/lab6_projects/lab6_experiment4/lab_final_keypad.vhf".
WARNING:Xst:653 - Signal <binO<7:4>> is used but never assigned. This sourceless signal will be automatically connected to value 0000.
WARNING:Xst:653 - Signal <XLXI_7_Din_openSignal> is used but never assigned. This sourceless signal will be automatically connected to value 00000000.
WARNING:Xst:653 - Signal <XLXI_31_nWE_openSignal> is used but never assigned. This sourceless signal will be automatically connected to value 0.
WARNING:Xst:653 - Signal <XLXI_31_nCS_openSignal> is used but never assigned. This sourceless signal will be automatically connected to value 0.
WARNING:Xst:653 - Signal <XLXI_31_WCLK_openSignal> is used but never assigned. This sourceless signal will be automatically connected to value 0.
WARNING:Xst:653 - Signal <XLXI_31_D_openSignal> is used but never assigned. This sourceless signal will be automatically connected to value 00000000.
WARNING:Xst:653 - Signal <XLXI_31_A_openSignal> is used but never assigned. This sourceless signal will be automatically connected to value 00000.
WARNING:Xst:653 - Signal <XLXI_26_clk_openSignal> is used but never assigned. This sourceless signal will be automatically connected to value 0.
Unit <lab_final_keypad> synthesized.


=========================================================================
HDL Synthesis Report

Macro Statistics
# ROMs                                                 : 20
 16x4-bit ROM                                          : 14
 16x7-bit ROM                                          : 2
 4x2-bit ROM                                           : 2
 8x4-bit ROM                                           : 2
# Adders/Subtractors                                   : 9
 32-bit adder                                          : 9
# Counters                                             : 10
 32-bit up counter                                     : 9
 5-bit up counter                                      : 1
# Registers                                            : 72
 1-bit register                                        : 27
 2-bit register                                        : 4
 4-bit register                                        : 9
 8-bit register                                        : 32
# Comparators                                          : 9
 32-bit comparator greatequal                          : 5
 32-bit comparator greater                             : 4
# Multiplexers                                         : 1
 8-bit 32-to-1 multiplexer                             : 1
# Tristates                                            : 1
 8-bit tristate buffer                                 : 1

=========================================================================

=========================================================================
*                       Advanced HDL Synthesis                          *
=========================================================================

WARNING:Xst:1290 - Hierarchical block <XLXI_5> is unconnected in block <lab_final_keypad>.
   It will be removed from the design.
WARNING:Xst:1290 - Hierarchical block <XLXI_7> is unconnected in block <lab_final_keypad>.
   It will be removed from the design.
WARNING:Xst:1290 - Hierarchical block <XLXI_15> is unconnected in block <lab_final_keypad>.
   It will be removed from the design.
WARNING:Xst:1290 - Hierarchical block <XLXI_16> is unconnected in block <lab_final_keypad>.
   It will be removed from the design.
WARNING:Xst:1290 - Hierarchical block <XLXI_26> is unconnected in block <lab_final_keypad>.
   It will be removed from the design.
WARNING:Xst:1290 - Hierarchical block <XLXI_31> is unconnected in block <lab_final_keypad>.
   It will be removed from the design.
INFO:Xst:2261 - The FF/Latch <Dout2_2> in Unit <XLXI_14> is equivalent to the following FF/Latch, which will be removed : <Dout2_3> 
WARNING:Xst:1710 - FF/Latch <Dout2_2> (without init value) has a constant value of 0 in block <XLXI_14>. This FF/Latch will be trimmed during the optimization process.
WARNING:Xst:2404 -  FFs/Latches <Dout2<3:2>> (without init value) have a constant value of 0 in block <bin2BCD3en>.

Synthesizing (advanced) Unit <sel_strobeB>.
INFO:Xst:3034 - In order to maximize performance and save block RAM resources, the small ROM <Mrom_sel_mux0001> will be implemented on LUT. If you want to force its implementation on block, use option/constraint rom_style.
Unit <sel_strobeB> synthesized (advanced).

=========================================================================
Advanced HDL Synthesis Report

Macro Statistics
# ROMs                                                 : 20
 16x4-bit ROM                                          : 14
 16x7-bit ROM                                          : 2
 4x2-bit ROM                                           : 2
 8x4-bit ROM                                           : 2
# Adders/Subtractors                                   : 9
 32-bit adder                                          : 9
# Counters                                             : 10
 32-bit up counter                                     : 9
 5-bit up counter                                      : 1
# Registers                                            : 323
 Flip-Flops                                            : 323
# Comparators                                          : 9
 32-bit comparator greatequal                          : 5
 32-bit comparator greater                             : 4
# Multiplexers                                         : 1
 8-bit 32-to-1 multiplexer                             : 1

=========================================================================

=========================================================================
*                         Low Level Synthesis                           *
=========================================================================
INFO:Xst:2261 - The FF/Latch <mem_9_0> in Unit <sRAM32x8_generic> is equivalent to the following 7 FFs/Latches, which will be removed : <mem_9_1> <mem_9_2> <mem_9_3> <mem_9_4> <mem_9_5> <mem_9_6> <mem_9_7> 
INFO:Xst:2261 - The FF/Latch <mem_21_0> in Unit <sRAM32x8_generic> is equivalent to the following 7 FFs/Latches, which will be removed : <mem_21_1> <mem_21_2> <mem_21_3> <mem_21_4> <mem_21_5> <mem_21_6> <mem_21_7> 
INFO:Xst:2261 - The FF/Latch <mem_16_0> in Unit <sRAM32x8_generic> is equivalent to the following 7 FFs/Latches, which will be removed : <mem_16_1> <mem_16_2> <mem_16_3> <mem_16_4> <mem_16_5> <mem_16_6> <mem_16_7> 
INFO:Xst:2261 - The FF/Latch <mem_7_0> in Unit <sRAM32x8_generic> is equivalent to the following 7 FFs/Latches, which will be removed : <mem_7_1> <mem_7_2> <mem_7_3> <mem_7_4> <mem_7_5> <mem_7_6> <mem_7_7> 
INFO:Xst:2261 - The FF/Latch <mem_14_0> in Unit <sRAM32x8_generic> is equivalent to the following 7 FFs/Latches, which will be removed : <mem_14_1> <mem_14_2> <mem_14_3> <mem_14_4> <mem_14_5> <mem_14_6> <mem_14_7> 
INFO:Xst:2261 - The FF/Latch <mem_5_0> in Unit <sRAM32x8_generic> is equivalent to the following 7 FFs/Latches, which will be removed : <mem_5_1> <mem_5_2> <mem_5_3> <mem_5_4> <mem_5_5> <mem_5_6> <mem_5_7> 
INFO:Xst:2261 - The FF/Latch <mem_0_0> in Unit <sRAM32x8_generic> is equivalent to the following 7 FFs/Latches, which will be removed : <mem_0_1> <mem_0_2> <mem_0_3> <mem_0_4> <mem_0_5> <mem_0_6> <mem_0_7> 
INFO:Xst:2261 - The FF/Latch <mem_12_0> in Unit <sRAM32x8_generic> is equivalent to the following 7 FFs/Latches, which will be removed : <mem_12_1> <mem_12_2> <mem_12_3> <mem_12_4> <mem_12_5> <mem_12_6> <mem_12_7> 
INFO:Xst:2261 - The FF/Latch <mem_3_0> in Unit <sRAM32x8_generic> is equivalent to the following 7 FFs/Latches, which will be removed : <mem_3_1> <mem_3_2> <mem_3_3> <mem_3_4> <mem_3_5> <mem_3_6> <mem_3_7> 
INFO:Xst:2261 - The FF/Latch <mem_10_0> in Unit <sRAM32x8_generic> is equivalent to the following 7 FFs/Latches, which will be removed : <mem_10_1> <mem_10_2> <mem_10_3> <mem_10_4> <mem_10_5> <mem_10_6> <mem_10_7> 
INFO:Xst:2261 - The FF/Latch <mem_1_0> in Unit <sRAM32x8_generic> is equivalent to the following 7 FFs/Latches, which will be removed : <mem_1_1> <mem_1_2> <mem_1_3> <mem_1_4> <mem_1_5> <mem_1_6> <mem_1_7> 
INFO:Xst:2261 - The FF/Latch <mem_28_0> in Unit <sRAM32x8_generic> is equivalent to the following 7 FFs/Latches, which will be removed : <mem_28_1> <mem_28_2> <mem_28_3> <mem_28_4> <mem_28_5> <mem_28_6> <mem_28_7> 
INFO:Xst:2261 - The FF/Latch <mem_31_0> in Unit <sRAM32x8_generic> is equivalent to the following 7 FFs/Latches, which will be removed : <mem_31_1> <mem_31_2> <mem_31_3> <mem_31_4> <mem_31_5> <mem_31_6> <mem_31_7> 
INFO:Xst:2261 - The FF/Latch <mem_26_0> in Unit <sRAM32x8_generic> is equivalent to the following 7 FFs/Latches, which will be removed : <mem_26_1> <mem_26_2> <mem_26_3> <mem_26_4> <mem_26_5> <mem_26_6> <mem_26_7> 
INFO:Xst:2261 - The FF/Latch <mem_24_0> in Unit <sRAM32x8_generic> is equivalent to the following 7 FFs/Latches, which will be removed : <mem_24_1> <mem_24_2> <mem_24_3> <mem_24_4> <mem_24_5> <mem_24_6> <mem_24_7> 
INFO:Xst:2261 - The FF/Latch <mem_19_0> in Unit <sRAM32x8_generic> is equivalent to the following 7 FFs/Latches, which will be removed : <mem_19_1> <mem_19_2> <mem_19_3> <mem_19_4> <mem_19_5> <mem_19_6> <mem_19_7> 
INFO:Xst:2261 - The FF/Latch <mem_22_0> in Unit <sRAM32x8_generic> is equivalent to the following 7 FFs/Latches, which will be removed : <mem_22_1> <mem_22_2> <mem_22_3> <mem_22_4> <mem_22_5> <mem_22_6> <mem_22_7> 
INFO:Xst:2261 - The FF/Latch <mem_17_0> in Unit <sRAM32x8_generic> is equivalent to the following 7 FFs/Latches, which will be removed : <mem_17_1> <mem_17_2> <mem_17_3> <mem_17_4> <mem_17_5> <mem_17_6> <mem_17_7> 
INFO:Xst:2261 - The FF/Latch <mem_8_0> in Unit <sRAM32x8_generic> is equivalent to the following 7 FFs/Latches, which will be removed : <mem_8_1> <mem_8_2> <mem_8_3> <mem_8_4> <mem_8_5> <mem_8_6> <mem_8_7> 
INFO:Xst:2261 - The FF/Latch <mem_20_0> in Unit <sRAM32x8_generic> is equivalent to the following 7 FFs/Latches, which will be removed : <mem_20_1> <mem_20_2> <mem_20_3> <mem_20_4> <mem_20_5> <mem_20_6> <mem_20_7> 
INFO:Xst:2261 - The FF/Latch <mem_15_0> in Unit <sRAM32x8_generic> is equivalent to the following 7 FFs/Latches, which will be removed : <mem_15_1> <mem_15_2> <mem_15_3> <mem_15_4> <mem_15_5> <mem_15_6> <mem_15_7> 
INFO:Xst:2261 - The FF/Latch <mem_6_0> in Unit <sRAM32x8_generic> is equivalent to the following 7 FFs/Latches, which will be removed : <mem_6_1> <mem_6_2> <mem_6_3> <mem_6_4> <mem_6_5> <mem_6_6> <mem_6_7> 
INFO:Xst:2261 - The FF/Latch <mem_13_0> in Unit <sRAM32x8_generic> is equivalent to the following 7 FFs/Latches, which will be removed : <mem_13_1> <mem_13_2> <mem_13_3> <mem_13_4> <mem_13_5> <mem_13_6> <mem_13_7> 
INFO:Xst:2261 - The FF/Latch <mem_4_0> in Unit <sRAM32x8_generic> is equivalent to the following 7 FFs/Latches, which will be removed : <mem_4_1> <mem_4_2> <mem_4_3> <mem_4_4> <mem_4_5> <mem_4_6> <mem_4_7> 
INFO:Xst:2261 - The FF/Latch <mem_11_0> in Unit <sRAM32x8_generic> is equivalent to the following 7 FFs/Latches, which will be removed : <mem_11_1> <mem_11_2> <mem_11_3> <mem_11_4> <mem_11_5> <mem_11_6> <mem_11_7> 
INFO:Xst:2261 - The FF/Latch <mem_2_0> in Unit <sRAM32x8_generic> is equivalent to the following 7 FFs/Latches, which will be removed : <mem_2_1> <mem_2_2> <mem_2_3> <mem_2_4> <mem_2_5> <mem_2_6> <mem_2_7> 
INFO:Xst:2261 - The FF/Latch <mem_29_0> in Unit <sRAM32x8_generic> is equivalent to the following 7 FFs/Latches, which will be removed : <mem_29_1> <mem_29_2> <mem_29_3> <mem_29_4> <mem_29_5> <mem_29_6> <mem_29_7> 
INFO:Xst:2261 - The FF/Latch <mem_27_0> in Unit <sRAM32x8_generic> is equivalent to the following 7 FFs/Latches, which will be removed : <mem_27_1> <mem_27_2> <mem_27_3> <mem_27_4> <mem_27_5> <mem_27_6> <mem_27_7> 
INFO:Xst:2261 - The FF/Latch <mem_30_0> in Unit <sRAM32x8_generic> is equivalent to the following 7 FFs/Latches, which will be removed : <mem_30_1> <mem_30_2> <mem_30_3> <mem_30_4> <mem_30_5> <mem_30_6> <mem_30_7> 
INFO:Xst:2261 - The FF/Latch <mem_25_0> in Unit <sRAM32x8_generic> is equivalent to the following 7 FFs/Latches, which will be removed : <mem_25_1> <mem_25_2> <mem_25_3> <mem_25_4> <mem_25_5> <mem_25_6> <mem_25_7> 
INFO:Xst:2261 - The FF/Latch <mem_23_0> in Unit <sRAM32x8_generic> is equivalent to the following 7 FFs/Latches, which will be removed : <mem_23_1> <mem_23_2> <mem_23_3> <mem_23_4> <mem_23_5> <mem_23_6> <mem_23_7> 
INFO:Xst:2261 - The FF/Latch <mem_18_0> in Unit <sRAM32x8_generic> is equivalent to the following 7 FFs/Latches, which will be removed : <mem_18_1> <mem_18_2> <mem_18_3> <mem_18_4> <mem_18_5> <mem_18_6> <mem_18_7> 
INFO:Xst:2261 - The FF/Latch <RBout_1> in Unit <bin2BCD3en> is equivalent to the following FF/Latch, which will be removed : <RBout_0> 
WARNING:Xst:1710 - FF/Latch <colx_3> (without init value) has a constant value of 0 in block <col_strobe>. This FF/Latch will be trimmed during the optimization process.
WARNING:Xst:1895 - Due to other FF/Latch trimming, FF/Latch <col_0> (without init value) has a constant value of 0 in block <col_strobe>. This FF/Latch will be trimmed during the optimization process.
WARNING:Xst:1895 - Due to other FF/Latch trimming, FF/Latch <col_1> (without init value) has a constant value of 0 in block <col_strobe>. This FF/Latch will be trimmed during the optimization process.
WARNING:Xst:1895 - Due to other FF/Latch trimming, FF/Latch <col_2> (without init value) has a constant value of 0 in block <col_strobe>. This FF/Latch will be trimmed during the optimization process.
WARNING:Xst:1895 - Due to other FF/Latch trimming, FF/Latch <col_3> (without init value) has a constant value of 0 in block <col_strobe>. This FF/Latch will be trimmed during the optimization process.
WARNING:Xst:1895 - Due to other FF/Latch trimming, FF/Latch <colx_0> (without init value) has a constant value of 0 in block <col_strobe>. This FF/Latch will be trimmed during the optimization process.
WARNING:Xst:1895 - Due to other FF/Latch trimming, FF/Latch <colx_1> (without init value) has a constant value of 0 in block <col_strobe>. This FF/Latch will be trimmed during the optimization process.
WARNING:Xst:1895 - Due to other FF/Latch trimming, FF/Latch <colx_2> (without init value) has a constant value of 0 in block <col_strobe>. This FF/Latch will be trimmed during the optimization process.
WARNING:Xst:1293 - FF/Latch <mem_3_0> has a constant value of 0 in block <sRAM32x8_generic>. This FF/Latch will be trimmed during the optimization process.
WARNING:Xst:1293 - FF/Latch <mem_29_0> has a constant value of 0 in block <sRAM32x8_generic>. This FF/Latch will be trimmed during the optimization process.
WARNING:Xst:1293 - FF/Latch <mem_2_0> has a constant value of 0 in block <sRAM32x8_generic>. This FF/Latch will be trimmed during the optimization process.
WARNING:Xst:1293 - FF/Latch <mem_28_0> has a constant value of 0 in block <sRAM32x8_generic>. This FF/Latch will be trimmed during the optimization process.
WARNING:Xst:1293 - FF/Latch <mem_1_0> has a constant value of 0 in block <sRAM32x8_generic>. This FF/Latch will be trimmed during the optimization process.
WARNING:Xst:1293 - FF/Latch <mem_27_0> has a constant value of 0 in block <sRAM32x8_generic>. This FF/Latch will be trimmed during the optimization process.
WARNING:Xst:1293 - FF/Latch <mem_0_0> has a constant value of 0 in block <sRAM32x8_generic>. This FF/Latch will be trimmed during the optimization process.
WARNING:Xst:1293 - FF/Latch <mem_26_0> has a constant value of 0 in block <sRAM32x8_generic>. This FF/Latch will be trimmed during the optimization process.
WARNING:Xst:1293 - FF/Latch <mem_31_0> has a constant value of 0 in block <sRAM32x8_generic>. This FF/Latch will be trimmed during the optimization process.
WARNING:Xst:1293 - FF/Latch <mem_25_0> has a constant value of 0 in block <sRAM32x8_generic>. This FF/Latch will be trimmed during the optimization process.
WARNING:Xst:1293 - FF/Latch <mem_30_0> has a constant value of 0 in block <sRAM32x8_generic>. This FF/Latch will be trimmed during the optimization process.
WARNING:Xst:1293 - FF/Latch <mem_19_0> has a constant value of 0 in block <sRAM32x8_generic>. This FF/Latch will be trimmed during the optimization process.
WARNING:Xst:1293 - FF/Latch <mem_18_0> has a constant value of 0 in block <sRAM32x8_generic>. This FF/Latch will be trimmed during the optimization process.
WARNING:Xst:1293 - FF/Latch <mem_23_0> has a constant value of 0 in block <sRAM32x8_generic>. This FF/Latch will be trimmed during the optimization process.
WARNING:Xst:1293 - FF/Latch <mem_24_0> has a constant value of 0 in block <sRAM32x8_generic>. This FF/Latch will be trimmed during the optimization process.
WARNING:Xst:1293 - FF/Latch <mem_17_0> has a constant value of 0 in block <sRAM32x8_generic>. This FF/Latch will be trimmed during the optimization process.
WARNING:Xst:1293 - FF/Latch <mem_22_0> has a constant value of 0 in block <sRAM32x8_generic>. This FF/Latch will be trimmed during the optimization process.
WARNING:Xst:1293 - FF/Latch <mem_16_0> has a constant value of 0 in block <sRAM32x8_generic>. This FF/Latch will be trimmed during the optimization process.
WARNING:Xst:1293 - FF/Latch <mem_21_0> has a constant value of 0 in block <sRAM32x8_generic>. This FF/Latch will be trimmed during the optimization process.
WARNING:Xst:1293 - FF/Latch <mem_15_0> has a constant value of 0 in block <sRAM32x8_generic>. This FF/Latch will be trimmed during the optimization process.
WARNING:Xst:1293 - FF/Latch <mem_20_0> has a constant value of 0 in block <sRAM32x8_generic>. This FF/Latch will be trimmed during the optimization process.
WARNING:Xst:1293 - FF/Latch <mem_14_0> has a constant value of 0 in block <sRAM32x8_generic>. This FF/Latch will be trimmed during the optimization process.
WARNING:Xst:1293 - FF/Latch <mem_13_0> has a constant value of 0 in block <sRAM32x8_generic>. This FF/Latch will be trimmed during the optimization process.
WARNING:Xst:1293 - FF/Latch <mem_12_0> has a constant value of 0 in block <sRAM32x8_generic>. This FF/Latch will be trimmed during the optimization process.
WARNING:Xst:1293 - FF/Latch <mem_11_0> has a constant value of 0 in block <sRAM32x8_generic>. This FF/Latch will be trimmed during the optimization process.
WARNING:Xst:1293 - FF/Latch <mem_10_0> has a constant value of 0 in block <sRAM32x8_generic>. This FF/Latch will be trimmed during the optimization process.
WARNING:Xst:1293 - FF/Latch <mem_9_0> has a constant value of 0 in block <sRAM32x8_generic>. This FF/Latch will be trimmed during the optimization process.
WARNING:Xst:1293 - FF/Latch <mem_8_0> has a constant value of 0 in block <sRAM32x8_generic>. This FF/Latch will be trimmed during the optimization process.
WARNING:Xst:1293 - FF/Latch <mem_7_0> has a constant value of 0 in block <sRAM32x8_generic>. This FF/Latch will be trimmed during the optimization process.
WARNING:Xst:1293 - FF/Latch <mem_5_0> has a constant value of 0 in block <sRAM32x8_generic>. This FF/Latch will be trimmed during the optimization process.
WARNING:Xst:1293 - FF/Latch <mem_4_0> has a constant value of 0 in block <sRAM32x8_generic>. This FF/Latch will be trimmed during the optimization process.
WARNING:Xst:1293 - FF/Latch <mem_6_0> has a constant value of 0 in block <sRAM32x8_generic>. This FF/Latch will be trimmed during the optimization process.
WARNING:Xst:1710 - FF/Latch <RBout_3> (without init value) has a constant value of 1 in block <bin2BCD3en>. This FF/Latch will be trimmed during the optimization process.
WARNING:Xst:1895 - Due to other FF/Latch trimming, FF/Latch <RBout_1> (without init value) has a constant value of 0 in block <bin2BCD3en>. This FF/Latch will be trimmed during the optimization process.
WARNING:Xst:2677 - Node <XLXI_5/sel_0> of sequential type is unconnected in block <lab_final_keypad>.
WARNING:Xst:2677 - Node <XLXI_5/sel_1> of sequential type is unconnected in block <lab_final_keypad>.
WARNING:Xst:2677 - Node <XLXI_5/selx_0> of sequential type is unconnected in block <lab_final_keypad>.
WARNING:Xst:2677 - Node <XLXI_5/selx_1> of sequential type is unconnected in block <lab_final_keypad>.

Optimizing unit <lab_final_keypad> ...

Optimizing unit <CRenc4bin> ...

Optimizing unit <DCM_100M> ...

Optimizing unit <DCM_50M> ...

Optimizing unit <bin2BCD3en> ...

Optimizing unit <lab6_experimen3> ...
WARNING:Xst:1710 - FF/Latch <XLXI_35/XLXI_14/Dout1_3> (without init value) has a constant value of 0 in block <lab_final_keypad>. This FF/Latch will be trimmed during the optimization process.
WARNING:Xst:1895 - Due to other FF/Latch trimming, FF/Latch <XLXI_35/XLXI_14/Dout1_2> (without init value) has a constant value of 0 in block <lab_final_keypad>. This FF/Latch will be trimmed during the optimization process.
WARNING:Xst:1895 - Due to other FF/Latch trimming, FF/Latch <XLXI_35/XLXI_14/Dout1_1> (without init value) has a constant value of 0 in block <lab_final_keypad>. This FF/Latch will be trimmed during the optimization process.
WARNING:Xst:1895 - Due to other FF/Latch trimming, FF/Latch <XLXI_35/XLXI_14/Dout2_0> (without init value) has a constant value of 0 in block <lab_final_keypad>. This FF/Latch will be trimmed during the optimization process.
WARNING:Xst:1895 - Due to other FF/Latch trimming, FF/Latch <XLXI_35/XLXI_14/Dout2_1> (without init value) has a constant value of 0 in block <lab_final_keypad>. This FF/Latch will be trimmed during the optimization process.
WARNING:Xst:2677 - Node <XLXI_28/cnt1_31> of sequential type is unconnected in block <lab_final_keypad>.
WARNING:Xst:2677 - Node <XLXI_28/cnt1_30> of sequential type is unconnected in block <lab_final_keypad>.
WARNING:Xst:2677 - Node <XLXI_28/cnt1_29> of sequential type is unconnected in block <lab_final_keypad>.
WARNING:Xst:2677 - Node <XLXI_28/cnt1_28> of sequential type is unconnected in block <lab_final_keypad>.
WARNING:Xst:2677 - Node <XLXI_28/cnt1_27> of sequential type is unconnected in block <lab_final_keypad>.
WARNING:Xst:2677 - Node <XLXI_28/cnt1_26> of sequential type is unconnected in block <lab_final_keypad>.
WARNING:Xst:2677 - Node <XLXI_28/cnt1_25> of sequential type is unconnected in block <lab_final_keypad>.
WARNING:Xst:2677 - Node <XLXI_28/cnt1_24> of sequential type is unconnected in block <lab_final_keypad>.
WARNING:Xst:2677 - Node <XLXI_28/cnt1_23> of sequential type is unconnected in block <lab_final_keypad>.
WARNING:Xst:2677 - Node <XLXI_28/cnt1_22> of sequential type is unconnected in block <lab_final_keypad>.
WARNING:Xst:2677 - Node <XLXI_28/cnt1_21> of sequential type is unconnected in block <lab_final_keypad>.
WARNING:Xst:2677 - Node <XLXI_28/cnt1_20> of sequential type is unconnected in block <lab_final_keypad>.
WARNING:Xst:2677 - Node <XLXI_28/cnt1_19> of sequential type is unconnected in block <lab_final_keypad>.
WARNING:Xst:2677 - Node <XLXI_28/cnt1_18> of sequential type is unconnected in block <lab_final_keypad>.
WARNING:Xst:2677 - Node <XLXI_28/cnt1_17> of sequential type is unconnected in block <lab_final_keypad>.
WARNING:Xst:2677 - Node <XLXI_28/cnt1_16> of sequential type is unconnected in block <lab_final_keypad>.
WARNING:Xst:2677 - Node <XLXI_28/cnt1_15> of sequential type is unconnected in block <lab_final_keypad>.
WARNING:Xst:2677 - Node <XLXI_28/cnt1_14> of sequential type is unconnected in block <lab_final_keypad>.
WARNING:Xst:2677 - Node <XLXI_28/cnt1_13> of sequential type is unconnected in block <lab_final_keypad>.
WARNING:Xst:2677 - Node <XLXI_28/cnt1_12> of sequential type is unconnected in block <lab_final_keypad>.
WARNING:Xst:2677 - Node <XLXI_28/cnt1_11> of sequential type is unconnected in block <lab_final_keypad>.
WARNING:Xst:2677 - Node <XLXI_28/cnt1_10> of sequential type is unconnected in block <lab_final_keypad>.
WARNING:Xst:2677 - Node <XLXI_28/cnt1_9> of sequential type is unconnected in block <lab_final_keypad>.
WARNING:Xst:2677 - Node <XLXI_28/cnt1_8> of sequential type is unconnected in block <lab_final_keypad>.
WARNING:Xst:2677 - Node <XLXI_28/cnt1_7> of sequential type is unconnected in block <lab_final_keypad>.
WARNING:Xst:2677 - Node <XLXI_28/cnt1_6> of sequential type is unconnected in block <lab_final_keypad>.
WARNING:Xst:2677 - Node <XLXI_28/cnt1_5> of sequential type is unconnected in block <lab_final_keypad>.
WARNING:Xst:2677 - Node <XLXI_28/cnt1_4> of sequential type is unconnected in block <lab_final_keypad>.
WARNING:Xst:2677 - Node <XLXI_28/cnt1_3> of sequential type is unconnected in block <lab_final_keypad>.
WARNING:Xst:2677 - Node <XLXI_28/cnt1_2> of sequential type is unconnected in block <lab_final_keypad>.
WARNING:Xst:2677 - Node <XLXI_28/cnt1_1> of sequential type is unconnected in block <lab_final_keypad>.
WARNING:Xst:2677 - Node <XLXI_28/cnt1_0> of sequential type is unconnected in block <lab_final_keypad>.
WARNING:Xst:2677 - Node <XLXI_28/cnt1M_31> of sequential type is unconnected in block <lab_final_keypad>.
WARNING:Xst:2677 - Node <XLXI_28/cnt1M_30> of sequential type is unconnected in block <lab_final_keypad>.
WARNING:Xst:2677 - Node <XLXI_28/cnt1M_29> of sequential type is unconnected in block <lab_final_keypad>.
WARNING:Xst:2677 - Node <XLXI_28/cnt1M_28> of sequential type is unconnected in block <lab_final_keypad>.
WARNING:Xst:2677 - Node <XLXI_28/cnt1M_27> of sequential type is unconnected in block <lab_final_keypad>.
WARNING:Xst:2677 - Node <XLXI_28/cnt1M_26> of sequential type is unconnected in block <lab_final_keypad>.
WARNING:Xst:2677 - Node <XLXI_28/cnt1M_25> of sequential type is unconnected in block <lab_final_keypad>.
WARNING:Xst:2677 - Node <XLXI_28/cnt1M_24> of sequential type is unconnected in block <lab_final_keypad>.
WARNING:Xst:2677 - Node <XLXI_28/cnt1M_23> of sequential type is unconnected in block <lab_final_keypad>.
WARNING:Xst:2677 - Node <XLXI_28/cnt1M_22> of sequential type is unconnected in block <lab_final_keypad>.
WARNING:Xst:2677 - Node <XLXI_28/cnt1M_21> of sequential type is unconnected in block <lab_final_keypad>.
WARNING:Xst:2677 - Node <XLXI_28/cnt1M_20> of sequential type is unconnected in block <lab_final_keypad>.
WARNING:Xst:2677 - Node <XLXI_28/cnt1M_19> of sequential type is unconnected in block <lab_final_keypad>.
WARNING:Xst:2677 - Node <XLXI_28/cnt1M_18> of sequential type is unconnected in block <lab_final_keypad>.
WARNING:Xst:2677 - Node <XLXI_28/cnt1M_17> of sequential type is unconnected in block <lab_final_keypad>.
WARNING:Xst:2677 - Node <XLXI_28/cnt1M_16> of sequential type is unconnected in block <lab_final_keypad>.
WARNING:Xst:2677 - Node <XLXI_28/cnt1M_15> of sequential type is unconnected in block <lab_final_keypad>.
WARNING:Xst:2677 - Node <XLXI_28/cnt1M_14> of sequential type is unconnected in block <lab_final_keypad>.
WARNING:Xst:2677 - Node <XLXI_28/cnt1M_13> of sequential type is unconnected in block <lab_final_keypad>.
WARNING:Xst:2677 - Node <XLXI_28/cnt1M_12> of sequential type is unconnected in block <lab_final_keypad>.
WARNING:Xst:2677 - Node <XLXI_28/cnt1M_11> of sequential type is unconnected in block <lab_final_keypad>.
WARNING:Xst:2677 - Node <XLXI_28/cnt1M_10> of sequential type is unconnected in block <lab_final_keypad>.
WARNING:Xst:2677 - Node <XLXI_28/cnt1M_9> of sequential type is unconnected in block <lab_final_keypad>.
WARNING:Xst:2677 - Node <XLXI_28/cnt1M_8> of sequential type is unconnected in block <lab_final_keypad>.
WARNING:Xst:2677 - Node <XLXI_28/cnt1M_7> of sequential type is unconnected in block <lab_final_keypad>.
WARNING:Xst:2677 - Node <XLXI_28/cnt1M_6> of sequential type is unconnected in block <lab_final_keypad>.
WARNING:Xst:2677 - Node <XLXI_28/cnt1M_5> of sequential type is unconnected in block <lab_final_keypad>.
WARNING:Xst:2677 - Node <XLXI_28/cnt1M_4> of sequential type is unconnected in block <lab_final_keypad>.
WARNING:Xst:2677 - Node <XLXI_28/cnt1M_3> of sequential type is unconnected in block <lab_final_keypad>.
WARNING:Xst:2677 - Node <XLXI_28/cnt1M_2> of sequential type is unconnected in block <lab_final_keypad>.
WARNING:Xst:2677 - Node <XLXI_28/cnt1M_1> of sequential type is unconnected in block <lab_final_keypad>.
WARNING:Xst:2677 - Node <XLXI_28/cnt1M_0> of sequential type is unconnected in block <lab_final_keypad>.
WARNING:Xst:2677 - Node <XLXI_28/cnt10k_31> of sequential type is unconnected in block <lab_final_keypad>.
WARNING:Xst:2677 - Node <XLXI_28/cnt10k_30> of sequential type is unconnected in block <lab_final_keypad>.
WARNING:Xst:2677 - Node <XLXI_28/cnt10k_29> of sequential type is unconnected in block <lab_final_keypad>.
WARNING:Xst:2677 - Node <XLXI_28/cnt10k_28> of sequential type is unconnected in block <lab_final_keypad>.
WARNING:Xst:2677 - Node <XLXI_28/cnt10k_27> of sequential type is unconnected in block <lab_final_keypad>.
WARNING:Xst:2677 - Node <XLXI_28/cnt10k_26> of sequential type is unconnected in block <lab_final_keypad>.
WARNING:Xst:2677 - Node <XLXI_28/cnt10k_25> of sequential type is unconnected in block <lab_final_keypad>.
WARNING:Xst:2677 - Node <XLXI_28/cnt10k_24> of sequential type is unconnected in block <lab_final_keypad>.
WARNING:Xst:2677 - Node <XLXI_28/cnt10k_23> of sequential type is unconnected in block <lab_final_keypad>.
WARNING:Xst:2677 - Node <XLXI_28/cnt10k_22> of sequential type is unconnected in block <lab_final_keypad>.
WARNING:Xst:2677 - Node <XLXI_28/cnt10k_21> of sequential type is unconnected in block <lab_final_keypad>.
WARNING:Xst:2677 - Node <XLXI_28/cnt10k_20> of sequential type is unconnected in block <lab_final_keypad>.
WARNING:Xst:2677 - Node <XLXI_28/cnt10k_19> of sequential type is unconnected in block <lab_final_keypad>.
WARNING:Xst:2677 - Node <XLXI_28/cnt10k_18> of sequential type is unconnected in block <lab_final_keypad>.
WARNING:Xst:2677 - Node <XLXI_28/cnt10k_17> of sequential type is unconnected in block <lab_final_keypad>.
WARNING:Xst:2677 - Node <XLXI_28/cnt10k_16> of sequential type is unconnected in block <lab_final_keypad>.
WARNING:Xst:2677 - Node <XLXI_28/cnt10k_15> of sequential type is unconnected in block <lab_final_keypad>.
WARNING:Xst:2677 - Node <XLXI_28/cnt10k_14> of sequential type is unconnected in block <lab_final_keypad>.
WARNING:Xst:2677 - Node <XLXI_28/cnt10k_13> of sequential type is unconnected in block <lab_final_keypad>.
WARNING:Xst:2677 - Node <XLXI_28/cnt10k_12> of sequential type is unconnected in block <lab_final_keypad>.
WARNING:Xst:2677 - Node <XLXI_28/cnt10k_11> of sequential type is unconnected in block <lab_final_keypad>.
WARNING:Xst:2677 - Node <XLXI_28/cnt10k_10> of sequential type is unconnected in block <lab_final_keypad>.
WARNING:Xst:2677 - Node <XLXI_28/cnt10k_9> of sequential type is unconnected in block <lab_final_keypad>.
WARNING:Xst:2677 - Node <XLXI_28/cnt10k_8> of sequential type is unconnected in block <lab_final_keypad>.
WARNING:Xst:2677 - Node <XLXI_28/cnt10k_7> of sequential type is unconnected in block <lab_final_keypad>.
WARNING:Xst:2677 - Node <XLXI_28/cnt10k_6> of sequential type is unconnected in block <lab_final_keypad>.
WARNING:Xst:2677 - Node <XLXI_28/cnt10k_5> of sequential type is unconnected in block <lab_final_keypad>.
WARNING:Xst:2677 - Node <XLXI_28/cnt10k_4> of sequential type is unconnected in block <lab_final_keypad>.
WARNING:Xst:2677 - Node <XLXI_28/cnt10k_3> of sequential type is unconnected in block <lab_final_keypad>.
WARNING:Xst:2677 - Node <XLXI_28/cnt10k_2> of sequential type is unconnected in block <lab_final_keypad>.
WARNING:Xst:2677 - Node <XLXI_28/cnt10k_1> of sequential type is unconnected in block <lab_final_keypad>.
WARNING:Xst:2677 - Node <XLXI_28/cnt10k_0> of sequential type is unconnected in block <lab_final_keypad>.
WARNING:Xst:2677 - Node <XLXI_28/cnt100_31> of sequential type is unconnected in block <lab_final_keypad>.
WARNING:Xst:2677 - Node <XLXI_28/cnt100_30> of sequential type is unconnected in block <lab_final_keypad>.
WARNING:Xst:2677 - Node <XLXI_28/cnt100_29> of sequential type is unconnected in block <lab_final_keypad>.
WARNING:Xst:2677 - Node <XLXI_28/cnt100_28> of sequential type is unconnected in block <lab_final_keypad>.
WARNING:Xst:2677 - Node <XLXI_28/cnt100_27> of sequential type is unconnected in block <lab_final_keypad>.
WARNING:Xst:2677 - Node <XLXI_28/cnt100_26> of sequential type is unconnected in block <lab_final_keypad>.
WARNING:Xst:2677 - Node <XLXI_28/cnt100_25> of sequential type is unconnected in block <lab_final_keypad>.
WARNING:Xst:2677 - Node <XLXI_28/cnt100_24> of sequential type is unconnected in block <lab_final_keypad>.
WARNING:Xst:2677 - Node <XLXI_28/cnt100_23> of sequential type is unconnected in block <lab_final_keypad>.
WARNING:Xst:2677 - Node <XLXI_28/cnt100_22> of sequential type is unconnected in block <lab_final_keypad>.
WARNING:Xst:2677 - Node <XLXI_28/cnt100_21> of sequential type is unconnected in block <lab_final_keypad>.
WARNING:Xst:2677 - Node <XLXI_28/cnt100_20> of sequential type is unconnected in block <lab_final_keypad>.
WARNING:Xst:2677 - Node <XLXI_28/cnt100_19> of sequential type is unconnected in block <lab_final_keypad>.
WARNING:Xst:2677 - Node <XLXI_28/cnt100_18> of sequential type is unconnected in block <lab_final_keypad>.
WARNING:Xst:2677 - Node <XLXI_28/cnt100_17> of sequential type is unconnected in block <lab_final_keypad>.
WARNING:Xst:2677 - Node <XLXI_28/cnt100_16> of sequential type is unconnected in block <lab_final_keypad>.
WARNING:Xst:2677 - Node <XLXI_28/cnt100_15> of sequential type is unconnected in block <lab_final_keypad>.
WARNING:Xst:2677 - Node <XLXI_28/cnt100_14> of sequential type is unconnected in block <lab_final_keypad>.
WARNING:Xst:2677 - Node <XLXI_28/cnt100_13> of sequential type is unconnected in block <lab_final_keypad>.
WARNING:Xst:2677 - Node <XLXI_28/cnt100_12> of sequential type is unconnected in block <lab_final_keypad>.
WARNING:Xst:2677 - Node <XLXI_28/cnt100_11> of sequential type is unconnected in block <lab_final_keypad>.
WARNING:Xst:2677 - Node <XLXI_28/cnt100_10> of sequential type is unconnected in block <lab_final_keypad>.
WARNING:Xst:2677 - Node <XLXI_28/cnt100_9> of sequential type is unconnected in block <lab_final_keypad>.
WARNING:Xst:2677 - Node <XLXI_28/cnt100_8> of sequential type is unconnected in block <lab_final_keypad>.
WARNING:Xst:2677 - Node <XLXI_28/cnt100_7> of sequential type is unconnected in block <lab_final_keypad>.
WARNING:Xst:2677 - Node <XLXI_28/cnt100_6> of sequential type is unconnected in block <lab_final_keypad>.
WARNING:Xst:2677 - Node <XLXI_28/cnt100_5> of sequential type is unconnected in block <lab_final_keypad>.
WARNING:Xst:2677 - Node <XLXI_28/cnt100_4> of sequential type is unconnected in block <lab_final_keypad>.
WARNING:Xst:2677 - Node <XLXI_28/cnt100_3> of sequential type is unconnected in block <lab_final_keypad>.
WARNING:Xst:2677 - Node <XLXI_28/cnt100_2> of sequential type is unconnected in block <lab_final_keypad>.
WARNING:Xst:2677 - Node <XLXI_28/cnt100_1> of sequential type is unconnected in block <lab_final_keypad>.
WARNING:Xst:2677 - Node <XLXI_28/cnt100_0> of sequential type is unconnected in block <lab_final_keypad>.
WARNING:Xst:2677 - Node <XLXI_28/clk_10k_0> of sequential type is unconnected in block <lab_final_keypad>.
WARNING:Xst:2677 - Node <XLXI_28/clk_100_0> of sequential type is unconnected in block <lab_final_keypad>.
WARNING:Xst:2677 - Node <XLXI_28/clk_1_0> of sequential type is unconnected in block <lab_final_keypad>.
WARNING:Xst:2677 - Node <XLXI_28/clk_1m_0> of sequential type is unconnected in block <lab_final_keypad>.
WARNING:Xst:2677 - Node <XLXI_7/RBout_2> of sequential type is unconnected in block <lab_final_keypad>.
WARNING:Xst:2677 - Node <XLXI_7/Dout2_1> of sequential type is unconnected in block <lab_final_keypad>.
WARNING:Xst:2677 - Node <XLXI_7/Dout2_0> of sequential type is unconnected in block <lab_final_keypad>.
WARNING:Xst:2677 - Node <XLXI_7/Dout1_0> of sequential type is unconnected in block <lab_final_keypad>.
WARNING:Xst:2677 - Node <XLXI_7/Dout1_1> of sequential type is unconnected in block <lab_final_keypad>.
WARNING:Xst:2677 - Node <XLXI_7/Dout1_2> of sequential type is unconnected in block <lab_final_keypad>.
WARNING:Xst:2677 - Node <XLXI_7/Dout1_3> of sequential type is unconnected in block <lab_final_keypad>.
WARNING:Xst:2677 - Node <XLXI_7/Dout0_1> of sequential type is unconnected in block <lab_final_keypad>.
WARNING:Xst:2677 - Node <XLXI_7/Dout0_3> of sequential type is unconnected in block <lab_final_keypad>.
WARNING:Xst:2677 - Node <XLXI_7/Dout0_2> of sequential type is unconnected in block <lab_final_keypad>.
WARNING:Xst:2677 - Node <XLXI_7/Dout0_0> of sequential type is unconnected in block <lab_final_keypad>.
WARNING:Xst:2677 - Node <XLXI_35/XLXI_14/RBout_2> of sequential type is unconnected in block <lab_final_keypad>.
WARNING:Xst:2677 - Node <XLXI_35/XLXI_3/clk_1m> of sequential type is unconnected in block <lab_final_keypad>.
WARNING:Xst:2677 - Node <XLXI_35/XLXI_3/clk_1_0> of sequential type is unconnected in block <lab_final_keypad>.
WARNING:Xst:2677 - Node <XLXI_35/XLXI_3/clk_100_0> of sequential type is unconnected in block <lab_final_keypad>.
WARNING:Xst:2677 - Node <XLXI_35/XLXI_3/clk_10k_0> of sequential type is unconnected in block <lab_final_keypad>.
WARNING:Xst:2677 - Node <XLXI_35/XLXI_3/cnt100_0> of sequential type is unconnected in block <lab_final_keypad>.
WARNING:Xst:2677 - Node <XLXI_35/XLXI_3/cnt100_1> of sequential type is unconnected in block <lab_final_keypad>.
WARNING:Xst:2677 - Node <XLXI_35/XLXI_3/cnt100_2> of sequential type is unconnected in block <lab_final_keypad>.
WARNING:Xst:2677 - Node <XLXI_35/XLXI_3/cnt100_3> of sequential type is unconnected in block <lab_final_keypad>.
WARNING:Xst:2677 - Node <XLXI_35/XLXI_3/cnt100_4> of sequential type is unconnected in block <lab_final_keypad>.
WARNING:Xst:2677 - Node <XLXI_35/XLXI_3/cnt100_5> of sequential type is unconnected in block <lab_final_keypad>.
WARNING:Xst:2677 - Node <XLXI_35/XLXI_3/cnt100_6> of sequential type is unconnected in block <lab_final_keypad>.
WARNING:Xst:2677 - Node <XLXI_35/XLXI_3/cnt100_7> of sequential type is unconnected in block <lab_final_keypad>.
WARNING:Xst:2677 - Node <XLXI_35/XLXI_3/cnt100_8> of sequential type is unconnected in block <lab_final_keypad>.
WARNING:Xst:2677 - Node <XLXI_35/XLXI_3/cnt100_9> of sequential type is unconnected in block <lab_final_keypad>.
WARNING:Xst:2677 - Node <XLXI_35/XLXI_3/cnt100_10> of sequential type is unconnected in block <lab_final_keypad>.
WARNING:Xst:2677 - Node <XLXI_35/XLXI_3/cnt100_11> of sequential type is unconnected in block <lab_final_keypad>.
WARNING:Xst:2677 - Node <XLXI_35/XLXI_3/cnt100_12> of sequential type is unconnected in block <lab_final_keypad>.
WARNING:Xst:2677 - Node <XLXI_35/XLXI_3/cnt100_13> of sequential type is unconnected in block <lab_final_keypad>.
WARNING:Xst:2677 - Node <XLXI_35/XLXI_3/cnt100_14> of sequential type is unconnected in block <lab_final_keypad>.
WARNING:Xst:2677 - Node <XLXI_35/XLXI_3/cnt100_15> of sequential type is unconnected in block <lab_final_keypad>.
WARNING:Xst:2677 - Node <XLXI_35/XLXI_3/cnt100_16> of sequential type is unconnected in block <lab_final_keypad>.
WARNING:Xst:2677 - Node <XLXI_35/XLXI_3/cnt100_17> of sequential type is unconnected in block <lab_final_keypad>.
WARNING:Xst:2677 - Node <XLXI_35/XLXI_3/cnt100_18> of sequential type is unconnected in block <lab_final_keypad>.
WARNING:Xst:2677 - Node <XLXI_35/XLXI_3/cnt100_19> of sequential type is unconnected in block <lab_final_keypad>.
WARNING:Xst:2677 - Node <XLXI_35/XLXI_3/cnt100_20> of sequential type is unconnected in block <lab_final_keypad>.
WARNING:Xst:2677 - Node <XLXI_35/XLXI_3/cnt100_21> of sequential type is unconnected in block <lab_final_keypad>.
WARNING:Xst:2677 - Node <XLXI_35/XLXI_3/cnt100_22> of sequential type is unconnected in block <lab_final_keypad>.
WARNING:Xst:2677 - Node <XLXI_35/XLXI_3/cnt100_23> of sequential type is unconnected in block <lab_final_keypad>.
WARNING:Xst:2677 - Node <XLXI_35/XLXI_3/cnt100_24> of sequential type is unconnected in block <lab_final_keypad>.
WARNING:Xst:2677 - Node <XLXI_35/XLXI_3/cnt100_25> of sequential type is unconnected in block <lab_final_keypad>.
WARNING:Xst:2677 - Node <XLXI_35/XLXI_3/cnt100_26> of sequential type is unconnected in block <lab_final_keypad>.
WARNING:Xst:2677 - Node <XLXI_35/XLXI_3/cnt100_27> of sequential type is unconnected in block <lab_final_keypad>.
WARNING:Xst:2677 - Node <XLXI_35/XLXI_3/cnt100_28> of sequential type is unconnected in block <lab_final_keypad>.
WARNING:Xst:2677 - Node <XLXI_35/XLXI_3/cnt100_29> of sequential type is unconnected in block <lab_final_keypad>.
WARNING:Xst:2677 - Node <XLXI_35/XLXI_3/cnt100_30> of sequential type is unconnected in block <lab_final_keypad>.
WARNING:Xst:2677 - Node <XLXI_35/XLXI_3/cnt100_31> of sequential type is unconnected in block <lab_final_keypad>.
WARNING:Xst:2677 - Node <XLXI_35/XLXI_3/cnt1M_0> of sequential type is unconnected in block <lab_final_keypad>.
WARNING:Xst:2677 - Node <XLXI_35/XLXI_3/cnt1M_1> of sequential type is unconnected in block <lab_final_keypad>.
WARNING:Xst:2677 - Node <XLXI_35/XLXI_3/cnt1M_2> of sequential type is unconnected in block <lab_final_keypad>.
WARNING:Xst:2677 - Node <XLXI_35/XLXI_3/cnt1M_3> of sequential type is unconnected in block <lab_final_keypad>.
WARNING:Xst:2677 - Node <XLXI_35/XLXI_3/cnt1M_4> of sequential type is unconnected in block <lab_final_keypad>.
WARNING:Xst:2677 - Node <XLXI_35/XLXI_3/cnt10k_0> of sequential type is unconnected in block <lab_final_keypad>.
WARNING:Xst:2677 - Node <XLXI_35/XLXI_3/cnt10k_1> of sequential type is unconnected in block <lab_final_keypad>.
WARNING:Xst:2677 - Node <XLXI_35/XLXI_3/cnt10k_2> of sequential type is unconnected in block <lab_final_keypad>.
WARNING:Xst:2677 - Node <XLXI_35/XLXI_3/cnt10k_3> of sequential type is unconnected in block <lab_final_keypad>.
WARNING:Xst:2677 - Node <XLXI_35/XLXI_3/cnt10k_4> of sequential type is unconnected in block <lab_final_keypad>.
WARNING:Xst:2677 - Node <XLXI_35/XLXI_3/cnt10k_5> of sequential type is unconnected in block <lab_final_keypad>.
WARNING:Xst:2677 - Node <XLXI_35/XLXI_3/cnt10k_6> of sequential type is unconnected in block <lab_final_keypad>.
WARNING:Xst:2677 - Node <XLXI_35/XLXI_3/cnt10k_7> of sequential type is unconnected in block <lab_final_keypad>.
WARNING:Xst:2677 - Node <XLXI_35/XLXI_3/cnt10k_8> of sequential type is unconnected in block <lab_final_keypad>.
WARNING:Xst:2677 - Node <XLXI_35/XLXI_3/cnt10k_9> of sequential type is unconnected in block <lab_final_keypad>.
WARNING:Xst:2677 - Node <XLXI_35/XLXI_3/cnt10k_10> of sequential type is unconnected in block <lab_final_keypad>.
WARNING:Xst:2677 - Node <XLXI_35/XLXI_3/cnt10k_11> of sequential type is unconnected in block <lab_final_keypad>.
WARNING:Xst:2677 - Node <XLXI_35/XLXI_3/cnt10k_12> of sequential type is unconnected in block <lab_final_keypad>.
WARNING:Xst:2677 - Node <XLXI_35/XLXI_3/cnt10k_13> of sequential type is unconnected in block <lab_final_keypad>.
WARNING:Xst:2677 - Node <XLXI_35/XLXI_3/cnt10k_14> of sequential type is unconnected in block <lab_final_keypad>.
WARNING:Xst:2677 - Node <XLXI_35/XLXI_3/cnt10k_15> of sequential type is unconnected in block <lab_final_keypad>.
WARNING:Xst:2677 - Node <XLXI_35/XLXI_3/cnt10k_16> of sequential type is unconnected in block <lab_final_keypad>.
WARNING:Xst:2677 - Node <XLXI_35/XLXI_3/cnt10k_17> of sequential type is unconnected in block <lab_final_keypad>.
WARNING:Xst:2677 - Node <XLXI_35/XLXI_3/cnt10k_18> of sequential type is unconnected in block <lab_final_keypad>.
WARNING:Xst:2677 - Node <XLXI_35/XLXI_3/cnt10k_19> of sequential type is unconnected in block <lab_final_keypad>.
WARNING:Xst:2677 - Node <XLXI_35/XLXI_3/cnt10k_20> of sequential type is unconnected in block <lab_final_keypad>.
WARNING:Xst:2677 - Node <XLXI_35/XLXI_3/cnt10k_21> of sequential type is unconnected in block <lab_final_keypad>.
WARNING:Xst:2677 - Node <XLXI_35/XLXI_3/cnt10k_22> of sequential type is unconnected in block <lab_final_keypad>.
WARNING:Xst:2677 - Node <XLXI_35/XLXI_3/cnt10k_23> of sequential type is unconnected in block <lab_final_keypad>.
WARNING:Xst:2677 - Node <XLXI_35/XLXI_3/cnt10k_24> of sequential type is unconnected in block <lab_final_keypad>.
WARNING:Xst:2677 - Node <XLXI_35/XLXI_3/cnt10k_25> of sequential type is unconnected in block <lab_final_keypad>.
WARNING:Xst:2677 - Node <XLXI_35/XLXI_3/cnt10k_26> of sequential type is unconnected in block <lab_final_keypad>.
WARNING:Xst:2677 - Node <XLXI_35/XLXI_3/cnt10k_27> of sequential type is unconnected in block <lab_final_keypad>.
WARNING:Xst:2677 - Node <XLXI_35/XLXI_3/cnt10k_28> of sequential type is unconnected in block <lab_final_keypad>.
WARNING:Xst:2677 - Node <XLXI_35/XLXI_3/cnt10k_29> of sequential type is unconnected in block <lab_final_keypad>.
WARNING:Xst:2677 - Node <XLXI_35/XLXI_3/cnt10k_30> of sequential type is unconnected in block <lab_final_keypad>.
WARNING:Xst:2677 - Node <XLXI_35/XLXI_3/cnt10k_31> of sequential type is unconnected in block <lab_final_keypad>.
WARNING:Xst:2677 - Node <XLXI_35/XLXI_3/cnt1_0> of sequential type is unconnected in block <lab_final_keypad>.
WARNING:Xst:2677 - Node <XLXI_35/XLXI_3/cnt1_1> of sequential type is unconnected in block <lab_final_keypad>.
WARNING:Xst:2677 - Node <XLXI_35/XLXI_3/cnt1_2> of sequential type is unconnected in block <lab_final_keypad>.
WARNING:Xst:2677 - Node <XLXI_35/XLXI_3/cnt1_3> of sequential type is unconnected in block <lab_final_keypad>.
WARNING:Xst:2677 - Node <XLXI_35/XLXI_3/cnt1_4> of sequential type is unconnected in block <lab_final_keypad>.
WARNING:Xst:2677 - Node <XLXI_35/XLXI_3/cnt1_5> of sequential type is unconnected in block <lab_final_keypad>.
WARNING:Xst:2677 - Node <XLXI_35/XLXI_3/cnt1_6> of sequential type is unconnected in block <lab_final_keypad>.
WARNING:Xst:2677 - Node <XLXI_35/XLXI_3/cnt1_7> of sequential type is unconnected in block <lab_final_keypad>.
WARNING:Xst:2677 - Node <XLXI_35/XLXI_3/cnt1_8> of sequential type is unconnected in block <lab_final_keypad>.
WARNING:Xst:2677 - Node <XLXI_35/XLXI_3/cnt1_9> of sequential type is unconnected in block <lab_final_keypad>.
WARNING:Xst:2677 - Node <XLXI_35/XLXI_3/cnt1_10> of sequential type is unconnected in block <lab_final_keypad>.
WARNING:Xst:2677 - Node <XLXI_35/XLXI_3/cnt1_11> of sequential type is unconnected in block <lab_final_keypad>.
WARNING:Xst:2677 - Node <XLXI_35/XLXI_3/cnt1_12> of sequential type is unconnected in block <lab_final_keypad>.
WARNING:Xst:2677 - Node <XLXI_35/XLXI_3/cnt1_13> of sequential type is unconnected in block <lab_final_keypad>.
WARNING:Xst:2677 - Node <XLXI_35/XLXI_3/cnt1_14> of sequential type is unconnected in block <lab_final_keypad>.
WARNING:Xst:2677 - Node <XLXI_35/XLXI_3/cnt1_15> of sequential type is unconnected in block <lab_final_keypad>.
WARNING:Xst:2677 - Node <XLXI_35/XLXI_3/cnt1_16> of sequential type is unconnected in block <lab_final_keypad>.
WARNING:Xst:2677 - Node <XLXI_35/XLXI_3/cnt1_17> of sequential type is unconnected in block <lab_final_keypad>.
WARNING:Xst:2677 - Node <XLXI_35/XLXI_3/cnt1_18> of sequential type is unconnected in block <lab_final_keypad>.
WARNING:Xst:2677 - Node <XLXI_35/XLXI_3/cnt1_19> of sequential type is unconnected in block <lab_final_keypad>.
WARNING:Xst:2677 - Node <XLXI_35/XLXI_3/cnt1_20> of sequential type is unconnected in block <lab_final_keypad>.
WARNING:Xst:2677 - Node <XLXI_35/XLXI_3/cnt1_21> of sequential type is unconnected in block <lab_final_keypad>.
WARNING:Xst:2677 - Node <XLXI_35/XLXI_3/cnt1_22> of sequential type is unconnected in block <lab_final_keypad>.
WARNING:Xst:2677 - Node <XLXI_35/XLXI_3/cnt1_23> of sequential type is unconnected in block <lab_final_keypad>.
WARNING:Xst:2677 - Node <XLXI_35/XLXI_3/cnt1_24> of sequential type is unconnected in block <lab_final_keypad>.
WARNING:Xst:2677 - Node <XLXI_35/XLXI_3/cnt1_25> of sequential type is unconnected in block <lab_final_keypad>.
WARNING:Xst:2677 - Node <XLXI_35/XLXI_3/cnt1_26> of sequential type is unconnected in block <lab_final_keypad>.
WARNING:Xst:2677 - Node <XLXI_35/XLXI_3/cnt1_27> of sequential type is unconnected in block <lab_final_keypad>.
WARNING:Xst:2677 - Node <XLXI_35/XLXI_3/cnt1_28> of sequential type is unconnected in block <lab_final_keypad>.
WARNING:Xst:2677 - Node <XLXI_35/XLXI_3/cnt1_29> of sequential type is unconnected in block <lab_final_keypad>.
WARNING:Xst:2677 - Node <XLXI_35/XLXI_3/cnt1_30> of sequential type is unconnected in block <lab_final_keypad>.
WARNING:Xst:2677 - Node <XLXI_35/XLXI_3/cnt1_31> of sequential type is unconnected in block <lab_final_keypad>.

Mapping all equations...
Building and optimizing final netlist ...
Found area constraint ratio of 100 (+ 5) on block lab_final_keypad, actual ratio is 11.

Final Macro Processing ...

=========================================================================
Final Register Report

Macro Statistics
# Registers                                            : 88
 Flip-Flops                                            : 88

=========================================================================

=========================================================================
*                           Partition Report                            *
=========================================================================

Partition Implementation Status
-------------------------------

  No Partitions were found in this design.

-------------------------------

=========================================================================
*                            Final Report                               *
=========================================================================
Final Results
RTL Top Level Output File Name     : lab_final_keypad.ngr
Top Level Output File Name         : lab_final_keypad
Output Format                      : NGC
Optimization Goal                  : Speed
Keep Hierarchy                     : No

Design Statistics
# IOs                              : 23

Cell Usage :
# BELS                             : 497
#      GND                         : 1
#      INV                         : 14
#      LUT1                        : 66
#      LUT2                        : 48
#      LUT3                        : 47
#      LUT4                        : 42
#      MUXCY                       : 150
#      MUXF5                       : 3
#      VCC                         : 1
#      XORCY                       : 125
# FlipFlops/Latches                : 88
#      FD                          : 3
#      FDCP                        : 5
#      FDE                         : 74
#      FDR                         : 1
#      FDRS                        : 1
#      FDS                         : 4
# Clock Buffers                    : 1
#      BUFGP                       : 1
# IO Buffers                       : 21
#      IBUF                        : 5
#      OBUF                        : 16
# Others                           : 6
#      PULLDOWN                    : 5
#      PULLUP                      : 1
=========================================================================

Device utilization summary:
---------------------------

Selected Device : 3s100ecp132-4 

 Number of Slices:                      109  out of    960    11%  
 Number of Slice Flip Flops:             88  out of   1920     4%  
 Number of 4 input LUTs:                217  out of   1920    11%  
 Number of IOs:                          23
 Number of bonded IOBs:                  22  out of     83    26%  
 Number of GCLKs:                         1  out of     24     4%  

---------------------------
Partition Resource Summary:
---------------------------

  No Partitions were found in this design.

---------------------------


=========================================================================
TIMING REPORT

NOTE: THESE TIMING NUMBERS ARE ONLY A SYNTHESIS ESTIMATE.
      FOR ACCURATE TIMING INFORMATION PLEASE REFER TO THE TRACE REPORT
      GENERATED AFTER PLACE-and-ROUTE.

Clock Information:
------------------
-----------------------------------+------------------------------+-------+
Clock Signal                       | Clock buffer(FF name)        | Load  |
-----------------------------------+------------------------------+-------+
XLXI_28/clk_1k_0                   | NONE(XLXI_17/colI_3)         | 13    |
Clock                              | BUFGP                        | 66    |
XLXI_35/XLXI_3/clk_1k_0            | NONE(XLXI_35/XLXI_14/Dout0_0)| 9     |
-----------------------------------+------------------------------+-------+
INFO:Xst:2169 - HDL ADVISOR - Some clock signals were not automatically buffered by XST with BUFG/BUFR resources. Please use the buffer_type constraint in order to insert these buffers to the clock signals to help prevent skew problems.

Asynchronous Control Signals Information:
----------------------------------------
-------------------------------------------------------------------+------------------------------+-------+
Control Signal                                                     | Buffer(FF name)              | Load  |
-------------------------------------------------------------------+------------------------------+-------+
Enable                                                             | IBUF                         | 1     |
N0(XLXI_9_3:G)                                                     | NONE(XLXI_35/XLXI_14/Dout1_0)| 1     |
XLXI_35/XLXI_14/Dout0_0_and0000(XLXI_35/XLXI_14/Dout0_0_and00001:O)| NONE(XLXI_35/XLXI_14/Dout0_0)| 1     |
XLXI_35/XLXI_14/Dout0_0_and0001(XLXI_35/XLXI_14/Dout0_0_and00011:O)| NONE(XLXI_35/XLXI_14/Dout0_0)| 1     |
XLXI_35/XLXI_14/Dout0_1_and0000(XLXI_35/XLXI_14/Dout0_1_and00001:O)| NONE(XLXI_35/XLXI_14/Dout0_1)| 1     |
XLXI_35/XLXI_14/Dout0_1_and0001(XLXI_35/XLXI_14/Dout0_1_and00011:O)| NONE(XLXI_35/XLXI_14/Dout0_1)| 1     |
XLXI_35/XLXI_14/Dout0_2_and0000(XLXI_35/XLXI_14/Dout0_2_and00001:O)| NONE(XLXI_35/XLXI_14/Dout0_2)| 1     |
XLXI_35/XLXI_14/Dout0_2_and0001(XLXI_35/XLXI_14/Dout0_2_and00011:O)| NONE(XLXI_35/XLXI_14/Dout0_2)| 1     |
XLXI_35/XLXI_14/Dout0_3_and0000(XLXI_35/XLXI_14/Dout0_3_and00001:O)| NONE(XLXI_35/XLXI_14/Dout0_3)| 1     |
XLXI_35/XLXI_14/Dout0_3_and0001(XLXI_35/XLXI_14/Dout0_3_and00011:O)| NONE(XLXI_35/XLXI_14/Dout0_3)| 1     |
-------------------------------------------------------------------+------------------------------+-------+

Timing Summary:
---------------
Speed Grade: -4

   Minimum period: 12.236ns (Maximum Frequency: 81.727MHz)
   Minimum input arrival time before clock: 5.839ns
   Maximum output required time after clock: 7.812ns
   Maximum combinational path delay: No path found

Timing Detail:
--------------
All values displayed in nanoseconds (ns)

=========================================================================
Timing constraint: Default period analysis for Clock 'XLXI_28/clk_1k_0'
  Clock period: 6.139ns (frequency: 162.893MHz)
  Total number of paths / destination ports: 91 / 17
-------------------------------------------------------------------------
Delay:               6.139ns (Levels of Logic = 3)
  Source:            XLXI_17/colO_0 (FF)
  Destination:       XLXI_17/binO_2 (FF)
  Source Clock:      XLXI_28/clk_1k_0 rising
  Destination Clock: XLXI_28/clk_1k_0 rising

  Data Path: XLXI_17/colO_0 to XLXI_17/binO_2
                                Gate     Net
    Cell:in->out      fanout   Delay   Delay  Logical Name (Net Name)
    ----------------------------------------  ------------
     FDE:C->Q             10   0.591   1.057  XLXI_17/colO_0 (XLXI_17/colO_0)
     LUT4:I0->O            3   0.704   0.531  XLXI_17/binO_cmp_eq00021 (XLXI_17/binO_cmp_eq0002)
     MUXF5:S->O            2   0.739   0.482  XLXI_17/binO_mux0002<1>3_f5 (XLXI_17/N6)
     LUT3:I2->O            1   0.704   0.420  XLXI_17/binO_mux0002<3>2 (XLXI_17/binO_mux0002<3>2)
     FDS:S                     0.911          XLXI_17/binO_0
    ----------------------------------------
    Total                      6.139ns (3.649ns logic, 2.490ns route)
                                       (59.4% logic, 40.6% route)

=========================================================================
Timing constraint: Default period analysis for Clock 'Clock'
  Clock period: 12.236ns (frequency: 81.727MHz)
  Total number of paths / destination ports: 608060 / 68
-------------------------------------------------------------------------
Delay:               12.236ns (Levels of Logic = 67)
  Source:            XLXI_28/cnt1k_1 (FF)
  Destination:       XLXI_28/cnt1k_31 (FF)
  Source Clock:      Clock rising
  Destination Clock: Clock rising

  Data Path: XLXI_28/cnt1k_1 to XLXI_28/cnt1k_31
                                Gate     Net
    Cell:in->out      fanout   Delay   Delay  Logical Name (Net Name)
    ----------------------------------------  ------------
     FDE:C->Q              2   0.591   0.622  XLXI_28/cnt1k_1 (XLXI_28/cnt1k_1)
     LUT1:I0->O            1   0.704   0.000  XLXI_28/Madd_clk_1k_0_add0000_cy<1>_rt (XLXI_28/Madd_clk_1k_0_add0000_cy<1>_rt)
     MUXCY:S->O            1   0.464   0.000  XLXI_28/Madd_clk_1k_0_add0000_cy<1> (XLXI_28/Madd_clk_1k_0_add0000_cy<1>)
     MUXCY:CI->O           1   0.059   0.000  XLXI_28/Madd_clk_1k_0_add0000_cy<2> (XLXI_28/Madd_clk_1k_0_add0000_cy<2>)
     MUXCY:CI->O           1   0.059   0.000  XLXI_28/Madd_clk_1k_0_add0000_cy<3> (XLXI_28/Madd_clk_1k_0_add0000_cy<3>)
     MUXCY:CI->O           1   0.059   0.000  XLXI_28/Madd_clk_1k_0_add0000_cy<4> (XLXI_28/Madd_clk_1k_0_add0000_cy<4>)
     MUXCY:CI->O           1   0.059   0.000  XLXI_28/Madd_clk_1k_0_add0000_cy<5> (XLXI_28/Madd_clk_1k_0_add0000_cy<5>)
     MUXCY:CI->O           1   0.059   0.000  XLXI_28/Madd_clk_1k_0_add0000_cy<6> (XLXI_28/Madd_clk_1k_0_add0000_cy<6>)
     MUXCY:CI->O           1   0.059   0.000  XLXI_28/Madd_clk_1k_0_add0000_cy<7> (XLXI_28/Madd_clk_1k_0_add0000_cy<7>)
     MUXCY:CI->O           1   0.059   0.000  XLXI_28/Madd_clk_1k_0_add0000_cy<8> (XLXI_28/Madd_clk_1k_0_add0000_cy<8>)
     MUXCY:CI->O           1   0.059   0.000  XLXI_28/Madd_clk_1k_0_add0000_cy<9> (XLXI_28/Madd_clk_1k_0_add0000_cy<9>)
     MUXCY:CI->O           1   0.059   0.000  XLXI_28/Madd_clk_1k_0_add0000_cy<10> (XLXI_28/Madd_clk_1k_0_add0000_cy<10>)
     MUXCY:CI->O           1   0.059   0.000  XLXI_28/Madd_clk_1k_0_add0000_cy<11> (XLXI_28/Madd_clk_1k_0_add0000_cy<11>)
     MUXCY:CI->O           1   0.059   0.000  XLXI_28/Madd_clk_1k_0_add0000_cy<12> (XLXI_28/Madd_clk_1k_0_add0000_cy<12>)
     MUXCY:CI->O           1   0.059   0.000  XLXI_28/Madd_clk_1k_0_add0000_cy<13> (XLXI_28/Madd_clk_1k_0_add0000_cy<13>)
     MUXCY:CI->O           1   0.059   0.000  XLXI_28/Madd_clk_1k_0_add0000_cy<14> (XLXI_28/Madd_clk_1k_0_add0000_cy<14>)
     MUXCY:CI->O           1   0.059   0.000  XLXI_28/Madd_clk_1k_0_add0000_cy<15> (XLXI_28/Madd_clk_1k_0_add0000_cy<15>)
     MUXCY:CI->O           1   0.059   0.000  XLXI_28/Madd_clk_1k_0_add0000_cy<16> (XLXI_28/Madd_clk_1k_0_add0000_cy<16>)
     MUXCY:CI->O           1   0.059   0.000  XLXI_28/Madd_clk_1k_0_add0000_cy<17> (XLXI_28/Madd_clk_1k_0_add0000_cy<17>)
     MUXCY:CI->O           1   0.059   0.000  XLXI_28/Madd_clk_1k_0_add0000_cy<18> (XLXI_28/Madd_clk_1k_0_add0000_cy<18>)
     MUXCY:CI->O           1   0.059   0.000  XLXI_28/Madd_clk_1k_0_add0000_cy<19> (XLXI_28/Madd_clk_1k_0_add0000_cy<19>)
     MUXCY:CI->O           1   0.059   0.000  XLXI_28/Madd_clk_1k_0_add0000_cy<20> (XLXI_28/Madd_clk_1k_0_add0000_cy<20>)
     MUXCY:CI->O           1   0.059   0.000  XLXI_28/Madd_clk_1k_0_add0000_cy<21> (XLXI_28/Madd_clk_1k_0_add0000_cy<21>)
     MUXCY:CI->O           1   0.059   0.000  XLXI_28/Madd_clk_1k_0_add0000_cy<22> (XLXI_28/Madd_clk_1k_0_add0000_cy<22>)
     MUXCY:CI->O           1   0.059   0.000  XLXI_28/Madd_clk_1k_0_add0000_cy<23> (XLXI_28/Madd_clk_1k_0_add0000_cy<23>)
     MUXCY:CI->O           1   0.059   0.000  XLXI_28/Madd_clk_1k_0_add0000_cy<24> (XLXI_28/Madd_clk_1k_0_add0000_cy<24>)
     MUXCY:CI->O           1   0.059   0.000  XLXI_28/Madd_clk_1k_0_add0000_cy<25> (XLXI_28/Madd_clk_1k_0_add0000_cy<25>)
     MUXCY:CI->O           1   0.059   0.000  XLXI_28/Madd_clk_1k_0_add0000_cy<26> (XLXI_28/Madd_clk_1k_0_add0000_cy<26>)
     MUXCY:CI->O           1   0.059   0.000  XLXI_28/Madd_clk_1k_0_add0000_cy<27> (XLXI_28/Madd_clk_1k_0_add0000_cy<27>)
     MUXCY:CI->O           1   0.059   0.000  XLXI_28/Madd_clk_1k_0_add0000_cy<28> (XLXI_28/Madd_clk_1k_0_add0000_cy<28>)
     MUXCY:CI->O           1   0.059   0.000  XLXI_28/Madd_clk_1k_0_add0000_cy<29> (XLXI_28/Madd_clk_1k_0_add0000_cy<29>)
     XORCY:CI->O           1   0.804   0.424  XLXI_28/Madd_clk_1k_0_add0000_xor<30> (XLXI_28/clk_1k_0_add0000<30>)
     LUT4:I3->O            1   0.704   0.000  XLXI_28/Mcompar_cnt1k_cmp_ge0000_lut<10> (XLXI_28/Mcompar_cnt1k_cmp_ge0000_lut<10>)
     MUXCY:S->O            1   0.464   0.000  XLXI_28/Mcompar_cnt1k_cmp_ge0000_cy<10> (XLXI_28/Mcompar_cnt1k_cmp_ge0000_cy<10>)
     MUXCY:CI->O          34   0.459   1.298  XLXI_28/Mcompar_cnt1k_cmp_ge0000_cy<11> (XLXI_28/cnt1k_cmp_ge0000)
     LUT3:I2->O            1   0.704   0.000  XLXI_28/Mcount_cnt1k_lut<0> (XLXI_28/Mcount_cnt1k_lut<0>)
     MUXCY:S->O            1   0.464   0.000  XLXI_28/Mcount_cnt1k_cy<0> (XLXI_28/Mcount_cnt1k_cy<0>)
     MUXCY:CI->O           1   0.059   0.000  XLXI_28/Mcount_cnt1k_cy<1> (XLXI_28/Mcount_cnt1k_cy<1>)
     MUXCY:CI->O           1   0.059   0.000  XLXI_28/Mcount_cnt1k_cy<2> (XLXI_28/Mcount_cnt1k_cy<2>)
     MUXCY:CI->O           1   0.059   0.000  XLXI_28/Mcount_cnt1k_cy<3> (XLXI_28/Mcount_cnt1k_cy<3>)
     MUXCY:CI->O           1   0.059   0.000  XLXI_28/Mcount_cnt1k_cy<4> (XLXI_28/Mcount_cnt1k_cy<4>)
     MUXCY:CI->O           1   0.059   0.000  XLXI_28/Mcount_cnt1k_cy<5> (XLXI_28/Mcount_cnt1k_cy<5>)
     MUXCY:CI->O           1   0.059   0.000  XLXI_28/Mcount_cnt1k_cy<6> (XLXI_28/Mcount_cnt1k_cy<6>)
     MUXCY:CI->O           1   0.059   0.000  XLXI_28/Mcount_cnt1k_cy<7> (XLXI_28/Mcount_cnt1k_cy<7>)
     MUXCY:CI->O           1   0.059   0.000  XLXI_28/Mcount_cnt1k_cy<8> (XLXI_28/Mcount_cnt1k_cy<8>)
     MUXCY:CI->O           1   0.059   0.000  XLXI_28/Mcount_cnt1k_cy<9> (XLXI_28/Mcount_cnt1k_cy<9>)
     MUXCY:CI->O           1   0.059   0.000  XLXI_28/Mcount_cnt1k_cy<10> (XLXI_28/Mcount_cnt1k_cy<10>)
     MUXCY:CI->O           1   0.059   0.000  XLXI_28/Mcount_cnt1k_cy<11> (XLXI_28/Mcount_cnt1k_cy<11>)
     MUXCY:CI->O           1   0.059   0.000  XLXI_28/Mcount_cnt1k_cy<12> (XLXI_28/Mcount_cnt1k_cy<12>)
     MUXCY:CI->O           1   0.059   0.000  XLXI_28/Mcount_cnt1k_cy<13> (XLXI_28/Mcount_cnt1k_cy<13>)
     MUXCY:CI->O           1   0.059   0.000  XLXI_28/Mcount_cnt1k_cy<14> (XLXI_28/Mcount_cnt1k_cy<14>)
     MUXCY:CI->O           1   0.059   0.000  XLXI_28/Mcount_cnt1k_cy<15> (XLXI_28/Mcount_cnt1k_cy<15>)
     MUXCY:CI->O           1   0.059   0.000  XLXI_28/Mcount_cnt1k_cy<16> (XLXI_28/Mcount_cnt1k_cy<16>)
     MUXCY:CI->O           1   0.059   0.000  XLXI_28/Mcount_cnt1k_cy<17> (XLXI_28/Mcount_cnt1k_cy<17>)
     MUXCY:CI->O           1   0.059   0.000  XLXI_28/Mcount_cnt1k_cy<18> (XLXI_28/Mcount_cnt1k_cy<18>)
     MUXCY:CI->O           1   0.059   0.000  XLXI_28/Mcount_cnt1k_cy<19> (XLXI_28/Mcount_cnt1k_cy<19>)
     MUXCY:CI->O           1   0.059   0.000  XLXI_28/Mcount_cnt1k_cy<20> (XLXI_28/Mcount_cnt1k_cy<20>)
     MUXCY:CI->O           1   0.059   0.000  XLXI_28/Mcount_cnt1k_cy<21> (XLXI_28/Mcount_cnt1k_cy<21>)
     MUXCY:CI->O           1   0.059   0.000  XLXI_28/Mcount_cnt1k_cy<22> (XLXI_28/Mcount_cnt1k_cy<22>)
     MUXCY:CI->O           1   0.059   0.000  XLXI_28/Mcount_cnt1k_cy<23> (XLXI_28/Mcount_cnt1k_cy<23>)
     MUXCY:CI->O           1   0.059   0.000  XLXI_28/Mcount_cnt1k_cy<24> (XLXI_28/Mcount_cnt1k_cy<24>)
     MUXCY:CI->O           1   0.059   0.000  XLXI_28/Mcount_cnt1k_cy<25> (XLXI_28/Mcount_cnt1k_cy<25>)
     MUXCY:CI->O           1   0.059   0.000  XLXI_28/Mcount_cnt1k_cy<26> (XLXI_28/Mcount_cnt1k_cy<26>)
     MUXCY:CI->O           1   0.059   0.000  XLXI_28/Mcount_cnt1k_cy<27> (XLXI_28/Mcount_cnt1k_cy<27>)
     MUXCY:CI->O           1   0.059   0.000  XLXI_28/Mcount_cnt1k_cy<28> (XLXI_28/Mcount_cnt1k_cy<28>)
     MUXCY:CI->O           1   0.059   0.000  XLXI_28/Mcount_cnt1k_cy<29> (XLXI_28/Mcount_cnt1k_cy<29>)
     MUXCY:CI->O           0   0.059   0.000  XLXI_28/Mcount_cnt1k_cy<30> (XLXI_28/Mcount_cnt1k_cy<30>)
     XORCY:CI->O           1   0.804   0.000  XLXI_28/Mcount_cnt1k_xor<31> (XLXI_28/Mcount_cnt1k31)
     FDE:D                     0.308          XLXI_28/cnt1k_31
    ----------------------------------------
    Total                     12.236ns (9.892ns logic, 2.344ns route)
                                       (80.8% logic, 19.2% route)

=========================================================================
Timing constraint: Default period analysis for Clock 'XLXI_35/XLXI_3/clk_1k_0'
  Clock period: 2.225ns (frequency: 449.438MHz)
  Total number of paths / destination ports: 5 / 4
-------------------------------------------------------------------------
Delay:               2.225ns (Levels of Logic = 1)
  Source:            XLXI_35/XLXI_7/selx_1 (FF)
  Destination:       XLXI_35/XLXI_7/sel_0 (FF)
  Source Clock:      XLXI_35/XLXI_3/clk_1k_0 rising
  Destination Clock: XLXI_35/XLXI_3/clk_1k_0 rising

  Data Path: XLXI_35/XLXI_7/selx_1 to XLXI_35/XLXI_7/sel_0
                                Gate     Net
    Cell:in->out      fanout   Delay   Delay  Logical Name (Net Name)
    ----------------------------------------  ------------
     FD:C->Q               2   0.591   0.622  XLXI_35/XLXI_7/selx_1 (XLXI_35/XLXI_7/selx_1)
     LUT2:I0->O            1   0.704   0.000  XLXI_35/XLXI_7/Mrom_sel_mux0001111 (XLXI_35/XLXI_7/Mrom_sel_mux00011)
     FD:D                      0.308          XLXI_35/XLXI_7/sel_0
    ----------------------------------------
    Total                      2.225ns (1.603ns logic, 0.622ns route)
                                       (72.0% logic, 28.0% route)

=========================================================================
Timing constraint: Default OFFSET IN BEFORE for Clock 'XLXI_28/clk_1k_0'
  Total number of paths / destination ports: 80 / 10
-------------------------------------------------------------------------
Offset:              5.839ns (Levels of Logic = 4)
  Source:            row<3> (PAD)
  Destination:       XLXI_17/binO_2 (FF)
  Destination Clock: XLXI_28/clk_1k_0 rising

  Data Path: row<3> to XLXI_17/binO_2
                                Gate     Net
    Cell:in->out      fanout   Delay   Delay  Logical Name (Net Name)
    ----------------------------------------  ------------
     IBUF:I->O             6   1.218   0.844  row_3_IBUF (row_3_IBUF)
     LUT4:I0->O            4   0.704   0.762  XLXI_17/binO_mux0002<0>41 (XLXI_17/keyO_cmp_eq0001)
     LUT4:I0->O            1   0.704   0.595  XLXI_17/binO_mux0002<1>701_SW1 (N14)
     LUT4:I0->O            1   0.704   0.000  XLXI_17/binO_mux0002<1>701 (XLXI_17/binO_mux0002<1>70)
     FDS:D                     0.308          XLXI_17/binO_2
    ----------------------------------------
    Total                      5.839ns (3.638ns logic, 2.201ns route)
                                       (62.3% logic, 37.7% route)

=========================================================================
Timing constraint: Default OFFSET OUT AFTER for Clock 'XLXI_28/clk_1k_0'
  Total number of paths / destination ports: 43 / 15
-------------------------------------------------------------------------
Offset:              7.794ns (Levels of Logic = 4)
  Source:            XLXI_17/keyO (FF)
  Destination:       sseg<6> (PAD)
  Source Clock:      XLXI_28/clk_1k_0 rising

  Data Path: XLXI_17/keyO to sseg<6>
                                Gate     Net
    Cell:in->out      fanout   Delay   Delay  Logical Name (Net Name)
    ----------------------------------------  ------------
     FDRS:C->Q             9   0.591   0.899  XLXI_17/keyO (XLXI_17/keyO)
     LUT3:I1->O            1   0.704   0.000  XLXI_35/XLXI_15/hexO<0>1 (XLXI_35/XLXI_15/hexO<0>)
     MUXF5:I1->O           7   0.321   0.883  XLXI_35/XLXI_15/hexO<0>_f5 (XLXI_35/XLXN_13<0>)
     LUT4:I0->O            1   0.704   0.420  XLXI_35/XLXI_16/Mrom_hexD_rom000031 (sseg_3_OBUF)
     OBUF:I->O                 3.272          sseg_3_OBUF (sseg<3>)
    ----------------------------------------
    Total                      7.794ns (5.592ns logic, 2.202ns route)
                                       (71.7% logic, 28.3% route)

=========================================================================
Timing constraint: Default OFFSET OUT AFTER for Clock 'XLXI_35/XLXI_3/clk_1k_0'
  Total number of paths / destination ports: 106 / 11
-------------------------------------------------------------------------
Offset:              7.812ns (Levels of Logic = 4)
  Source:            XLXI_35/XLXI_7/sel_0 (FF)
  Destination:       sseg<6> (PAD)
  Source Clock:      XLXI_35/XLXI_3/clk_1k_0 rising

  Data Path: XLXI_35/XLXI_7/sel_0 to sseg<6>
                                Gate     Net
    Cell:in->out      fanout   Delay   Delay  Logical Name (Net Name)
    ----------------------------------------  ------------
     FD:C->Q              10   0.591   0.917  XLXI_35/XLXI_7/sel_0 (XLXI_35/XLXI_7/sel_0)
     LUT3:I2->O            1   0.704   0.000  XLXI_35/XLXI_15/hexO<0>1 (XLXI_35/XLXI_15/hexO<0>)
     MUXF5:I1->O           7   0.321   0.883  XLXI_35/XLXI_15/hexO<0>_f5 (XLXI_35/XLXN_13<0>)
     LUT4:I0->O            1   0.704   0.420  XLXI_35/XLXI_16/Mrom_hexD_rom000031 (sseg_3_OBUF)
     OBUF:I->O                 3.272          sseg_3_OBUF (sseg<3>)
    ----------------------------------------
    Total                      7.812ns (5.592ns logic, 2.220ns route)
                                       (71.6% logic, 28.4% route)

=========================================================================


Total REAL time to Xst completion: 12.00 secs
Total CPU time to Xst completion: 11.71 secs
 
--> 

Total memory usage is 377652 kilobytes

Number of errors   :    0 (   0 filtered)
Number of warnings :  332 (   0 filtered)
Number of infos    :   40 (   0 filtered)

