Release 14.7 - xst P.20131013 (nt64)
Copyright (c) 1995-2013 Xilinx, Inc.  All rights reserved.
--> Parameter TMPDIR set to xst/projnav.tmp


Total REAL time to Xst completion: 0.00 secs
Total CPU time to Xst completion: 0.13 secs
 
--> Parameter xsthdpdir set to xst


Total REAL time to Xst completion: 0.00 secs
Total CPU time to Xst completion: 0.13 secs
 
--> Reading design: lab8_exp7.prj

TABLE OF CONTENTS
  1) Synthesis Options Summary
  2) HDL Compilation
  3) Design Hierarchy Analysis
  4) HDL Analysis
  5) HDL Synthesis
     5.1) HDL Synthesis Report
  6) Advanced HDL Synthesis
     6.1) Advanced HDL Synthesis Report
  7) Low Level Synthesis
  8) Partition Report
  9) Final Report
	9.1) Device utilization summary
	9.2) Partition Resource Summary
	9.3) TIMING REPORT


=========================================================================
*                      Synthesis Options Summary                        *
=========================================================================
---- Source Parameters
Input File Name                    : "lab8_exp7.prj"
Input Format                       : mixed
Ignore Synthesis Constraint File   : NO

---- Target Parameters
Output File Name                   : "lab8_exp7"
Output Format                      : NGC
Target Device                      : xc3s100e-4-cp132

---- Source Options
Top Module Name                    : lab8_exp7
Automatic FSM Extraction           : YES
FSM Encoding Algorithm             : Auto
Safe Implementation                : No
FSM Style                          : LUT
RAM Extraction                     : Yes
RAM Style                          : Auto
ROM Extraction                     : Yes
Mux Style                          : Auto
Decoder Extraction                 : YES
Priority Encoder Extraction        : Yes
Shift Register Extraction          : YES
Logical Shifter Extraction         : YES
XOR Collapsing                     : YES
ROM Style                          : Auto
Mux Extraction                     : Yes
Resource Sharing                   : YES
Asynchronous To Synchronous        : NO
Multiplier Style                   : Auto
Automatic Register Balancing       : No

---- Target Options
Add IO Buffers                     : YES
Global Maximum Fanout              : 100000
Add Generic Clock Buffer(BUFG)     : 24
Register Duplication               : YES
Slice Packing                      : YES
Optimize Instantiated Primitives   : NO
Use Clock Enable                   : Yes
Use Synchronous Set                : Yes
Use Synchronous Reset              : Yes
Pack IO Registers into IOBs        : Auto
Equivalent register Removal        : YES

---- General Options
Optimization Goal                  : Speed
Optimization Effort                : 1
Keep Hierarchy                     : No
Netlist Hierarchy                  : As_Optimized
RTL Output                         : Yes
Global Optimization                : AllClockNets
Read Cores                         : YES
Write Timing Constraints           : NO
Cross Clock Analysis               : NO
Hierarchy Separator                : /
Bus Delimiter                      : <>
Case Specifier                     : Maintain
Slice Utilization Ratio            : 100
BRAM Utilization Ratio             : 100
Verilog 2001                       : YES
Auto BRAM Packing                  : NO
Slice Utilization Ratio Delta      : 5

=========================================================================


=========================================================================
*                          HDL Compilation                              *
=========================================================================
Compiling vhdl file "C:/Users/James/Documents/Xlink_projects/swag/DCM_50M.vhd" in Library work.
Architecture behavioral of Entity dcm_50m is up to date.
Compiling vhdl file "C:/Users/James/Documents/Xlink_projects/swag/sel_strobeB.vhd" in Library work.
Architecture behavioral of Entity sel_strobeb is up to date.
Compiling vhdl file "C:/Users/James/Documents/Xlink_projects/swag/bin2BCD3en.vhd" in Library work.
Architecture behavioral of Entity bin2bcd3en is up to date.
Compiling vhdl file "C:/Users/James/Documents/Xlink_projects/swag/mux4SSD.vhd" in Library work.
Architecture behavioral of Entity mux4ssd is up to date.
Compiling vhdl file "C:/Users/James/Documents/Xlink_projects/swag/SSD_1dig.vhd" in Library work.
Architecture behavioral of Entity ssd_1dig is up to date.
Compiling vhdl file "C:/Users/James/Documents/Xlink_projects/lab8_projects/lab8_experiment7/lab6_experimen3.vhf" in Library work.
Architecture behavioral of Entity lab6_experimen3 is up to date.
Compiling vhdl file "C:/Users/James/Documents/Xlink_projects/lab8_projects/lab8_experiment7/lab8_exp7.vhf" in Library work.
Architecture behavioral of Entity m2_1b1_mxilinx_lab8_exp7 is up to date.
Architecture behavioral of Entity m2_1_mxilinx_lab8_exp7 is up to date.
Architecture behavioral of Entity ftclex_mxilinx_lab8_exp7 is up to date.
Architecture behavioral of Entity cb4cled_mxilinx_lab8_exp7 is up to date.
Architecture behavioral of Entity lab8_exp7 is up to date.

=========================================================================
*                     Design Hierarchy Analysis                         *
=========================================================================
Analyzing hierarchy for entity <lab8_exp7> in library <work> (architecture <behavioral>).

Analyzing hierarchy for entity <CB4CLED_MXILINX_lab8_exp7> in library <work> (architecture <behavioral>).

Analyzing hierarchy for entity <DCM_50M> in library <work> (architecture <behavioral>) with generics.
	DIV100 = 50
	DIV1k = 500
	DIV50 = 25

Analyzing hierarchy for entity <lab6_experimen3> in library <work> (architecture <behavioral>).

Analyzing hierarchy for entity <FTCLEX_MXILINX_lab8_exp7> in library <work> (architecture <behavioral>) with generics.
	INIT = '0'

Analyzing hierarchy for entity <M2_1_MXILINX_lab8_exp7> in library <work> (architecture <behavioral>).

Analyzing hierarchy for entity <M2_1B1_MXILINX_lab8_exp7> in library <work> (architecture <behavioral>).

Analyzing hierarchy for entity <DCM_50M> in library <work> (architecture <behavioral>) with generics.
	DIV100 = 50
	DIV1k = 500
	DIV50 = 25

Analyzing hierarchy for entity <sel_strobeB> in library <work> (architecture <behavioral>).

Analyzing hierarchy for entity <bin2BCD3en> in library <work> (architecture <behavioral>).

Analyzing hierarchy for entity <mux4SSD> in library <work> (architecture <behavioral>).

Analyzing hierarchy for entity <SSD_1dig> in library <work> (architecture <behavioral>).


=========================================================================
*                            HDL Analysis                               *
=========================================================================
Analyzing Entity <lab8_exp7> in library <work> (Architecture <behavioral>).
WARNING:Xst:753 - "C:/Users/James/Documents/Xlink_projects/lab8_projects/lab8_experiment7/lab8_exp7.vhf" line 561: Unconnected output port 'CEO' of component 'CB4CLED_MXILINX_lab8_exp7'.
WARNING:Xst:753 - "C:/Users/James/Documents/Xlink_projects/lab8_projects/lab8_experiment7/lab8_exp7.vhf" line 561: Unconnected output port 'TC' of component 'CB4CLED_MXILINX_lab8_exp7'.
    Set user-defined property "HU_SET =  XLXI_1_9" for instance <XLXI_1> in unit <lab8_exp7>.
WARNING:Xst:753 - "C:/Users/James/Documents/Xlink_projects/lab8_projects/lab8_experiment7/lab8_exp7.vhf" line 578: Unconnected output port 'CLK1M' of component 'DCM_50M'.
WARNING:Xst:753 - "C:/Users/James/Documents/Xlink_projects/lab8_projects/lab8_experiment7/lab8_exp7.vhf" line 578: Unconnected output port 'CLK10k' of component 'DCM_50M'.
WARNING:Xst:753 - "C:/Users/James/Documents/Xlink_projects/lab8_projects/lab8_experiment7/lab8_exp7.vhf" line 578: Unconnected output port 'CLK1k' of component 'DCM_50M'.
Entity <lab8_exp7> analyzed. Unit <lab8_exp7> generated.

Analyzing Entity <CB4CLED_MXILINX_lab8_exp7> in library <work> (Architecture <behavioral>).
    Set user-defined property "HU_SET =  I_Q0_4" for instance <I_Q0> in unit <CB4CLED_MXILINX_lab8_exp7>.
    Set user-defined property "HU_SET =  I_Q1_3" for instance <I_Q1> in unit <CB4CLED_MXILINX_lab8_exp7>.
    Set user-defined property "HU_SET =  I_Q2_2" for instance <I_Q2> in unit <CB4CLED_MXILINX_lab8_exp7>.
    Set user-defined property "HU_SET =  I_Q3_1" for instance <I_Q3> in unit <CB4CLED_MXILINX_lab8_exp7>.
    Set user-defined property "HU_SET =  I_TC_7" for instance <I_TC> in unit <CB4CLED_MXILINX_lab8_exp7>.
    Set user-defined property "HU_SET =  I_T1_8" for instance <I_T1> in unit <CB4CLED_MXILINX_lab8_exp7>.
    Set user-defined property "HU_SET =  I_T2_5" for instance <I_T2> in unit <CB4CLED_MXILINX_lab8_exp7>.
    Set user-defined property "HU_SET =  I_T3_6" for instance <I_T3> in unit <CB4CLED_MXILINX_lab8_exp7>.
Entity <CB4CLED_MXILINX_lab8_exp7> analyzed. Unit <CB4CLED_MXILINX_lab8_exp7> generated.

Analyzing generic Entity <FTCLEX_MXILINX_lab8_exp7> in library <work> (Architecture <behavioral>).
	INIT = '0'
    Set user-defined property "HU_SET =  I_36_30_0" for instance <I_36_30> in unit <FTCLEX_MXILINX_lab8_exp7>.
    Set user-defined property "INIT =  0" for instance <I_36_35> in unit <FTCLEX_MXILINX_lab8_exp7>.
    Set user-defined property "RLOC =  X0Y0" for instance <I_36_35> in unit <FTCLEX_MXILINX_lab8_exp7>.
Entity <FTCLEX_MXILINX_lab8_exp7> analyzed. Unit <FTCLEX_MXILINX_lab8_exp7> generated.

Analyzing Entity <M2_1_MXILINX_lab8_exp7> in library <work> (Architecture <behavioral>).
Entity <M2_1_MXILINX_lab8_exp7> analyzed. Unit <M2_1_MXILINX_lab8_exp7> generated.

Analyzing Entity <M2_1B1_MXILINX_lab8_exp7> in library <work> (Architecture <behavioral>).
Entity <M2_1B1_MXILINX_lab8_exp7> analyzed. Unit <M2_1B1_MXILINX_lab8_exp7> generated.

Analyzing generic Entity <DCM_50M> in library <work> (Architecture <behavioral>).
	DIV100 = 50
	DIV1k = 500
	DIV50 = 25
Entity <DCM_50M> analyzed. Unit <DCM_50M> generated.

Analyzing Entity <lab6_experimen3> in library <work> (Architecture <behavioral>).
WARNING:Xst:753 - "C:/Users/James/Documents/Xlink_projects/lab8_projects/lab8_experiment7/lab6_experimen3.vhf" line 104: Unconnected output port 'CLK1M' of component 'DCM_50M'.
WARNING:Xst:753 - "C:/Users/James/Documents/Xlink_projects/lab8_projects/lab8_experiment7/lab6_experimen3.vhf" line 104: Unconnected output port 'CLK10k' of component 'DCM_50M'.
WARNING:Xst:753 - "C:/Users/James/Documents/Xlink_projects/lab8_projects/lab8_experiment7/lab6_experimen3.vhf" line 104: Unconnected output port 'CLK1' of component 'DCM_50M'.
WARNING:Xst:753 - "C:/Users/James/Documents/Xlink_projects/lab8_projects/lab8_experiment7/lab6_experimen3.vhf" line 134: Unconnected output port 'RBout' of component 'bin2BCD3en'.
WARNING:Xst:753 - "C:/Users/James/Documents/Xlink_projects/lab8_projects/lab8_experiment7/lab6_experimen3.vhf" line 144: Unconnected output port 'dpO' of component 'mux4SSD'.
Entity <lab6_experimen3> analyzed. Unit <lab6_experimen3> generated.

Analyzing Entity <sel_strobeB> in library <work> (Architecture <behavioral>).
Entity <sel_strobeB> analyzed. Unit <sel_strobeB> generated.

Analyzing Entity <bin2BCD3en> in library <work> (Architecture <behavioral>).
INFO:Xst:1561 - "C:/Users/James/Documents/Xlink_projects/swag/bin2BCD3en.vhd" line 62: Mux is complete : default of case is discarded
INFO:Xst:1561 - "C:/Users/James/Documents/Xlink_projects/swag/bin2BCD3en.vhd" line 62: Mux is complete : default of case is discarded
INFO:Xst:2679 - Register <Dout3> in unit <bin2BCD3en> has a constant value of 0000 during circuit operation. The register is replaced by logic.
Entity <bin2BCD3en> analyzed. Unit <bin2BCD3en> generated.

Analyzing Entity <mux4SSD> in library <work> (Architecture <behavioral>).
Entity <mux4SSD> analyzed. Unit <mux4SSD> generated.

Analyzing Entity <SSD_1dig> in library <work> (Architecture <behavioral>).
Entity <SSD_1dig> analyzed. Unit <SSD_1dig> generated.


=========================================================================
*                           HDL Synthesis                               *
=========================================================================

Performing bidirectional port resolution...

Synthesizing Unit <DCM_50M>.
    Related source file is "C:/Users/James/Documents/Xlink_projects/swag/DCM_50M.vhd".
    Found 1-bit register for signal <clk_1>.
    Found 32-bit adder for signal <clk_1$add0000> created at line 121.
    Found 1-bit register for signal <clk_10k>.
    Found 1-bit register for signal <clk_1k>.
    Found 32-bit adder for signal <clk_1k$add0000> created at line 101.
    Found 1-bit register for signal <clk_1m>.
    Found 32-bit adder for signal <clk_1m$add0000> created at line 61.
    Found 32-bit up counter for signal <cnt1>.
    Found 32-bit comparator greater for signal <cnt1$cmp_gt0000> created at line 122.
    Found 32-bit up counter for signal <cnt10k>.
    Found 32-bit adder for signal <cnt10k$add0000> created at line 81.
    Found 32-bit comparator greater for signal <cnt10k$cmp_gt0000> created at line 82.
    Found 32-bit up counter for signal <cnt1k>.
    Found 32-bit comparator greater for signal <cnt1k$cmp_gt0000> created at line 102.
    Found 32-bit up counter for signal <cnt1M>.
    Found 32-bit comparator greatequal for signal <cnt1M$cmp_ge0000> created at line 62.
    Summary:
	inferred   4 Counter(s).
	inferred   4 D-type flip-flop(s).
	inferred   4 Adder/Subtractor(s).
	inferred   4 Comparator(s).
Unit <DCM_50M> synthesized.


Synthesizing Unit <sel_strobeB>.
    Related source file is "C:/Users/James/Documents/Xlink_projects/swag/sel_strobeB.vhd".
    Found 4x2-bit ROM for signal <sel$mux0001> created at line 44.
    Found 2-bit register for signal <sel>.
    Found 2-bit register for signal <selx>.
    Summary:
	inferred   1 ROM(s).
	inferred   4 D-type flip-flop(s).
Unit <sel_strobeB> synthesized.


Synthesizing Unit <bin2BCD3en>.
    Related source file is "C:/Users/James/Documents/Xlink_projects/swag/bin2BCD3en.vhd".
    Found 16x4-bit ROM for signal <b9$mux0000> created at line 50.
    Found 16x4-bit ROM for signal <b8$mux0000> created at line 50.
    Found 16x4-bit ROM for signal <b7$mux0000> created at line 50.
    Found 16x4-bit ROM for signal <b6$mux0000> created at line 50.
    Found 16x4-bit ROM for signal <b4$mux0000> created at line 50.
    Found 8x4-bit ROM for signal <b$mux0000> created at line 50.
    Found 16x4-bit ROM for signal <b11$mux0000> created at line 50.
    Found 16x4-bit ROM for signal <b10$mux0000> created at line 50.
    Found 4-bit register for signal <RBout>.
    Found 4-bit register for signal <Dout0>.
    Found 4-bit register for signal <Dout1>.
    Found 4-bit register for signal <Dout2>.
    Summary:
	inferred   8 ROM(s).
	inferred  12 D-type flip-flop(s).
Unit <bin2BCD3en> synthesized.


Synthesizing Unit <mux4SSD>.
    Related source file is "C:/Users/James/Documents/Xlink_projects/swag/mux4SSD.vhd".
Unit <mux4SSD> synthesized.


Synthesizing Unit <SSD_1dig>.
    Related source file is "C:/Users/James/Documents/Xlink_projects/swag/SSD_1dig.vhd".
    Found 16x7-bit ROM for signal <hexD$rom0000>.
    Summary:
	inferred   1 ROM(s).
Unit <SSD_1dig> synthesized.


Synthesizing Unit <lab6_experimen3>.
    Related source file is "C:/Users/James/Documents/Xlink_projects/lab8_projects/lab8_experiment7/lab6_experimen3.vhf".
WARNING:Xst:653 - Signal <XLXI_16_dp_in_openSignal> is used but never assigned. This sourceless signal will be automatically connected to value 0.
Unit <lab6_experimen3> synthesized.


Synthesizing Unit <M2_1_MXILINX_lab8_exp7>.
    Related source file is "C:/Users/James/Documents/Xlink_projects/lab8_projects/lab8_experiment7/lab8_exp7.vhf".
Unit <M2_1_MXILINX_lab8_exp7> synthesized.


Synthesizing Unit <M2_1B1_MXILINX_lab8_exp7>.
    Related source file is "C:/Users/James/Documents/Xlink_projects/lab8_projects/lab8_experiment7/lab8_exp7.vhf".
Unit <M2_1B1_MXILINX_lab8_exp7> synthesized.


Synthesizing Unit <FTCLEX_MXILINX_lab8_exp7>.
    Related source file is "C:/Users/James/Documents/Xlink_projects/lab8_projects/lab8_experiment7/lab8_exp7.vhf".
Unit <FTCLEX_MXILINX_lab8_exp7> synthesized.


Synthesizing Unit <CB4CLED_MXILINX_lab8_exp7>.
    Related source file is "C:/Users/James/Documents/Xlink_projects/lab8_projects/lab8_experiment7/lab8_exp7.vhf".
Unit <CB4CLED_MXILINX_lab8_exp7> synthesized.


Synthesizing Unit <lab8_exp7>.
    Related source file is "C:/Users/James/Documents/Xlink_projects/lab8_projects/lab8_experiment7/lab8_exp7.vhf".
WARNING:Xst:653 - Signal <XLXN_45> is used but never assigned. This sourceless signal will be automatically connected to value 0.
WARNING:Xst:653 - Signal <XLXI_36_En_openSignal> is used but never assigned. This sourceless signal will be automatically connected to value 0.
WARNING:Xst:653 - Signal <Din<7:4>> is used but never assigned. This sourceless signal will be automatically connected to value 0000.
Unit <lab8_exp7> synthesized.


=========================================================================
HDL Synthesis Report

Macro Statistics
# ROMs                                                 : 10
 16x4-bit ROM                                          : 7
 16x7-bit ROM                                          : 1
 4x2-bit ROM                                           : 1
 8x4-bit ROM                                           : 1
# Adders/Subtractors                                   : 8
 32-bit adder                                          : 8
# Counters                                             : 8
 32-bit up counter                                     : 8
# Registers                                            : 20
 1-bit register                                        : 16
 2-bit register                                        : 2
 4-bit register                                        : 2
# Comparators                                          : 8
 32-bit comparator greatequal                          : 2
 32-bit comparator greater                             : 6

=========================================================================

=========================================================================
*                       Advanced HDL Synthesis                          *
=========================================================================

INFO:Xst:2261 - The FF/Latch <Dout2_2> in Unit <XLXI_14> is equivalent to the following FF/Latch, which will be removed : <Dout2_3> 
WARNING:Xst:1710 - FF/Latch <Dout2_2> (without init value) has a constant value of 0 in block <XLXI_14>. This FF/Latch will be trimmed during the optimization process.
WARNING:Xst:2404 -  FFs/Latches <Dout2<3:2>> (without init value) have a constant value of 0 in block <bin2BCD3en>.

Synthesizing (advanced) Unit <sel_strobeB>.
INFO:Xst:3034 - In order to maximize performance and save block RAM resources, the small ROM <Mrom_sel_mux0001> will be implemented on LUT. If you want to force its implementation on block, use option/constraint rom_style.
Unit <sel_strobeB> synthesized (advanced).

=========================================================================
Advanced HDL Synthesis Report

Macro Statistics
# ROMs                                                 : 10
 16x4-bit ROM                                          : 7
 16x7-bit ROM                                          : 1
 4x2-bit ROM                                           : 1
 8x4-bit ROM                                           : 1
# Adders/Subtractors                                   : 8
 32-bit adder                                          : 8
# Counters                                             : 8
 32-bit up counter                                     : 8
# Registers                                            : 30
 Flip-Flops                                            : 30
# Comparators                                          : 8
 32-bit comparator greatequal                          : 2
 32-bit comparator greater                             : 6

=========================================================================

=========================================================================
*                         Low Level Synthesis                           *
=========================================================================
INFO:Xst:2261 - The FF/Latch <RBout_1> in Unit <bin2BCD3en> is equivalent to the following FF/Latch, which will be removed : <RBout_0> 
WARNING:Xst:1710 - FF/Latch <RBout_3> (without init value) has a constant value of 1 in block <bin2BCD3en>. This FF/Latch will be trimmed during the optimization process.
WARNING:Xst:1895 - Due to other FF/Latch trimming, FF/Latch <RBout_1> (without init value) has a constant value of 0 in block <bin2BCD3en>. This FF/Latch will be trimmed during the optimization process.
WARNING:Xst:2170 - Unit lab8_exp7 : the following signal(s) form a combinatorial loop: XLXN_59, Up.

Optimizing unit <lab8_exp7> ...

Optimizing unit <DCM_50M> ...

Optimizing unit <M2_1_MXILINX_lab8_exp7> ...

Optimizing unit <M2_1B1_MXILINX_lab8_exp7> ...

Optimizing unit <bin2BCD3en> ...

Optimizing unit <FTCLEX_MXILINX_lab8_exp7> ...

Optimizing unit <lab6_experimen3> ...

Optimizing unit <CB4CLED_MXILINX_lab8_exp7> ...
WARNING:Xst:1710 - FF/Latch <XLXI_36/XLXI_14/Dout1_3> (without init value) has a constant value of 0 in block <lab8_exp7>. This FF/Latch will be trimmed during the optimization process.
WARNING:Xst:1710 - FF/Latch <XLXI_36/XLXI_14/Dout1_2> (without init value) has a constant value of 0 in block <lab8_exp7>. This FF/Latch will be trimmed during the optimization process.
WARNING:Xst:1710 - FF/Latch <XLXI_36/XLXI_14/Dout1_1> (without init value) has a constant value of 0 in block <lab8_exp7>. This FF/Latch will be trimmed during the optimization process.
WARNING:Xst:1710 - FF/Latch <XLXI_36/XLXI_14/Dout2_0> (without init value) has a constant value of 0 in block <lab8_exp7>. This FF/Latch will be trimmed during the optimization process.
WARNING:Xst:1710 - FF/Latch <XLXI_36/XLXI_14/Dout2_1> (without init value) has a constant value of 0 in block <lab8_exp7>. This FF/Latch will be trimmed during the optimization process.
WARNING:Xst:2677 - Node <XLXI_20/cnt10k_31> of sequential type is unconnected in block <lab8_exp7>.
WARNING:Xst:2677 - Node <XLXI_20/cnt10k_30> of sequential type is unconnected in block <lab8_exp7>.
WARNING:Xst:2677 - Node <XLXI_20/cnt10k_29> of sequential type is unconnected in block <lab8_exp7>.
WARNING:Xst:2677 - Node <XLXI_20/cnt10k_28> of sequential type is unconnected in block <lab8_exp7>.
WARNING:Xst:2677 - Node <XLXI_20/cnt10k_27> of sequential type is unconnected in block <lab8_exp7>.
WARNING:Xst:2677 - Node <XLXI_20/cnt10k_26> of sequential type is unconnected in block <lab8_exp7>.
WARNING:Xst:2677 - Node <XLXI_20/cnt10k_25> of sequential type is unconnected in block <lab8_exp7>.
WARNING:Xst:2677 - Node <XLXI_20/cnt10k_24> of sequential type is unconnected in block <lab8_exp7>.
WARNING:Xst:2677 - Node <XLXI_20/cnt10k_23> of sequential type is unconnected in block <lab8_exp7>.
WARNING:Xst:2677 - Node <XLXI_20/cnt10k_22> of sequential type is unconnected in block <lab8_exp7>.
WARNING:Xst:2677 - Node <XLXI_20/cnt10k_21> of sequential type is unconnected in block <lab8_exp7>.
WARNING:Xst:2677 - Node <XLXI_20/cnt10k_20> of sequential type is unconnected in block <lab8_exp7>.
WARNING:Xst:2677 - Node <XLXI_20/cnt10k_19> of sequential type is unconnected in block <lab8_exp7>.
WARNING:Xst:2677 - Node <XLXI_20/cnt10k_18> of sequential type is unconnected in block <lab8_exp7>.
WARNING:Xst:2677 - Node <XLXI_20/cnt10k_17> of sequential type is unconnected in block <lab8_exp7>.
WARNING:Xst:2677 - Node <XLXI_20/cnt10k_16> of sequential type is unconnected in block <lab8_exp7>.
WARNING:Xst:2677 - Node <XLXI_20/cnt10k_15> of sequential type is unconnected in block <lab8_exp7>.
WARNING:Xst:2677 - Node <XLXI_20/cnt10k_14> of sequential type is unconnected in block <lab8_exp7>.
WARNING:Xst:2677 - Node <XLXI_20/cnt10k_13> of sequential type is unconnected in block <lab8_exp7>.
WARNING:Xst:2677 - Node <XLXI_20/cnt10k_12> of sequential type is unconnected in block <lab8_exp7>.
WARNING:Xst:2677 - Node <XLXI_20/cnt10k_11> of sequential type is unconnected in block <lab8_exp7>.
WARNING:Xst:2677 - Node <XLXI_20/cnt10k_10> of sequential type is unconnected in block <lab8_exp7>.
WARNING:Xst:2677 - Node <XLXI_20/cnt10k_9> of sequential type is unconnected in block <lab8_exp7>.
WARNING:Xst:2677 - Node <XLXI_20/cnt10k_8> of sequential type is unconnected in block <lab8_exp7>.
WARNING:Xst:2677 - Node <XLXI_20/cnt10k_7> of sequential type is unconnected in block <lab8_exp7>.
WARNING:Xst:2677 - Node <XLXI_20/cnt10k_6> of sequential type is unconnected in block <lab8_exp7>.
WARNING:Xst:2677 - Node <XLXI_20/cnt10k_5> of sequential type is unconnected in block <lab8_exp7>.
WARNING:Xst:2677 - Node <XLXI_20/cnt10k_4> of sequential type is unconnected in block <lab8_exp7>.
WARNING:Xst:2677 - Node <XLXI_20/cnt10k_3> of sequential type is unconnected in block <lab8_exp7>.
WARNING:Xst:2677 - Node <XLXI_20/cnt10k_2> of sequential type is unconnected in block <lab8_exp7>.
WARNING:Xst:2677 - Node <XLXI_20/cnt10k_1> of sequential type is unconnected in block <lab8_exp7>.
WARNING:Xst:2677 - Node <XLXI_20/cnt10k_0> of sequential type is unconnected in block <lab8_exp7>.
WARNING:Xst:2677 - Node <XLXI_20/clk_10k> of sequential type is unconnected in block <lab8_exp7>.
WARNING:Xst:2677 - Node <XLXI_36/XLXI_14/RBout_2> of sequential type is unconnected in block <lab8_exp7>.
WARNING:Xst:2677 - Node <XLXI_36/XLXI_3/clk_10k> of sequential type is unconnected in block <lab8_exp7>.
WARNING:Xst:2677 - Node <XLXI_36/XLXI_3/clk_1> of sequential type is unconnected in block <lab8_exp7>.
WARNING:Xst:2677 - Node <XLXI_36/XLXI_3/cnt1_0> of sequential type is unconnected in block <lab8_exp7>.
WARNING:Xst:2677 - Node <XLXI_36/XLXI_3/cnt1_1> of sequential type is unconnected in block <lab8_exp7>.
WARNING:Xst:2677 - Node <XLXI_36/XLXI_3/cnt1_2> of sequential type is unconnected in block <lab8_exp7>.
WARNING:Xst:2677 - Node <XLXI_36/XLXI_3/cnt1_3> of sequential type is unconnected in block <lab8_exp7>.
WARNING:Xst:2677 - Node <XLXI_36/XLXI_3/cnt1_4> of sequential type is unconnected in block <lab8_exp7>.
WARNING:Xst:2677 - Node <XLXI_36/XLXI_3/cnt1_5> of sequential type is unconnected in block <lab8_exp7>.
WARNING:Xst:2677 - Node <XLXI_36/XLXI_3/cnt1_6> of sequential type is unconnected in block <lab8_exp7>.
WARNING:Xst:2677 - Node <XLXI_36/XLXI_3/cnt1_7> of sequential type is unconnected in block <lab8_exp7>.
WARNING:Xst:2677 - Node <XLXI_36/XLXI_3/cnt1_8> of sequential type is unconnected in block <lab8_exp7>.
WARNING:Xst:2677 - Node <XLXI_36/XLXI_3/cnt1_9> of sequential type is unconnected in block <lab8_exp7>.
WARNING:Xst:2677 - Node <XLXI_36/XLXI_3/cnt1_10> of sequential type is unconnected in block <lab8_exp7>.
WARNING:Xst:2677 - Node <XLXI_36/XLXI_3/cnt1_11> of sequential type is unconnected in block <lab8_exp7>.
WARNING:Xst:2677 - Node <XLXI_36/XLXI_3/cnt1_12> of sequential type is unconnected in block <lab8_exp7>.
WARNING:Xst:2677 - Node <XLXI_36/XLXI_3/cnt1_13> of sequential type is unconnected in block <lab8_exp7>.
WARNING:Xst:2677 - Node <XLXI_36/XLXI_3/cnt1_14> of sequential type is unconnected in block <lab8_exp7>.
WARNING:Xst:2677 - Node <XLXI_36/XLXI_3/cnt1_15> of sequential type is unconnected in block <lab8_exp7>.
WARNING:Xst:2677 - Node <XLXI_36/XLXI_3/cnt1_16> of sequential type is unconnected in block <lab8_exp7>.
WARNING:Xst:2677 - Node <XLXI_36/XLXI_3/cnt1_17> of sequential type is unconnected in block <lab8_exp7>.
WARNING:Xst:2677 - Node <XLXI_36/XLXI_3/cnt1_18> of sequential type is unconnected in block <lab8_exp7>.
WARNING:Xst:2677 - Node <XLXI_36/XLXI_3/cnt1_19> of sequential type is unconnected in block <lab8_exp7>.
WARNING:Xst:2677 - Node <XLXI_36/XLXI_3/cnt1_20> of sequential type is unconnected in block <lab8_exp7>.
WARNING:Xst:2677 - Node <XLXI_36/XLXI_3/cnt1_21> of sequential type is unconnected in block <lab8_exp7>.
WARNING:Xst:2677 - Node <XLXI_36/XLXI_3/cnt1_22> of sequential type is unconnected in block <lab8_exp7>.
WARNING:Xst:2677 - Node <XLXI_36/XLXI_3/cnt1_23> of sequential type is unconnected in block <lab8_exp7>.
WARNING:Xst:2677 - Node <XLXI_36/XLXI_3/cnt1_24> of sequential type is unconnected in block <lab8_exp7>.
WARNING:Xst:2677 - Node <XLXI_36/XLXI_3/cnt1_25> of sequential type is unconnected in block <lab8_exp7>.
WARNING:Xst:2677 - Node <XLXI_36/XLXI_3/cnt1_26> of sequential type is unconnected in block <lab8_exp7>.
WARNING:Xst:2677 - Node <XLXI_36/XLXI_3/cnt1_27> of sequential type is unconnected in block <lab8_exp7>.
WARNING:Xst:2677 - Node <XLXI_36/XLXI_3/cnt1_28> of sequential type is unconnected in block <lab8_exp7>.
WARNING:Xst:2677 - Node <XLXI_36/XLXI_3/cnt1_29> of sequential type is unconnected in block <lab8_exp7>.
WARNING:Xst:2677 - Node <XLXI_36/XLXI_3/cnt1_30> of sequential type is unconnected in block <lab8_exp7>.
WARNING:Xst:2677 - Node <XLXI_36/XLXI_3/cnt1_31> of sequential type is unconnected in block <lab8_exp7>.
WARNING:Xst:2677 - Node <XLXI_36/XLXI_3/cnt10k_0> of sequential type is unconnected in block <lab8_exp7>.
WARNING:Xst:2677 - Node <XLXI_36/XLXI_3/cnt10k_1> of sequential type is unconnected in block <lab8_exp7>.
WARNING:Xst:2677 - Node <XLXI_36/XLXI_3/cnt10k_2> of sequential type is unconnected in block <lab8_exp7>.
WARNING:Xst:2677 - Node <XLXI_36/XLXI_3/cnt10k_3> of sequential type is unconnected in block <lab8_exp7>.
WARNING:Xst:2677 - Node <XLXI_36/XLXI_3/cnt10k_4> of sequential type is unconnected in block <lab8_exp7>.
WARNING:Xst:2677 - Node <XLXI_36/XLXI_3/cnt10k_5> of sequential type is unconnected in block <lab8_exp7>.
WARNING:Xst:2677 - Node <XLXI_36/XLXI_3/cnt10k_6> of sequential type is unconnected in block <lab8_exp7>.
WARNING:Xst:2677 - Node <XLXI_36/XLXI_3/cnt10k_7> of sequential type is unconnected in block <lab8_exp7>.
WARNING:Xst:2677 - Node <XLXI_36/XLXI_3/cnt10k_8> of sequential type is unconnected in block <lab8_exp7>.
WARNING:Xst:2677 - Node <XLXI_36/XLXI_3/cnt10k_9> of sequential type is unconnected in block <lab8_exp7>.
WARNING:Xst:2677 - Node <XLXI_36/XLXI_3/cnt10k_10> of sequential type is unconnected in block <lab8_exp7>.
WARNING:Xst:2677 - Node <XLXI_36/XLXI_3/cnt10k_11> of sequential type is unconnected in block <lab8_exp7>.
WARNING:Xst:2677 - Node <XLXI_36/XLXI_3/cnt10k_12> of sequential type is unconnected in block <lab8_exp7>.
WARNING:Xst:2677 - Node <XLXI_36/XLXI_3/cnt10k_13> of sequential type is unconnected in block <lab8_exp7>.
WARNING:Xst:2677 - Node <XLXI_36/XLXI_3/cnt10k_14> of sequential type is unconnected in block <lab8_exp7>.
WARNING:Xst:2677 - Node <XLXI_36/XLXI_3/cnt10k_15> of sequential type is unconnected in block <lab8_exp7>.
WARNING:Xst:2677 - Node <XLXI_36/XLXI_3/cnt10k_16> of sequential type is unconnected in block <lab8_exp7>.
WARNING:Xst:2677 - Node <XLXI_36/XLXI_3/cnt10k_17> of sequential type is unconnected in block <lab8_exp7>.
WARNING:Xst:2677 - Node <XLXI_36/XLXI_3/cnt10k_18> of sequential type is unconnected in block <lab8_exp7>.
WARNING:Xst:2677 - Node <XLXI_36/XLXI_3/cnt10k_19> of sequential type is unconnected in block <lab8_exp7>.
WARNING:Xst:2677 - Node <XLXI_36/XLXI_3/cnt10k_20> of sequential type is unconnected in block <lab8_exp7>.
WARNING:Xst:2677 - Node <XLXI_36/XLXI_3/cnt10k_21> of sequential type is unconnected in block <lab8_exp7>.
WARNING:Xst:2677 - Node <XLXI_36/XLXI_3/cnt10k_22> of sequential type is unconnected in block <lab8_exp7>.
WARNING:Xst:2677 - Node <XLXI_36/XLXI_3/cnt10k_23> of sequential type is unconnected in block <lab8_exp7>.
WARNING:Xst:2677 - Node <XLXI_36/XLXI_3/cnt10k_24> of sequential type is unconnected in block <lab8_exp7>.
WARNING:Xst:2677 - Node <XLXI_36/XLXI_3/cnt10k_25> of sequential type is unconnected in block <lab8_exp7>.
WARNING:Xst:2677 - Node <XLXI_36/XLXI_3/cnt10k_26> of sequential type is unconnected in block <lab8_exp7>.
WARNING:Xst:2677 - Node <XLXI_36/XLXI_3/cnt10k_27> of sequential type is unconnected in block <lab8_exp7>.
WARNING:Xst:2677 - Node <XLXI_36/XLXI_3/cnt10k_28> of sequential type is unconnected in block <lab8_exp7>.
WARNING:Xst:2677 - Node <XLXI_36/XLXI_3/cnt10k_29> of sequential type is unconnected in block <lab8_exp7>.
WARNING:Xst:2677 - Node <XLXI_36/XLXI_3/cnt10k_30> of sequential type is unconnected in block <lab8_exp7>.
WARNING:Xst:2677 - Node <XLXI_36/XLXI_3/cnt10k_31> of sequential type is unconnected in block <lab8_exp7>.

Mapping all equations...
Building and optimizing final netlist ...
Found area constraint ratio of 100 (+ 5) on block lab8_exp7, actual ratio is 22.

Final Macro Processing ...

=========================================================================
Final Register Report

Macro Statistics
# Registers                                            : 178
 Flip-Flops                                            : 178

=========================================================================

=========================================================================
*                           Partition Report                            *
=========================================================================

Partition Implementation Status
-------------------------------

  No Partitions were found in this design.

-------------------------------

=========================================================================
*                            Final Report                               *
=========================================================================
Final Results
RTL Top Level Output File Name     : lab8_exp7.ngr
Top Level Output File Name         : lab8_exp7
Output Format                      : NGC
Optimization Goal                  : Speed
Keep Hierarchy                     : No

Design Statistics
# IOs                              : 17

Cell Usage :
# BELS                             : 1138
#      AND2                        : 10
#      AND2B1                      : 7
#      AND2B2                      : 2
#      AND3                        : 1
#      AND3B3                      : 1
#      AND4                        : 1
#      AND4B4                      : 1
#      GND                         : 1
#      INV                         : 23
#      LUT1                        : 163
#      LUT2                        : 116
#      LUT3                        : 71
#      LUT4                        : 38
#      MUXCY                       : 368
#      OR2                         : 9
#      VCC                         : 2
#      XOR2                        : 4
#      XORCY                       : 320
# FlipFlops/Latches                : 178
#      FD                          : 3
#      FDCE                        : 4
#      FDCP                        : 5
#      FDE                         : 165
#      FDR                         : 1
# Clock Buffers                    : 4
#      BUFG                        : 3
#      BUFGP                       : 1
# IO Buffers                       : 16
#      IBUF                        : 2
#      OBUF                        : 14
# Logical                          : 4
#      NAND2                       : 4
# Others                           : 3
#      PULLDOWN                    : 1
#      PULLUP                      : 2
=========================================================================

Device utilization summary:
---------------------------

Selected Device : 3s100ecp132-4 

 Number of Slices:                      207  out of    960    21%  
 Number of Slice Flip Flops:            178  out of   1920     9%  
 Number of 4 input LUTs:                411  out of   1920    21%  
 Number of IOs:                          17
 Number of bonded IOBs:                  17  out of     83    20%  
 Number of GCLKs:                         4  out of     24    16%  

---------------------------
Partition Resource Summary:
---------------------------

  No Partitions were found in this design.

---------------------------


=========================================================================
TIMING REPORT

NOTE: THESE TIMING NUMBERS ARE ONLY A SYNTHESIS ESTIMATE.
      FOR ACCURATE TIMING INFORMATION PLEASE REFER TO THE TRACE REPORT
      GENERATED AFTER PLACE-and-ROUTE.

Clock Information:
------------------
-----------------------------------+------------------------------+-------+
Clock Signal                       | Clock buffer(FF name)        | Load  |
-----------------------------------+------------------------------+-------+
Clock                              | BUFGP                        | 66    |
XLXI_20/clk_1m1                    | BUFG                         | 33    |
XLXI_20/clk_1k1                    | BUFG                         | 33    |
XLXI_36/XLXI_3/clk_1k              | NONE(XLXI_36/XLXI_14/Dout0_0)| 9     |
XLXI_36/XLXI_3/clk_1m1             | BUFG                         | 33    |
XLXI_20/clk_1                      | NONE(XLXI_1/I_Q3/I_36_35)    | 4     |
-----------------------------------+------------------------------+-------+
INFO:Xst:2169 - HDL ADVISOR - Some clock signals were not automatically buffered by XST with BUFG/BUFR resources. Please use the buffer_type constraint in order to insert these buffers to the clock signals to help prevent skew problems.

Asynchronous Control Signals Information:
----------------------------------------
-----------------------------------+------------------------------+-------+
Control Signal                     | Buffer(FF name)              | Load  |
-----------------------------------+------------------------------+-------+
Din<4>(XST_GND:G)                  | NONE(XLXI_36/XLXI_14/Dout0_0)| 10    |
CLR                                | IBUF                         | 4     |
-----------------------------------+------------------------------+-------+

Timing Summary:
---------------
Speed Grade: -4

   Minimum period: 12.348ns (Maximum Frequency: 80.986MHz)
   Minimum input arrival time before clock: 4.594ns
   Maximum output required time after clock: 8.630ns
   Maximum combinational path delay: No path found

Timing Detail:
--------------
All values displayed in nanoseconds (ns)

=========================================================================
Timing constraint: Default period analysis for Clock 'Clock'
  Clock period: 12.348ns (frequency: 80.986MHz)
  Total number of paths / destination ports: 593474 / 68
-------------------------------------------------------------------------
Delay:               12.348ns (Levels of Logic = 66)
  Source:            XLXI_20/cnt1M_1 (FF)
  Destination:       XLXI_20/cnt1M_31 (FF)
  Source Clock:      Clock rising
  Destination Clock: Clock rising

  Data Path: XLXI_20/cnt1M_1 to XLXI_20/cnt1M_31
                                Gate     Net
    Cell:in->out      fanout   Delay   Delay  Logical Name (Net Name)
    ----------------------------------------  ------------
     FDE:C->Q              2   0.591   0.622  XLXI_20/cnt1M_1 (XLXI_20/cnt1M_1)
     LUT1:I0->O            1   0.704   0.000  XLXI_20/Madd_clk_1m_add0000_cy<1>_rt (XLXI_20/Madd_clk_1m_add0000_cy<1>_rt)
     MUXCY:S->O            1   0.464   0.000  XLXI_20/Madd_clk_1m_add0000_cy<1> (XLXI_20/Madd_clk_1m_add0000_cy<1>)
     MUXCY:CI->O           1   0.059   0.000  XLXI_20/Madd_clk_1m_add0000_cy<2> (XLXI_20/Madd_clk_1m_add0000_cy<2>)
     MUXCY:CI->O           1   0.059   0.000  XLXI_20/Madd_clk_1m_add0000_cy<3> (XLXI_20/Madd_clk_1m_add0000_cy<3>)
     MUXCY:CI->O           1   0.059   0.000  XLXI_20/Madd_clk_1m_add0000_cy<4> (XLXI_20/Madd_clk_1m_add0000_cy<4>)
     MUXCY:CI->O           1   0.059   0.000  XLXI_20/Madd_clk_1m_add0000_cy<5> (XLXI_20/Madd_clk_1m_add0000_cy<5>)
     MUXCY:CI->O           1   0.059   0.000  XLXI_20/Madd_clk_1m_add0000_cy<6> (XLXI_20/Madd_clk_1m_add0000_cy<6>)
     MUXCY:CI->O           1   0.059   0.000  XLXI_20/Madd_clk_1m_add0000_cy<7> (XLXI_20/Madd_clk_1m_add0000_cy<7>)
     MUXCY:CI->O           1   0.059   0.000  XLXI_20/Madd_clk_1m_add0000_cy<8> (XLXI_20/Madd_clk_1m_add0000_cy<8>)
     MUXCY:CI->O           1   0.059   0.000  XLXI_20/Madd_clk_1m_add0000_cy<9> (XLXI_20/Madd_clk_1m_add0000_cy<9>)
     MUXCY:CI->O           1   0.059   0.000  XLXI_20/Madd_clk_1m_add0000_cy<10> (XLXI_20/Madd_clk_1m_add0000_cy<10>)
     MUXCY:CI->O           1   0.059   0.000  XLXI_20/Madd_clk_1m_add0000_cy<11> (XLXI_20/Madd_clk_1m_add0000_cy<11>)
     MUXCY:CI->O           1   0.059   0.000  XLXI_20/Madd_clk_1m_add0000_cy<12> (XLXI_20/Madd_clk_1m_add0000_cy<12>)
     MUXCY:CI->O           1   0.059   0.000  XLXI_20/Madd_clk_1m_add0000_cy<13> (XLXI_20/Madd_clk_1m_add0000_cy<13>)
     MUXCY:CI->O           1   0.059   0.000  XLXI_20/Madd_clk_1m_add0000_cy<14> (XLXI_20/Madd_clk_1m_add0000_cy<14>)
     MUXCY:CI->O           1   0.059   0.000  XLXI_20/Madd_clk_1m_add0000_cy<15> (XLXI_20/Madd_clk_1m_add0000_cy<15>)
     MUXCY:CI->O           1   0.059   0.000  XLXI_20/Madd_clk_1m_add0000_cy<16> (XLXI_20/Madd_clk_1m_add0000_cy<16>)
     MUXCY:CI->O           1   0.059   0.000  XLXI_20/Madd_clk_1m_add0000_cy<17> (XLXI_20/Madd_clk_1m_add0000_cy<17>)
     MUXCY:CI->O           1   0.059   0.000  XLXI_20/Madd_clk_1m_add0000_cy<18> (XLXI_20/Madd_clk_1m_add0000_cy<18>)
     MUXCY:CI->O           1   0.059   0.000  XLXI_20/Madd_clk_1m_add0000_cy<19> (XLXI_20/Madd_clk_1m_add0000_cy<19>)
     MUXCY:CI->O           1   0.059   0.000  XLXI_20/Madd_clk_1m_add0000_cy<20> (XLXI_20/Madd_clk_1m_add0000_cy<20>)
     MUXCY:CI->O           1   0.059   0.000  XLXI_20/Madd_clk_1m_add0000_cy<21> (XLXI_20/Madd_clk_1m_add0000_cy<21>)
     MUXCY:CI->O           1   0.059   0.000  XLXI_20/Madd_clk_1m_add0000_cy<22> (XLXI_20/Madd_clk_1m_add0000_cy<22>)
     MUXCY:CI->O           1   0.059   0.000  XLXI_20/Madd_clk_1m_add0000_cy<23> (XLXI_20/Madd_clk_1m_add0000_cy<23>)
     MUXCY:CI->O           1   0.059   0.000  XLXI_20/Madd_clk_1m_add0000_cy<24> (XLXI_20/Madd_clk_1m_add0000_cy<24>)
     MUXCY:CI->O           1   0.059   0.000  XLXI_20/Madd_clk_1m_add0000_cy<25> (XLXI_20/Madd_clk_1m_add0000_cy<25>)
     MUXCY:CI->O           1   0.059   0.000  XLXI_20/Madd_clk_1m_add0000_cy<26> (XLXI_20/Madd_clk_1m_add0000_cy<26>)
     MUXCY:CI->O           1   0.059   0.000  XLXI_20/Madd_clk_1m_add0000_cy<27> (XLXI_20/Madd_clk_1m_add0000_cy<27>)
     MUXCY:CI->O           1   0.059   0.000  XLXI_20/Madd_clk_1m_add0000_cy<28> (XLXI_20/Madd_clk_1m_add0000_cy<28>)
     XORCY:CI->O           1   0.804   0.595  XLXI_20/Madd_clk_1m_add0000_xor<29> (XLXI_20/clk_1m_add0000<29>)
     LUT2:I0->O            1   0.704   0.000  XLXI_20/Mcompar_cnt1M_cmp_ge0000_lut<9> (XLXI_20/Mcompar_cnt1M_cmp_ge0000_lut<9>)
     MUXCY:S->O            1   0.464   0.000  XLXI_20/Mcompar_cnt1M_cmp_ge0000_cy<9> (XLXI_20/Mcompar_cnt1M_cmp_ge0000_cy<9>)
     MUXCY:CI->O          34   0.459   1.298  XLXI_20/Mcompar_cnt1M_cmp_ge0000_cy<10> (XLXI_20/cnt1M_cmp_ge0000)
     LUT3:I2->O            1   0.704   0.000  XLXI_20/Mcount_cnt1M_lut<0> (XLXI_20/Mcount_cnt1M_lut<0>)
     MUXCY:S->O            1   0.464   0.000  XLXI_20/Mcount_cnt1M_cy<0> (XLXI_20/Mcount_cnt1M_cy<0>)
     MUXCY:CI->O           1   0.059   0.000  XLXI_20/Mcount_cnt1M_cy<1> (XLXI_20/Mcount_cnt1M_cy<1>)
     MUXCY:CI->O           1   0.059   0.000  XLXI_20/Mcount_cnt1M_cy<2> (XLXI_20/Mcount_cnt1M_cy<2>)
     MUXCY:CI->O           1   0.059   0.000  XLXI_20/Mcount_cnt1M_cy<3> (XLXI_20/Mcount_cnt1M_cy<3>)
     MUXCY:CI->O           1   0.059   0.000  XLXI_20/Mcount_cnt1M_cy<4> (XLXI_20/Mcount_cnt1M_cy<4>)
     MUXCY:CI->O           1   0.059   0.000  XLXI_20/Mcount_cnt1M_cy<5> (XLXI_20/Mcount_cnt1M_cy<5>)
     MUXCY:CI->O           1   0.059   0.000  XLXI_20/Mcount_cnt1M_cy<6> (XLXI_20/Mcount_cnt1M_cy<6>)
     MUXCY:CI->O           1   0.059   0.000  XLXI_20/Mcount_cnt1M_cy<7> (XLXI_20/Mcount_cnt1M_cy<7>)
     MUXCY:CI->O           1   0.059   0.000  XLXI_20/Mcount_cnt1M_cy<8> (XLXI_20/Mcount_cnt1M_cy<8>)
     MUXCY:CI->O           1   0.059   0.000  XLXI_20/Mcount_cnt1M_cy<9> (XLXI_20/Mcount_cnt1M_cy<9>)
     MUXCY:CI->O           1   0.059   0.000  XLXI_20/Mcount_cnt1M_cy<10> (XLXI_20/Mcount_cnt1M_cy<10>)
     MUXCY:CI->O           1   0.059   0.000  XLXI_20/Mcount_cnt1M_cy<11> (XLXI_20/Mcount_cnt1M_cy<11>)
     MUXCY:CI->O           1   0.059   0.000  XLXI_20/Mcount_cnt1M_cy<12> (XLXI_20/Mcount_cnt1M_cy<12>)
     MUXCY:CI->O           1   0.059   0.000  XLXI_20/Mcount_cnt1M_cy<13> (XLXI_20/Mcount_cnt1M_cy<13>)
     MUXCY:CI->O           1   0.059   0.000  XLXI_20/Mcount_cnt1M_cy<14> (XLXI_20/Mcount_cnt1M_cy<14>)
     MUXCY:CI->O           1   0.059   0.000  XLXI_20/Mcount_cnt1M_cy<15> (XLXI_20/Mcount_cnt1M_cy<15>)
     MUXCY:CI->O           1   0.059   0.000  XLXI_20/Mcount_cnt1M_cy<16> (XLXI_20/Mcount_cnt1M_cy<16>)
     MUXCY:CI->O           1   0.059   0.000  XLXI_20/Mcount_cnt1M_cy<17> (XLXI_20/Mcount_cnt1M_cy<17>)
     MUXCY:CI->O           1   0.059   0.000  XLXI_20/Mcount_cnt1M_cy<18> (XLXI_20/Mcount_cnt1M_cy<18>)
     MUXCY:CI->O           1   0.059   0.000  XLXI_20/Mcount_cnt1M_cy<19> (XLXI_20/Mcount_cnt1M_cy<19>)
     MUXCY:CI->O           1   0.059   0.000  XLXI_20/Mcount_cnt1M_cy<20> (XLXI_20/Mcount_cnt1M_cy<20>)
     MUXCY:CI->O           1   0.059   0.000  XLXI_20/Mcount_cnt1M_cy<21> (XLXI_20/Mcount_cnt1M_cy<21>)
     MUXCY:CI->O           1   0.059   0.000  XLXI_20/Mcount_cnt1M_cy<22> (XLXI_20/Mcount_cnt1M_cy<22>)
     MUXCY:CI->O           1   0.059   0.000  XLXI_20/Mcount_cnt1M_cy<23> (XLXI_20/Mcount_cnt1M_cy<23>)
     MUXCY:CI->O           1   0.059   0.000  XLXI_20/Mcount_cnt1M_cy<24> (XLXI_20/Mcount_cnt1M_cy<24>)
     MUXCY:CI->O           1   0.059   0.000  XLXI_20/Mcount_cnt1M_cy<25> (XLXI_20/Mcount_cnt1M_cy<25>)
     MUXCY:CI->O           1   0.059   0.000  XLXI_20/Mcount_cnt1M_cy<26> (XLXI_20/Mcount_cnt1M_cy<26>)
     MUXCY:CI->O           1   0.059   0.000  XLXI_20/Mcount_cnt1M_cy<27> (XLXI_20/Mcount_cnt1M_cy<27>)
     MUXCY:CI->O           1   0.059   0.000  XLXI_20/Mcount_cnt1M_cy<28> (XLXI_20/Mcount_cnt1M_cy<28>)
     MUXCY:CI->O           1   0.059   0.000  XLXI_20/Mcount_cnt1M_cy<29> (XLXI_20/Mcount_cnt1M_cy<29>)
     MUXCY:CI->O           0   0.059   0.000  XLXI_20/Mcount_cnt1M_cy<30> (XLXI_20/Mcount_cnt1M_cy<30>)
     XORCY:CI->O           1   0.804   0.000  XLXI_20/Mcount_cnt1M_xor<31> (XLXI_20/Mcount_cnt1M31)
     FDE:D                     0.308          XLXI_20/cnt1M_31
    ----------------------------------------
    Total                     12.348ns (9.833ns logic, 2.515ns route)
                                       (79.6% logic, 20.4% route)

=========================================================================
Timing constraint: Default period analysis for Clock 'XLXI_20/clk_1m1'
  Clock period: 11.992ns (frequency: 83.390MHz)
  Total number of paths / destination ports: 314689 / 34
-------------------------------------------------------------------------
Delay:               11.992ns (Levels of Logic = 66)
  Source:            XLXI_20/cnt1k_1 (FF)
  Destination:       XLXI_20/cnt1k_31 (FF)
  Source Clock:      XLXI_20/clk_1m1 rising
  Destination Clock: XLXI_20/clk_1m1 rising

  Data Path: XLXI_20/cnt1k_1 to XLXI_20/cnt1k_31
                                Gate     Net
    Cell:in->out      fanout   Delay   Delay  Logical Name (Net Name)
    ----------------------------------------  ------------
     FDE:C->Q              2   0.591   0.622  XLXI_20/cnt1k_1 (XLXI_20/cnt1k_1)
     LUT1:I0->O            1   0.704   0.000  XLXI_20/Madd_clk_1k_add0000_cy<1>_rt (XLXI_20/Madd_clk_1k_add0000_cy<1>_rt)
     MUXCY:S->O            1   0.464   0.000  XLXI_20/Madd_clk_1k_add0000_cy<1> (XLXI_20/Madd_clk_1k_add0000_cy<1>)
     MUXCY:CI->O           1   0.059   0.000  XLXI_20/Madd_clk_1k_add0000_cy<2> (XLXI_20/Madd_clk_1k_add0000_cy<2>)
     MUXCY:CI->O           1   0.059   0.000  XLXI_20/Madd_clk_1k_add0000_cy<3> (XLXI_20/Madd_clk_1k_add0000_cy<3>)
     MUXCY:CI->O           1   0.059   0.000  XLXI_20/Madd_clk_1k_add0000_cy<4> (XLXI_20/Madd_clk_1k_add0000_cy<4>)
     MUXCY:CI->O           1   0.059   0.000  XLXI_20/Madd_clk_1k_add0000_cy<5> (XLXI_20/Madd_clk_1k_add0000_cy<5>)
     MUXCY:CI->O           1   0.059   0.000  XLXI_20/Madd_clk_1k_add0000_cy<6> (XLXI_20/Madd_clk_1k_add0000_cy<6>)
     MUXCY:CI->O           1   0.059   0.000  XLXI_20/Madd_clk_1k_add0000_cy<7> (XLXI_20/Madd_clk_1k_add0000_cy<7>)
     MUXCY:CI->O           1   0.059   0.000  XLXI_20/Madd_clk_1k_add0000_cy<8> (XLXI_20/Madd_clk_1k_add0000_cy<8>)
     MUXCY:CI->O           1   0.059   0.000  XLXI_20/Madd_clk_1k_add0000_cy<9> (XLXI_20/Madd_clk_1k_add0000_cy<9>)
     MUXCY:CI->O           1   0.059   0.000  XLXI_20/Madd_clk_1k_add0000_cy<10> (XLXI_20/Madd_clk_1k_add0000_cy<10>)
     MUXCY:CI->O           1   0.059   0.000  XLXI_20/Madd_clk_1k_add0000_cy<11> (XLXI_20/Madd_clk_1k_add0000_cy<11>)
     MUXCY:CI->O           1   0.059   0.000  XLXI_20/Madd_clk_1k_add0000_cy<12> (XLXI_20/Madd_clk_1k_add0000_cy<12>)
     MUXCY:CI->O           1   0.059   0.000  XLXI_20/Madd_clk_1k_add0000_cy<13> (XLXI_20/Madd_clk_1k_add0000_cy<13>)
     MUXCY:CI->O           1   0.059   0.000  XLXI_20/Madd_clk_1k_add0000_cy<14> (XLXI_20/Madd_clk_1k_add0000_cy<14>)
     MUXCY:CI->O           1   0.059   0.000  XLXI_20/Madd_clk_1k_add0000_cy<15> (XLXI_20/Madd_clk_1k_add0000_cy<15>)
     MUXCY:CI->O           1   0.059   0.000  XLXI_20/Madd_clk_1k_add0000_cy<16> (XLXI_20/Madd_clk_1k_add0000_cy<16>)
     MUXCY:CI->O           1   0.059   0.000  XLXI_20/Madd_clk_1k_add0000_cy<17> (XLXI_20/Madd_clk_1k_add0000_cy<17>)
     MUXCY:CI->O           1   0.059   0.000  XLXI_20/Madd_clk_1k_add0000_cy<18> (XLXI_20/Madd_clk_1k_add0000_cy<18>)
     MUXCY:CI->O           1   0.059   0.000  XLXI_20/Madd_clk_1k_add0000_cy<19> (XLXI_20/Madd_clk_1k_add0000_cy<19>)
     MUXCY:CI->O           1   0.059   0.000  XLXI_20/Madd_clk_1k_add0000_cy<20> (XLXI_20/Madd_clk_1k_add0000_cy<20>)
     MUXCY:CI->O           1   0.059   0.000  XLXI_20/Madd_clk_1k_add0000_cy<21> (XLXI_20/Madd_clk_1k_add0000_cy<21>)
     MUXCY:CI->O           1   0.059   0.000  XLXI_20/Madd_clk_1k_add0000_cy<22> (XLXI_20/Madd_clk_1k_add0000_cy<22>)
     MUXCY:CI->O           1   0.059   0.000  XLXI_20/Madd_clk_1k_add0000_cy<23> (XLXI_20/Madd_clk_1k_add0000_cy<23>)
     MUXCY:CI->O           1   0.059   0.000  XLXI_20/Madd_clk_1k_add0000_cy<24> (XLXI_20/Madd_clk_1k_add0000_cy<24>)
     MUXCY:CI->O           1   0.059   0.000  XLXI_20/Madd_clk_1k_add0000_cy<25> (XLXI_20/Madd_clk_1k_add0000_cy<25>)
     MUXCY:CI->O           1   0.059   0.000  XLXI_20/Madd_clk_1k_add0000_cy<26> (XLXI_20/Madd_clk_1k_add0000_cy<26>)
     MUXCY:CI->O           1   0.059   0.000  XLXI_20/Madd_clk_1k_add0000_cy<27> (XLXI_20/Madd_clk_1k_add0000_cy<27>)
     MUXCY:CI->O           1   0.059   0.000  XLXI_20/Madd_clk_1k_add0000_cy<28> (XLXI_20/Madd_clk_1k_add0000_cy<28>)
     XORCY:CI->O           1   0.804   0.595  XLXI_20/Madd_clk_1k_add0000_xor<29> (XLXI_20/clk_1k_add0000<29>)
     LUT2:I0->O            1   0.704   0.000  XLXI_20/Mcompar_cnt1k_cmp_gt0000_lut<10> (XLXI_20/Mcompar_cnt1k_cmp_gt0000_lut<10>)
     MUXCY:S->O            1   0.464   0.000  XLXI_20/Mcompar_cnt1k_cmp_gt0000_cy<10> (XLXI_20/Mcompar_cnt1k_cmp_gt0000_cy<10>)
     MUXCY:CI->O          34   0.059   1.342  XLXI_20/Mcompar_cnt1k_cmp_gt0000_cy<11> (XLXI_20/Mcompar_cnt1k_cmp_gt0000_cy<11>)
     LUT2:I1->O            1   0.704   0.000  XLXI_20/Mcount_cnt1k_lut<0> (XLXI_20/Mcount_cnt1k_lut<0>)
     MUXCY:S->O            1   0.464   0.000  XLXI_20/Mcount_cnt1k_cy<0> (XLXI_20/Mcount_cnt1k_cy<0>)
     MUXCY:CI->O           1   0.059   0.000  XLXI_20/Mcount_cnt1k_cy<1> (XLXI_20/Mcount_cnt1k_cy<1>)
     MUXCY:CI->O           1   0.059   0.000  XLXI_20/Mcount_cnt1k_cy<2> (XLXI_20/Mcount_cnt1k_cy<2>)
     MUXCY:CI->O           1   0.059   0.000  XLXI_20/Mcount_cnt1k_cy<3> (XLXI_20/Mcount_cnt1k_cy<3>)
     MUXCY:CI->O           1   0.059   0.000  XLXI_20/Mcount_cnt1k_cy<4> (XLXI_20/Mcount_cnt1k_cy<4>)
     MUXCY:CI->O           1   0.059   0.000  XLXI_20/Mcount_cnt1k_cy<5> (XLXI_20/Mcount_cnt1k_cy<5>)
     MUXCY:CI->O           1   0.059   0.000  XLXI_20/Mcount_cnt1k_cy<6> (XLXI_20/Mcount_cnt1k_cy<6>)
     MUXCY:CI->O           1   0.059   0.000  XLXI_20/Mcount_cnt1k_cy<7> (XLXI_20/Mcount_cnt1k_cy<7>)
     MUXCY:CI->O           1   0.059   0.000  XLXI_20/Mcount_cnt1k_cy<8> (XLXI_20/Mcount_cnt1k_cy<8>)
     MUXCY:CI->O           1   0.059   0.000  XLXI_20/Mcount_cnt1k_cy<9> (XLXI_20/Mcount_cnt1k_cy<9>)
     MUXCY:CI->O           1   0.059   0.000  XLXI_20/Mcount_cnt1k_cy<10> (XLXI_20/Mcount_cnt1k_cy<10>)
     MUXCY:CI->O           1   0.059   0.000  XLXI_20/Mcount_cnt1k_cy<11> (XLXI_20/Mcount_cnt1k_cy<11>)
     MUXCY:CI->O           1   0.059   0.000  XLXI_20/Mcount_cnt1k_cy<12> (XLXI_20/Mcount_cnt1k_cy<12>)
     MUXCY:CI->O           1   0.059   0.000  XLXI_20/Mcount_cnt1k_cy<13> (XLXI_20/Mcount_cnt1k_cy<13>)
     MUXCY:CI->O           1   0.059   0.000  XLXI_20/Mcount_cnt1k_cy<14> (XLXI_20/Mcount_cnt1k_cy<14>)
     MUXCY:CI->O           1   0.059   0.000  XLXI_20/Mcount_cnt1k_cy<15> (XLXI_20/Mcount_cnt1k_cy<15>)
     MUXCY:CI->O           1   0.059   0.000  XLXI_20/Mcount_cnt1k_cy<16> (XLXI_20/Mcount_cnt1k_cy<16>)
     MUXCY:CI->O           1   0.059   0.000  XLXI_20/Mcount_cnt1k_cy<17> (XLXI_20/Mcount_cnt1k_cy<17>)
     MUXCY:CI->O           1   0.059   0.000  XLXI_20/Mcount_cnt1k_cy<18> (XLXI_20/Mcount_cnt1k_cy<18>)
     MUXCY:CI->O           1   0.059   0.000  XLXI_20/Mcount_cnt1k_cy<19> (XLXI_20/Mcount_cnt1k_cy<19>)
     MUXCY:CI->O           1   0.059   0.000  XLXI_20/Mcount_cnt1k_cy<20> (XLXI_20/Mcount_cnt1k_cy<20>)
     MUXCY:CI->O           1   0.059   0.000  XLXI_20/Mcount_cnt1k_cy<21> (XLXI_20/Mcount_cnt1k_cy<21>)
     MUXCY:CI->O           1   0.059   0.000  XLXI_20/Mcount_cnt1k_cy<22> (XLXI_20/Mcount_cnt1k_cy<22>)
     MUXCY:CI->O           1   0.059   0.000  XLXI_20/Mcount_cnt1k_cy<23> (XLXI_20/Mcount_cnt1k_cy<23>)
     MUXCY:CI->O           1   0.059   0.000  XLXI_20/Mcount_cnt1k_cy<24> (XLXI_20/Mcount_cnt1k_cy<24>)
     MUXCY:CI->O           1   0.059   0.000  XLXI_20/Mcount_cnt1k_cy<25> (XLXI_20/Mcount_cnt1k_cy<25>)
     MUXCY:CI->O           1   0.059   0.000  XLXI_20/Mcount_cnt1k_cy<26> (XLXI_20/Mcount_cnt1k_cy<26>)
     MUXCY:CI->O           1   0.059   0.000  XLXI_20/Mcount_cnt1k_cy<27> (XLXI_20/Mcount_cnt1k_cy<27>)
     MUXCY:CI->O           1   0.059   0.000  XLXI_20/Mcount_cnt1k_cy<28> (XLXI_20/Mcount_cnt1k_cy<28>)
     MUXCY:CI->O           1   0.059   0.000  XLXI_20/Mcount_cnt1k_cy<29> (XLXI_20/Mcount_cnt1k_cy<29>)
     MUXCY:CI->O           0   0.059   0.000  XLXI_20/Mcount_cnt1k_cy<30> (XLXI_20/Mcount_cnt1k_cy<30>)
     XORCY:CI->O           1   0.804   0.000  XLXI_20/Mcount_cnt1k_xor<31> (XLXI_20/Mcount_cnt1k31)
     FDE:D                     0.308          XLXI_20/cnt1k_31
    ----------------------------------------
    Total                     11.992ns (9.433ns logic, 2.559ns route)
                                       (78.7% logic, 21.3% route)

=========================================================================
Timing constraint: Default period analysis for Clock 'XLXI_20/clk_1k1'
  Clock period: 11.992ns (frequency: 83.390MHz)
  Total number of paths / destination ports: 314689 / 34
-------------------------------------------------------------------------
Delay:               11.992ns (Levels of Logic = 66)
  Source:            XLXI_20/cnt1_1 (FF)
  Destination:       XLXI_20/cnt1_31 (FF)
  Source Clock:      XLXI_20/clk_1k1 rising
  Destination Clock: XLXI_20/clk_1k1 rising

  Data Path: XLXI_20/cnt1_1 to XLXI_20/cnt1_31
                                Gate     Net
    Cell:in->out      fanout   Delay   Delay  Logical Name (Net Name)
    ----------------------------------------  ------------
     FDE:C->Q              2   0.591   0.622  XLXI_20/cnt1_1 (XLXI_20/cnt1_1)
     LUT1:I0->O            1   0.704   0.000  XLXI_20/Madd_clk_1_add0000_cy<1>_rt (XLXI_20/Madd_clk_1_add0000_cy<1>_rt)
     MUXCY:S->O            1   0.464   0.000  XLXI_20/Madd_clk_1_add0000_cy<1> (XLXI_20/Madd_clk_1_add0000_cy<1>)
     MUXCY:CI->O           1   0.059   0.000  XLXI_20/Madd_clk_1_add0000_cy<2> (XLXI_20/Madd_clk_1_add0000_cy<2>)
     MUXCY:CI->O           1   0.059   0.000  XLXI_20/Madd_clk_1_add0000_cy<3> (XLXI_20/Madd_clk_1_add0000_cy<3>)
     MUXCY:CI->O           1   0.059   0.000  XLXI_20/Madd_clk_1_add0000_cy<4> (XLXI_20/Madd_clk_1_add0000_cy<4>)
     MUXCY:CI->O           1   0.059   0.000  XLXI_20/Madd_clk_1_add0000_cy<5> (XLXI_20/Madd_clk_1_add0000_cy<5>)
     MUXCY:CI->O           1   0.059   0.000  XLXI_20/Madd_clk_1_add0000_cy<6> (XLXI_20/Madd_clk_1_add0000_cy<6>)
     MUXCY:CI->O           1   0.059   0.000  XLXI_20/Madd_clk_1_add0000_cy<7> (XLXI_20/Madd_clk_1_add0000_cy<7>)
     MUXCY:CI->O           1   0.059   0.000  XLXI_20/Madd_clk_1_add0000_cy<8> (XLXI_20/Madd_clk_1_add0000_cy<8>)
     MUXCY:CI->O           1   0.059   0.000  XLXI_20/Madd_clk_1_add0000_cy<9> (XLXI_20/Madd_clk_1_add0000_cy<9>)
     MUXCY:CI->O           1   0.059   0.000  XLXI_20/Madd_clk_1_add0000_cy<10> (XLXI_20/Madd_clk_1_add0000_cy<10>)
     MUXCY:CI->O           1   0.059   0.000  XLXI_20/Madd_clk_1_add0000_cy<11> (XLXI_20/Madd_clk_1_add0000_cy<11>)
     MUXCY:CI->O           1   0.059   0.000  XLXI_20/Madd_clk_1_add0000_cy<12> (XLXI_20/Madd_clk_1_add0000_cy<12>)
     MUXCY:CI->O           1   0.059   0.000  XLXI_20/Madd_clk_1_add0000_cy<13> (XLXI_20/Madd_clk_1_add0000_cy<13>)
     MUXCY:CI->O           1   0.059   0.000  XLXI_20/Madd_clk_1_add0000_cy<14> (XLXI_20/Madd_clk_1_add0000_cy<14>)
     MUXCY:CI->O           1   0.059   0.000  XLXI_20/Madd_clk_1_add0000_cy<15> (XLXI_20/Madd_clk_1_add0000_cy<15>)
     MUXCY:CI->O           1   0.059   0.000  XLXI_20/Madd_clk_1_add0000_cy<16> (XLXI_20/Madd_clk_1_add0000_cy<16>)
     MUXCY:CI->O           1   0.059   0.000  XLXI_20/Madd_clk_1_add0000_cy<17> (XLXI_20/Madd_clk_1_add0000_cy<17>)
     MUXCY:CI->O           1   0.059   0.000  XLXI_20/Madd_clk_1_add0000_cy<18> (XLXI_20/Madd_clk_1_add0000_cy<18>)
     MUXCY:CI->O           1   0.059   0.000  XLXI_20/Madd_clk_1_add0000_cy<19> (XLXI_20/Madd_clk_1_add0000_cy<19>)
     MUXCY:CI->O           1   0.059   0.000  XLXI_20/Madd_clk_1_add0000_cy<20> (XLXI_20/Madd_clk_1_add0000_cy<20>)
     MUXCY:CI->O           1   0.059   0.000  XLXI_20/Madd_clk_1_add0000_cy<21> (XLXI_20/Madd_clk_1_add0000_cy<21>)
     MUXCY:CI->O           1   0.059   0.000  XLXI_20/Madd_clk_1_add0000_cy<22> (XLXI_20/Madd_clk_1_add0000_cy<22>)
     MUXCY:CI->O           1   0.059   0.000  XLXI_20/Madd_clk_1_add0000_cy<23> (XLXI_20/Madd_clk_1_add0000_cy<23>)
     MUXCY:CI->O           1   0.059   0.000  XLXI_20/Madd_clk_1_add0000_cy<24> (XLXI_20/Madd_clk_1_add0000_cy<24>)
     MUXCY:CI->O           1   0.059   0.000  XLXI_20/Madd_clk_1_add0000_cy<25> (XLXI_20/Madd_clk_1_add0000_cy<25>)
     MUXCY:CI->O           1   0.059   0.000  XLXI_20/Madd_clk_1_add0000_cy<26> (XLXI_20/Madd_clk_1_add0000_cy<26>)
     MUXCY:CI->O           1   0.059   0.000  XLXI_20/Madd_clk_1_add0000_cy<27> (XLXI_20/Madd_clk_1_add0000_cy<27>)
     MUXCY:CI->O           1   0.059   0.000  XLXI_20/Madd_clk_1_add0000_cy<28> (XLXI_20/Madd_clk_1_add0000_cy<28>)
     XORCY:CI->O           1   0.804   0.595  XLXI_20/Madd_clk_1_add0000_xor<29> (XLXI_20/clk_1_add0000<29>)
     LUT2:I0->O            1   0.704   0.000  XLXI_20/Mcompar_cnt1_cmp_gt0000_lut<10> (XLXI_20/Mcompar_cnt1_cmp_gt0000_lut<10>)
     MUXCY:S->O            1   0.464   0.000  XLXI_20/Mcompar_cnt1_cmp_gt0000_cy<10> (XLXI_20/Mcompar_cnt1_cmp_gt0000_cy<10>)
     MUXCY:CI->O          34   0.059   1.342  XLXI_20/Mcompar_cnt1_cmp_gt0000_cy<11> (XLXI_20/Mcompar_cnt1_cmp_gt0000_cy<11>)
     LUT2:I1->O            1   0.704   0.000  XLXI_20/Mcount_cnt1_lut<0> (XLXI_20/Mcount_cnt1_lut<0>)
     MUXCY:S->O            1   0.464   0.000  XLXI_20/Mcount_cnt1_cy<0> (XLXI_20/Mcount_cnt1_cy<0>)
     MUXCY:CI->O           1   0.059   0.000  XLXI_20/Mcount_cnt1_cy<1> (XLXI_20/Mcount_cnt1_cy<1>)
     MUXCY:CI->O           1   0.059   0.000  XLXI_20/Mcount_cnt1_cy<2> (XLXI_20/Mcount_cnt1_cy<2>)
     MUXCY:CI->O           1   0.059   0.000  XLXI_20/Mcount_cnt1_cy<3> (XLXI_20/Mcount_cnt1_cy<3>)
     MUXCY:CI->O           1   0.059   0.000  XLXI_20/Mcount_cnt1_cy<4> (XLXI_20/Mcount_cnt1_cy<4>)
     MUXCY:CI->O           1   0.059   0.000  XLXI_20/Mcount_cnt1_cy<5> (XLXI_20/Mcount_cnt1_cy<5>)
     MUXCY:CI->O           1   0.059   0.000  XLXI_20/Mcount_cnt1_cy<6> (XLXI_20/Mcount_cnt1_cy<6>)
     MUXCY:CI->O           1   0.059   0.000  XLXI_20/Mcount_cnt1_cy<7> (XLXI_20/Mcount_cnt1_cy<7>)
     MUXCY:CI->O           1   0.059   0.000  XLXI_20/Mcount_cnt1_cy<8> (XLXI_20/Mcount_cnt1_cy<8>)
     MUXCY:CI->O           1   0.059   0.000  XLXI_20/Mcount_cnt1_cy<9> (XLXI_20/Mcount_cnt1_cy<9>)
     MUXCY:CI->O           1   0.059   0.000  XLXI_20/Mcount_cnt1_cy<10> (XLXI_20/Mcount_cnt1_cy<10>)
     MUXCY:CI->O           1   0.059   0.000  XLXI_20/Mcount_cnt1_cy<11> (XLXI_20/Mcount_cnt1_cy<11>)
     MUXCY:CI->O           1   0.059   0.000  XLXI_20/Mcount_cnt1_cy<12> (XLXI_20/Mcount_cnt1_cy<12>)
     MUXCY:CI->O           1   0.059   0.000  XLXI_20/Mcount_cnt1_cy<13> (XLXI_20/Mcount_cnt1_cy<13>)
     MUXCY:CI->O           1   0.059   0.000  XLXI_20/Mcount_cnt1_cy<14> (XLXI_20/Mcount_cnt1_cy<14>)
     MUXCY:CI->O           1   0.059   0.000  XLXI_20/Mcount_cnt1_cy<15> (XLXI_20/Mcount_cnt1_cy<15>)
     MUXCY:CI->O           1   0.059   0.000  XLXI_20/Mcount_cnt1_cy<16> (XLXI_20/Mcount_cnt1_cy<16>)
     MUXCY:CI->O           1   0.059   0.000  XLXI_20/Mcount_cnt1_cy<17> (XLXI_20/Mcount_cnt1_cy<17>)
     MUXCY:CI->O           1   0.059   0.000  XLXI_20/Mcount_cnt1_cy<18> (XLXI_20/Mcount_cnt1_cy<18>)
     MUXCY:CI->O           1   0.059   0.000  XLXI_20/Mcount_cnt1_cy<19> (XLXI_20/Mcount_cnt1_cy<19>)
     MUXCY:CI->O           1   0.059   0.000  XLXI_20/Mcount_cnt1_cy<20> (XLXI_20/Mcount_cnt1_cy<20>)
     MUXCY:CI->O           1   0.059   0.000  XLXI_20/Mcount_cnt1_cy<21> (XLXI_20/Mcount_cnt1_cy<21>)
     MUXCY:CI->O           1   0.059   0.000  XLXI_20/Mcount_cnt1_cy<22> (XLXI_20/Mcount_cnt1_cy<22>)
     MUXCY:CI->O           1   0.059   0.000  XLXI_20/Mcount_cnt1_cy<23> (XLXI_20/Mcount_cnt1_cy<23>)
     MUXCY:CI->O           1   0.059   0.000  XLXI_20/Mcount_cnt1_cy<24> (XLXI_20/Mcount_cnt1_cy<24>)
     MUXCY:CI->O           1   0.059   0.000  XLXI_20/Mcount_cnt1_cy<25> (XLXI_20/Mcount_cnt1_cy<25>)
     MUXCY:CI->O           1   0.059   0.000  XLXI_20/Mcount_cnt1_cy<26> (XLXI_20/Mcount_cnt1_cy<26>)
     MUXCY:CI->O           1   0.059   0.000  XLXI_20/Mcount_cnt1_cy<27> (XLXI_20/Mcount_cnt1_cy<27>)
     MUXCY:CI->O           1   0.059   0.000  XLXI_20/Mcount_cnt1_cy<28> (XLXI_20/Mcount_cnt1_cy<28>)
     MUXCY:CI->O           1   0.059   0.000  XLXI_20/Mcount_cnt1_cy<29> (XLXI_20/Mcount_cnt1_cy<29>)
     MUXCY:CI->O           0   0.059   0.000  XLXI_20/Mcount_cnt1_cy<30> (XLXI_20/Mcount_cnt1_cy<30>)
     XORCY:CI->O           1   0.804   0.000  XLXI_20/Mcount_cnt1_xor<31> (XLXI_20/Mcount_cnt131)
     FDE:D                     0.308          XLXI_20/cnt1_31
    ----------------------------------------
    Total                     11.992ns (9.433ns logic, 2.559ns route)
                                       (78.7% logic, 21.3% route)

=========================================================================
Timing constraint: Default period analysis for Clock 'XLXI_36/XLXI_3/clk_1m1'
  Clock period: 11.992ns (frequency: 83.390MHz)
  Total number of paths / destination ports: 314689 / 34
-------------------------------------------------------------------------
Delay:               11.992ns (Levels of Logic = 66)
  Source:            XLXI_36/XLXI_3/cnt1k_1 (FF)
  Destination:       XLXI_36/XLXI_3/cnt1k_31 (FF)
  Source Clock:      XLXI_36/XLXI_3/clk_1m1 rising
  Destination Clock: XLXI_36/XLXI_3/clk_1m1 rising

  Data Path: XLXI_36/XLXI_3/cnt1k_1 to XLXI_36/XLXI_3/cnt1k_31
                                Gate     Net
    Cell:in->out      fanout   Delay   Delay  Logical Name (Net Name)
    ----------------------------------------  ------------
     FDE:C->Q              2   0.591   0.622  XLXI_36/XLXI_3/cnt1k_1 (XLXI_36/XLXI_3/cnt1k_1)
     LUT1:I0->O            1   0.704   0.000  XLXI_36/XLXI_3/Madd_clk_1k_add0000_cy<1>_rt (XLXI_36/XLXI_3/Madd_clk_1k_add0000_cy<1>_rt)
     MUXCY:S->O            1   0.464   0.000  XLXI_36/XLXI_3/Madd_clk_1k_add0000_cy<1> (XLXI_36/XLXI_3/Madd_clk_1k_add0000_cy<1>)
     MUXCY:CI->O           1   0.059   0.000  XLXI_36/XLXI_3/Madd_clk_1k_add0000_cy<2> (XLXI_36/XLXI_3/Madd_clk_1k_add0000_cy<2>)
     MUXCY:CI->O           1   0.059   0.000  XLXI_36/XLXI_3/Madd_clk_1k_add0000_cy<3> (XLXI_36/XLXI_3/Madd_clk_1k_add0000_cy<3>)
     MUXCY:CI->O           1   0.059   0.000  XLXI_36/XLXI_3/Madd_clk_1k_add0000_cy<4> (XLXI_36/XLXI_3/Madd_clk_1k_add0000_cy<4>)
     MUXCY:CI->O           1   0.059   0.000  XLXI_36/XLXI_3/Madd_clk_1k_add0000_cy<5> (XLXI_36/XLXI_3/Madd_clk_1k_add0000_cy<5>)
     MUXCY:CI->O           1   0.059   0.000  XLXI_36/XLXI_3/Madd_clk_1k_add0000_cy<6> (XLXI_36/XLXI_3/Madd_clk_1k_add0000_cy<6>)
     MUXCY:CI->O           1   0.059   0.000  XLXI_36/XLXI_3/Madd_clk_1k_add0000_cy<7> (XLXI_36/XLXI_3/Madd_clk_1k_add0000_cy<7>)
     MUXCY:CI->O           1   0.059   0.000  XLXI_36/XLXI_3/Madd_clk_1k_add0000_cy<8> (XLXI_36/XLXI_3/Madd_clk_1k_add0000_cy<8>)
     MUXCY:CI->O           1   0.059   0.000  XLXI_36/XLXI_3/Madd_clk_1k_add0000_cy<9> (XLXI_36/XLXI_3/Madd_clk_1k_add0000_cy<9>)
     MUXCY:CI->O           1   0.059   0.000  XLXI_36/XLXI_3/Madd_clk_1k_add0000_cy<10> (XLXI_36/XLXI_3/Madd_clk_1k_add0000_cy<10>)
     MUXCY:CI->O           1   0.059   0.000  XLXI_36/XLXI_3/Madd_clk_1k_add0000_cy<11> (XLXI_36/XLXI_3/Madd_clk_1k_add0000_cy<11>)
     MUXCY:CI->O           1   0.059   0.000  XLXI_36/XLXI_3/Madd_clk_1k_add0000_cy<12> (XLXI_36/XLXI_3/Madd_clk_1k_add0000_cy<12>)
     MUXCY:CI->O           1   0.059   0.000  XLXI_36/XLXI_3/Madd_clk_1k_add0000_cy<13> (XLXI_36/XLXI_3/Madd_clk_1k_add0000_cy<13>)
     MUXCY:CI->O           1   0.059   0.000  XLXI_36/XLXI_3/Madd_clk_1k_add0000_cy<14> (XLXI_36/XLXI_3/Madd_clk_1k_add0000_cy<14>)
     MUXCY:CI->O           1   0.059   0.000  XLXI_36/XLXI_3/Madd_clk_1k_add0000_cy<15> (XLXI_36/XLXI_3/Madd_clk_1k_add0000_cy<15>)
     MUXCY:CI->O           1   0.059   0.000  XLXI_36/XLXI_3/Madd_clk_1k_add0000_cy<16> (XLXI_36/XLXI_3/Madd_clk_1k_add0000_cy<16>)
     MUXCY:CI->O           1   0.059   0.000  XLXI_36/XLXI_3/Madd_clk_1k_add0000_cy<17> (XLXI_36/XLXI_3/Madd_clk_1k_add0000_cy<17>)
     MUXCY:CI->O           1   0.059   0.000  XLXI_36/XLXI_3/Madd_clk_1k_add0000_cy<18> (XLXI_36/XLXI_3/Madd_clk_1k_add0000_cy<18>)
     MUXCY:CI->O           1   0.059   0.000  XLXI_36/XLXI_3/Madd_clk_1k_add0000_cy<19> (XLXI_36/XLXI_3/Madd_clk_1k_add0000_cy<19>)
     MUXCY:CI->O           1   0.059   0.000  XLXI_36/XLXI_3/Madd_clk_1k_add0000_cy<20> (XLXI_36/XLXI_3/Madd_clk_1k_add0000_cy<20>)
     MUXCY:CI->O           1   0.059   0.000  XLXI_36/XLXI_3/Madd_clk_1k_add0000_cy<21> (XLXI_36/XLXI_3/Madd_clk_1k_add0000_cy<21>)
     MUXCY:CI->O           1   0.059   0.000  XLXI_36/XLXI_3/Madd_clk_1k_add0000_cy<22> (XLXI_36/XLXI_3/Madd_clk_1k_add0000_cy<22>)
     MUXCY:CI->O           1   0.059   0.000  XLXI_36/XLXI_3/Madd_clk_1k_add0000_cy<23> (XLXI_36/XLXI_3/Madd_clk_1k_add0000_cy<23>)
     MUXCY:CI->O           1   0.059   0.000  XLXI_36/XLXI_3/Madd_clk_1k_add0000_cy<24> (XLXI_36/XLXI_3/Madd_clk_1k_add0000_cy<24>)
     MUXCY:CI->O           1   0.059   0.000  XLXI_36/XLXI_3/Madd_clk_1k_add0000_cy<25> (XLXI_36/XLXI_3/Madd_clk_1k_add0000_cy<25>)
     MUXCY:CI->O           1   0.059   0.000  XLXI_36/XLXI_3/Madd_clk_1k_add0000_cy<26> (XLXI_36/XLXI_3/Madd_clk_1k_add0000_cy<26>)
     MUXCY:CI->O           1   0.059   0.000  XLXI_36/XLXI_3/Madd_clk_1k_add0000_cy<27> (XLXI_36/XLXI_3/Madd_clk_1k_add0000_cy<27>)
     MUXCY:CI->O           1   0.059   0.000  XLXI_36/XLXI_3/Madd_clk_1k_add0000_cy<28> (XLXI_36/XLXI_3/Madd_clk_1k_add0000_cy<28>)
     XORCY:CI->O           1   0.804   0.595  XLXI_36/XLXI_3/Madd_clk_1k_add0000_xor<29> (XLXI_36/XLXI_3/clk_1k_add0000<29>)
     LUT2:I0->O            1   0.704   0.000  XLXI_36/XLXI_3/Mcompar_cnt1k_cmp_gt0000_lut<10> (XLXI_36/XLXI_3/Mcompar_cnt1k_cmp_gt0000_lut<10>)
     MUXCY:S->O            1   0.464   0.000  XLXI_36/XLXI_3/Mcompar_cnt1k_cmp_gt0000_cy<10> (XLXI_36/XLXI_3/Mcompar_cnt1k_cmp_gt0000_cy<10>)
     MUXCY:CI->O          34   0.059   1.342  XLXI_36/XLXI_3/Mcompar_cnt1k_cmp_gt0000_cy<11> (XLXI_36/XLXI_3/Mcompar_cnt1k_cmp_gt0000_cy<11>)
     LUT2:I1->O            1   0.704   0.000  XLXI_36/XLXI_3/Mcount_cnt1k_lut<0> (XLXI_36/XLXI_3/Mcount_cnt1k_lut<0>)
     MUXCY:S->O            1   0.464   0.000  XLXI_36/XLXI_3/Mcount_cnt1k_cy<0> (XLXI_36/XLXI_3/Mcount_cnt1k_cy<0>)
     MUXCY:CI->O           1   0.059   0.000  XLXI_36/XLXI_3/Mcount_cnt1k_cy<1> (XLXI_36/XLXI_3/Mcount_cnt1k_cy<1>)
     MUXCY:CI->O           1   0.059   0.000  XLXI_36/XLXI_3/Mcount_cnt1k_cy<2> (XLXI_36/XLXI_3/Mcount_cnt1k_cy<2>)
     MUXCY:CI->O           1   0.059   0.000  XLXI_36/XLXI_3/Mcount_cnt1k_cy<3> (XLXI_36/XLXI_3/Mcount_cnt1k_cy<3>)
     MUXCY:CI->O           1   0.059   0.000  XLXI_36/XLXI_3/Mcount_cnt1k_cy<4> (XLXI_36/XLXI_3/Mcount_cnt1k_cy<4>)
     MUXCY:CI->O           1   0.059   0.000  XLXI_36/XLXI_3/Mcount_cnt1k_cy<5> (XLXI_36/XLXI_3/Mcount_cnt1k_cy<5>)
     MUXCY:CI->O           1   0.059   0.000  XLXI_36/XLXI_3/Mcount_cnt1k_cy<6> (XLXI_36/XLXI_3/Mcount_cnt1k_cy<6>)
     MUXCY:CI->O           1   0.059   0.000  XLXI_36/XLXI_3/Mcount_cnt1k_cy<7> (XLXI_36/XLXI_3/Mcount_cnt1k_cy<7>)
     MUXCY:CI->O           1   0.059   0.000  XLXI_36/XLXI_3/Mcount_cnt1k_cy<8> (XLXI_36/XLXI_3/Mcount_cnt1k_cy<8>)
     MUXCY:CI->O           1   0.059   0.000  XLXI_36/XLXI_3/Mcount_cnt1k_cy<9> (XLXI_36/XLXI_3/Mcount_cnt1k_cy<9>)
     MUXCY:CI->O           1   0.059   0.000  XLXI_36/XLXI_3/Mcount_cnt1k_cy<10> (XLXI_36/XLXI_3/Mcount_cnt1k_cy<10>)
     MUXCY:CI->O           1   0.059   0.000  XLXI_36/XLXI_3/Mcount_cnt1k_cy<11> (XLXI_36/XLXI_3/Mcount_cnt1k_cy<11>)
     MUXCY:CI->O           1   0.059   0.000  XLXI_36/XLXI_3/Mcount_cnt1k_cy<12> (XLXI_36/XLXI_3/Mcount_cnt1k_cy<12>)
     MUXCY:CI->O           1   0.059   0.000  XLXI_36/XLXI_3/Mcount_cnt1k_cy<13> (XLXI_36/XLXI_3/Mcount_cnt1k_cy<13>)
     MUXCY:CI->O           1   0.059   0.000  XLXI_36/XLXI_3/Mcount_cnt1k_cy<14> (XLXI_36/XLXI_3/Mcount_cnt1k_cy<14>)
     MUXCY:CI->O           1   0.059   0.000  XLXI_36/XLXI_3/Mcount_cnt1k_cy<15> (XLXI_36/XLXI_3/Mcount_cnt1k_cy<15>)
     MUXCY:CI->O           1   0.059   0.000  XLXI_36/XLXI_3/Mcount_cnt1k_cy<16> (XLXI_36/XLXI_3/Mcount_cnt1k_cy<16>)
     MUXCY:CI->O           1   0.059   0.000  XLXI_36/XLXI_3/Mcount_cnt1k_cy<17> (XLXI_36/XLXI_3/Mcount_cnt1k_cy<17>)
     MUXCY:CI->O           1   0.059   0.000  XLXI_36/XLXI_3/Mcount_cnt1k_cy<18> (XLXI_36/XLXI_3/Mcount_cnt1k_cy<18>)
     MUXCY:CI->O           1   0.059   0.000  XLXI_36/XLXI_3/Mcount_cnt1k_cy<19> (XLXI_36/XLXI_3/Mcount_cnt1k_cy<19>)
     MUXCY:CI->O           1   0.059   0.000  XLXI_36/XLXI_3/Mcount_cnt1k_cy<20> (XLXI_36/XLXI_3/Mcount_cnt1k_cy<20>)
     MUXCY:CI->O           1   0.059   0.000  XLXI_36/XLXI_3/Mcount_cnt1k_cy<21> (XLXI_36/XLXI_3/Mcount_cnt1k_cy<21>)
     MUXCY:CI->O           1   0.059   0.000  XLXI_36/XLXI_3/Mcount_cnt1k_cy<22> (XLXI_36/XLXI_3/Mcount_cnt1k_cy<22>)
     MUXCY:CI->O           1   0.059   0.000  XLXI_36/XLXI_3/Mcount_cnt1k_cy<23> (XLXI_36/XLXI_3/Mcount_cnt1k_cy<23>)
     MUXCY:CI->O           1   0.059   0.000  XLXI_36/XLXI_3/Mcount_cnt1k_cy<24> (XLXI_36/XLXI_3/Mcount_cnt1k_cy<24>)
     MUXCY:CI->O           1   0.059   0.000  XLXI_36/XLXI_3/Mcount_cnt1k_cy<25> (XLXI_36/XLXI_3/Mcount_cnt1k_cy<25>)
     MUXCY:CI->O           1   0.059   0.000  XLXI_36/XLXI_3/Mcount_cnt1k_cy<26> (XLXI_36/XLXI_3/Mcount_cnt1k_cy<26>)
     MUXCY:CI->O           1   0.059   0.000  XLXI_36/XLXI_3/Mcount_cnt1k_cy<27> (XLXI_36/XLXI_3/Mcount_cnt1k_cy<27>)
     MUXCY:CI->O           1   0.059   0.000  XLXI_36/XLXI_3/Mcount_cnt1k_cy<28> (XLXI_36/XLXI_3/Mcount_cnt1k_cy<28>)
     MUXCY:CI->O           1   0.059   0.000  XLXI_36/XLXI_3/Mcount_cnt1k_cy<29> (XLXI_36/XLXI_3/Mcount_cnt1k_cy<29>)
     MUXCY:CI->O           0   0.059   0.000  XLXI_36/XLXI_3/Mcount_cnt1k_cy<30> (XLXI_36/XLXI_3/Mcount_cnt1k_cy<30>)
     XORCY:CI->O           1   0.804   0.000  XLXI_36/XLXI_3/Mcount_cnt1k_xor<31> (XLXI_36/XLXI_3/Mcount_cnt1k31)
     FDE:D                     0.308          XLXI_36/XLXI_3/cnt1k_31
    ----------------------------------------
    Total                     11.992ns (9.433ns logic, 2.559ns route)
                                       (78.7% logic, 21.3% route)

=========================================================================
Timing constraint: Default period analysis for Clock 'XLXI_36/XLXI_3/clk_1k'
  Clock period: 2.225ns (frequency: 449.438MHz)
  Total number of paths / destination ports: 5 / 4
-------------------------------------------------------------------------
Delay:               2.225ns (Levels of Logic = 1)
  Source:            XLXI_36/XLXI_7/selx_1 (FF)
  Destination:       XLXI_36/XLXI_7/sel_0 (FF)
  Source Clock:      XLXI_36/XLXI_3/clk_1k rising
  Destination Clock: XLXI_36/XLXI_3/clk_1k rising

  Data Path: XLXI_36/XLXI_7/selx_1 to XLXI_36/XLXI_7/sel_0
                                Gate     Net
    Cell:in->out      fanout   Delay   Delay  Logical Name (Net Name)
    ----------------------------------------  ------------
     FD:C->Q               2   0.591   0.622  XLXI_36/XLXI_7/selx_1 (XLXI_36/XLXI_7/selx_1)
     LUT2:I0->O            1   0.704   0.000  XLXI_36/XLXI_7/Mrom_sel_mux0001111 (XLXI_36/XLXI_7/Mrom_sel_mux00011)
     FD:D                      0.308          XLXI_36/XLXI_7/sel_0
    ----------------------------------------
    Total                      2.225ns (1.603ns logic, 0.622ns route)
                                       (72.0% logic, 28.0% route)

=========================================================================
Timing constraint: Default period analysis for Clock 'XLXI_20/clk_1'
  Clock period: 11.286ns (frequency: 88.605MHz)
  Total number of paths / destination ports: 40 / 4
-------------------------------------------------------------------------
Delay:               11.286ns (Levels of Logic = 12)
  Source:            XLXI_1/I_Q2/I_36_35 (FF)
  Destination:       XLXI_1/I_Q3/I_36_35 (FF)
  Source Clock:      XLXI_20/clk_1 rising
  Destination Clock: XLXI_20/clk_1 rising

  Data Path: XLXI_1/I_Q2/I_36_35 to XLXI_1/I_Q3/I_36_35
                                Gate     Net
    Cell:in->out      fanout   Delay   Delay  Logical Name (Net Name)
    ----------------------------------------  ------------
     FDCE:C->Q            11   0.591   0.933  I_36_35 (Q)
     end scope: 'I_Q2'
     end scope: 'XLXI_1'
     NAND2:I0->O           1   0.704   0.420  XLXI_39 (XLXN_60)
     NAND2:I0->O           1   0.704   0.420  XLXI_45 (XLXN_59)
     NAND2:I1->O          10   0.704   0.882  XLXI_44 (Up_OBUF)
     begin scope: 'XLXI_1'
     begin scope: 'I_T3'
     AND2B1:I0->O          1   0.704   0.420  I_36_7 (M0)
     OR2:I1->O             1   0.704   0.420  I_36_8 (O)
     end scope: 'I_T3'
     begin scope: 'I_Q3'
     XOR2:I0->O            1   0.704   0.420  I_36_32 (TQ)
     begin scope: 'I_36_30'
     AND2B1:I1->O          1   0.704   0.420  I_36_7 (M0)
     OR2:I1->O             1   0.704   0.420  I_36_8 (O)
     end scope: 'I_36_30'
     FDCE:D                    0.308          I_36_35
    ----------------------------------------
    Total                     11.286ns (6.531ns logic, 4.755ns route)
                                       (57.9% logic, 42.1% route)

=========================================================================
Timing constraint: Default OFFSET IN BEFORE for Clock 'XLXI_20/clk_1'
  Total number of paths / destination ports: 12 / 8
-------------------------------------------------------------------------
Offset:              4.594ns (Levels of Logic = 5)
  Source:            Load (PAD)
  Destination:       XLXI_1/I_Q3/I_36_35 (FF)
  Destination Clock: XLXI_20/clk_1 rising

  Data Path: Load to XLXI_1/I_Q3/I_36_35
                                Gate     Net
    Cell:in->out      fanout   Delay   Delay  Logical Name (Net Name)
    ----------------------------------------  ------------
     IBUF:I->O             9   1.218   0.820  Load_IBUF (Load_IBUF)
     begin scope: 'XLXI_1'
     begin scope: 'I_Q3'
     begin scope: 'I_36_30'
     AND2B1:I0->O          1   0.704   0.420  I_36_7 (M0)
     OR2:I1->O             1   0.704   0.420  I_36_8 (O)
     end scope: 'I_36_30'
     FDCE:D                    0.308          I_36_35
    ----------------------------------------
    Total                      4.594ns (2.934ns logic, 1.660ns route)
                                       (63.9% logic, 36.1% route)

=========================================================================
Timing constraint: Default OFFSET OUT AFTER for Clock 'XLXI_20/clk_1k1'
  Total number of paths / destination ports: 1 / 1
-------------------------------------------------------------------------
Offset:              4.532ns (Levels of Logic = 1)
  Source:            XLXI_20/clk_1 (FF)
  Destination:       ClockOut (PAD)
  Source Clock:      XLXI_20/clk_1k1 rising

  Data Path: XLXI_20/clk_1 to ClockOut
                                Gate     Net
    Cell:in->out      fanout   Delay   Delay  Logical Name (Net Name)
    ----------------------------------------  ------------
     FDE:C->Q              6   0.591   0.669  XLXI_20/clk_1 (XLXI_20/clk_1)
     OBUF:I->O                 3.272          ClockOut_OBUF (ClockOut)
    ----------------------------------------
    Total                      4.532ns (3.863ns logic, 0.669ns route)
                                       (85.2% logic, 14.8% route)

=========================================================================
Timing constraint: Default OFFSET OUT AFTER for Clock 'XLXI_20/clk_1'
  Total number of paths / destination ports: 4 / 1
-------------------------------------------------------------------------
Offset:              8.630ns (Levels of Logic = 5)
  Source:            XLXI_1/I_Q2/I_36_35 (FF)
  Destination:       Up (PAD)
  Source Clock:      XLXI_20/clk_1 rising

  Data Path: XLXI_1/I_Q2/I_36_35 to Up
                                Gate     Net
    Cell:in->out      fanout   Delay   Delay  Logical Name (Net Name)
    ----------------------------------------  ------------
     FDCE:C->Q            11   0.591   0.933  I_36_35 (Q)
     end scope: 'I_Q2'
     end scope: 'XLXI_1'
     NAND2:I0->O           1   0.704   0.420  XLXI_39 (XLXN_60)
     NAND2:I0->O           1   0.704   0.420  XLXI_45 (XLXN_59)
     NAND2:I1->O          10   0.704   0.882  XLXI_44 (Up_OBUF)
     OBUF:I->O                 3.272          Up_OBUF (Up)
    ----------------------------------------
    Total                      8.630ns (5.975ns logic, 2.655ns route)
                                       (69.2% logic, 30.8% route)

=========================================================================
Timing constraint: Default OFFSET OUT AFTER for Clock 'XLXI_36/XLXI_3/clk_1k'
  Total number of paths / destination ports: 99 / 11
-------------------------------------------------------------------------
Offset:              7.569ns (Levels of Logic = 3)
  Source:            XLXI_36/XLXI_7/sel_0 (FF)
  Destination:       sseg<6> (PAD)
  Source Clock:      XLXI_36/XLXI_3/clk_1k rising

  Data Path: XLXI_36/XLXI_7/sel_0 to sseg<6>
                                Gate     Net
    Cell:in->out      fanout   Delay   Delay  Logical Name (Net Name)
    ----------------------------------------  ------------
     FD:C->Q               9   0.591   0.995  XLXI_36/XLXI_7/sel_0 (XLXI_36/XLXI_7/sel_0)
     LUT4:I0->O            7   0.704   0.883  XLXI_36/XLXI_15/hexO<0>1 (XLXI_36/XLXN_13<0>)
     LUT4:I0->O            1   0.704   0.420  XLXI_36/XLXI_16/Mrom_hexD_rom000031 (sseg_3_OBUF)
     OBUF:I->O                 3.272          sseg_3_OBUF (sseg<3>)
    ----------------------------------------
    Total                      7.569ns (5.271ns logic, 2.298ns route)
                                       (69.6% logic, 30.4% route)

=========================================================================


Total REAL time to Xst completion: 7.00 secs
Total CPU time to Xst completion: 7.91 secs
 
--> 

Total memory usage is 361388 kilobytes

Number of errors   :    0 (   0 filtered)
Number of warnings :  124 (   0 filtered)
Number of infos    :    7 (   0 filtered)

