--------------------------------------------------------------------------------
Release 14.7 Trace  (nt64)
Copyright (c) 1995-2013 Xilinx, Inc.  All rights reserved.

C:\Xilinx\14.7\ISE_DS\ISE\bin\nt64\unwrapped\trce.exe -intstyle ise -v 3 -s 4
-n 3 -fastpaths -xml lab9_experiment2.twx lab9_experiment2.ncd -o
lab9_experiment2.twr lab9_experiment2.pcf -ucf lab9_experiment2.ucf

Design file:              lab9_experiment2.ncd
Physical constraint file: lab9_experiment2.pcf
Device,package,speed:     xc3s100e,cp132,-4 (PRODUCTION 1.27 2013-10-13)
Report level:             verbose report

Environment Variable      Effect 
--------------------      ------ 
NONE                      No environment variables were set
--------------------------------------------------------------------------------

INFO:Timing:2698 - No timing constraints found, doing default enumeration.
INFO:Timing:3412 - To improve timing, see the Timing Closure User Guide (UG612).
INFO:Timing:2752 - To get complete path coverage, use the unconstrained paths 
   option. All paths that are not constrained will be reported in the 
   unconstrained paths section(s) of the report.
INFO:Timing:3339 - The clock-to-out numbers in this timing report are based on 
   a 50 Ohm transmission line loading model.  For the details of this model, 
   and for more information on accounting for different loading conditions, 
   please see the device datasheet.
INFO:Timing:3390 - This architecture does not support a default System Jitter 
   value, please add SYSTEM_JITTER constraint to the UCF to modify the Clock 
   Uncertainty calculation.
INFO:Timing:3389 - This architecture does not support 'Discrete Jitter' and 
   'Phase Error' calculations, these terms will be zero in the Clock 
   Uncertainty calculation.  Please make appropriate modification to 
   SYSTEM_JITTER to account for the unsupported Discrete Jitter and Phase 
   Error.



Data Sheet report:
-----------------
All values displayed in nanoseconds (ns)

Clock Clos to Pad
------------+------------+------------------+--------+
            | clk (edge) |                  | Clock  |
Destination |   to PAD   |Internal Clock(s) | Phase  |
------------+------------+------------------+--------+
Closed      |   13.815(R)|XLXN_106          |   0.000|
            |   14.405(R)|XLXN_203          |   0.000|
Closing     |   13.345(R)|XLXN_106          |   0.000|
            |   13.995(R)|XLXN_203          |   0.000|
OpOut       |   12.969(R)|XLXN_106          |   0.000|
            |   14.854(R)|XLXN_203          |   0.000|
Opening     |   12.408(R)|XLXN_106          |   0.000|
            |   14.266(R)|XLXN_203          |   0.000|
------------+------------+------------------+--------+

Clock Op to Pad
------------+------------+------------------+--------+
            | clk (edge) |                  | Clock  |
Destination |   to PAD   |Internal Clock(s) | Phase  |
------------+------------+------------------+--------+
Closed      |   13.930(R)|XLXN_106          |   0.000|
            |   13.994(R)|XLXN_203          |   0.000|
Closing     |   13.460(R)|XLXN_106          |   0.000|
            |   13.584(R)|XLXN_203          |   0.000|
OpOut       |   13.084(R)|XLXN_106          |   0.000|
            |   14.443(R)|XLXN_203          |   0.000|
Opening     |   12.523(R)|XLXN_106          |   0.000|
            |   13.855(R)|XLXN_203          |   0.000|
------------+------------+------------------+--------+

Clock Photo to Pad
------------+------------+------------------+--------+
            | clk (edge) |                  | Clock  |
Destination |   to PAD   |Internal Clock(s) | Phase  |
------------+------------+------------------+--------+
Closed      |   14.672(R)|XLXN_203          |   0.000|
Closing     |   14.262(R)|XLXN_203          |   0.000|
OpOut       |   15.121(R)|XLXN_203          |   0.000|
Opening     |   14.533(R)|XLXN_203          |   0.000|
------------+------------+------------------+--------+

Clock to Setup on destination clock CLKIn
---------------+---------+---------+---------+---------+
               | Src:Rise| Src:Fall| Src:Rise| Src:Fall|
Source Clock   |Dest:Rise|Dest:Rise|Dest:Fall|Dest:Fall|
---------------+---------+---------+---------+---------+
CLKIn          |   12.294|         |         |         |
---------------+---------+---------+---------+---------+

Clock to Setup on destination clock Clos
---------------+---------+---------+---------+---------+
               | Src:Rise| Src:Fall| Src:Rise| Src:Fall|
Source Clock   |Dest:Rise|Dest:Rise|Dest:Fall|Dest:Fall|
---------------+---------+---------+---------+---------+
Clos           |    1.555|         |         |         |
Op             |    1.555|         |         |         |
Photo          |    1.555|         |         |         |
---------------+---------+---------+---------+---------+

Clock to Setup on destination clock Op
---------------+---------+---------+---------+---------+
               | Src:Rise| Src:Fall| Src:Rise| Src:Fall|
Source Clock   |Dest:Rise|Dest:Rise|Dest:Fall|Dest:Fall|
---------------+---------+---------+---------+---------+
Clos           |    1.555|         |         |         |
Op             |    1.555|         |         |         |
Photo          |    1.555|         |         |         |
---------------+---------+---------+---------+---------+

Clock to Setup on destination clock Photo
---------------+---------+---------+---------+---------+
               | Src:Rise| Src:Fall| Src:Rise| Src:Fall|
Source Clock   |Dest:Rise|Dest:Rise|Dest:Fall|Dest:Fall|
---------------+---------+---------+---------+---------+
Clos           |    1.555|         |         |         |
Op             |    1.555|         |         |         |
Photo          |    1.555|         |         |         |
---------------+---------+---------+---------+---------+


Analysis completed Thu Apr 12 10:43:25 2018 
--------------------------------------------------------------------------------

Trace Settings:
-------------------------
Trace Settings 

Peak Memory Usage: 207 MB



